[01/14/18, 22:59:29:200] info: ╔═════════════════════════════════════════════════════════════════════════════════╗
[01/14/18, 22:59:29:201] info: ║      Slack 3.0.2, linux 4.13.0-26-generic on x64 at 01/14/18, 22:59:29:196      ║
[01/14/18, 22:59:29:201] info: ╚═════════════════════════════════════════════════════════════════════════════════╝
[01/14/18, 22:59:29:434] info: Initializing local storage instance at path: /home/ryan/.config/Slack/local-settings.json
[01/14/18, 22:59:29:828] info: Store: UPSERT_WEB_CONTENTS
{
  "id": 3,
  "state": "loaded",
  "teamId": "T2616ES0G"
}
[01/14/18, 22:59:29:834] info: Store: UPSERT_WEB_CONTENTS
{
  "id": 3,
  "state": "empty-page",
  "teamId": "T2616ES0G"
}
[01/14/18, 22:59:29:834] info: Store: SET_NETWORK_STATUS offline
[01/14/18, 22:59:31:711] info: Store: RELOAD
{
  "everything": false
}
[01/14/18, 22:59:31:726] info: Store: UPDATE_SESSION_STATUS
{
  "hasValidSession": true,
  "teamId": "T2616ES0G"
}
