[01/12/18, 11:10:58:433] info: ╔═════════════════════════════════════════════════════════════════════════════════╗
[01/12/18, 11:10:58:434] info: ║      Slack 3.0.2, linux 4.13.0-26-generic on x64 at 01/12/18, 11:10:58:431      ║
[01/12/18, 11:10:58:434] info: ╚═════════════════════════════════════════════════════════════════════════════════╝
[01/12/18, 11:10:58:525] info: Initializing local storage instance at path: /home/ryan/.config/Slack/local-settings.json
[01/12/18, 11:10:58:810] info: updateSuspendResume: true
[01/12/18, 11:10:58:811] warn: updateSpellcheckerLanguage: Tried to update language, but spellchecker not initialized
[01/12/18, 11:11:02:289] info: Store: UPSERT_WEB_CONTENTS
{
  "id": 3,
  "state": "loaded",
  "teamId": "T2616ES0G"
}
[01/12/18, 11:11:02:292] info: Store: MAIN_WINDOW_SHOWN
[01/12/18, 11:11:02:451] info: Store: UPDATE_SESSION_STATUS
{
  "hasValidSession": true,
  "teamId": "T2616ES0G"
}
[01/12/18, 11:11:02:461] error: 2018/1/12 11:11:02.461 logging error: {"subtype":"api_call_error","message":"{\"ok\":false,\"error\":\"not_allowed\"}","stack":"Error\n    at Object.n [as logError] (https://a.slack-edge.com/bv1-1/rollup-core_required_ts.752ea57ab627114c2025.min.js:1:62496)\n    at e (https://a.slack-edge.com/bv1-1/rollup-secondary_a_required.0c6a1f876a0f121ffa2f.min.js:1:135638)\n    at e (https://a.slack-edge.com/bv1-1/rollup-secondary_a_required.0c6a1f876a0f121ffa2f.min.js:1:130837)\n    at e (https://a.slack-edge.com/bv1-1/rollup-secondary_a_required.0c6a1f876a0f121ffa2f.min.js:1:132432)\n    at XMLHttpRequest.m.onreadystatechange (https://a.slack-edge.com/bv1-1/rollup-secondary_a_required.0c6a1f876a0f121ffa2f.min.js:1:134130)"}
[01/12/18, 11:11:02:463] info: Store: SELECT_CHANNEL C6PGP4A1H
[01/12/18, 11:11:02:464] info: Store: UPDATE_TEAM_LOCALE
{
  "locale": "en-US"
}
[01/12/18, 11:11:02:464] info: Store: UPDATE_SETTINGS
{
  "locale": "en-US"
}
[01/12/18, 11:11:02:465] info: Store: SAVE_WINDOW_SETTINGS
{
  "isMaximized": false,
  "position": [
    961,
    1
  ],
  "size": [
    958,
    1059
  ]
}
[01/12/18, 11:11:02:657] info: Store: UPDATE_TEAM_THEME
{
  "teamId": "T2616ES0G",
  "theme": {
    "active_item": "#4C9689",
    "active_item_text": "#FFFFFF",
    "active_presence": "#38978D",
    "badge": "#EB4D5C",
    "column_bg": "#4D394B",
    "hover_item": "#3E313C",
    "menu_bg": "#3E313C",
    "text_color": "#FFFFFF"
  }
}
[01/12/18, 11:11:03:276] info: Store: UPDATE_TEAM_ICONS
{
  "icons": {
    "image_102": "https://slack-files2.s3-us-west-2.amazonaws.com/avatars/2017-01-25/132842497927_0dbc3c6e7e03990332f5_102.png",
    "image_132": "https://slack-files2.s3-us-west-2.amazonaws.com/avatars/2017-01-25/132842497927_0dbc3c6e7e03990332f5_132.png",
    "image_230": "https://slack-files2.s3-us-west-2.amazonaws.com/avatars/2017-01-25/132842497927_0dbc3c6e7e03990332f5_230.png",
    "image_34": "https://slack-files2.s3-us-west-2.amazonaws.com/avatars/2017-01-25/132842497927_0dbc3c6e7e03990332f5_34.png",
    "image_44": "https://slack-files2.s3-us-west-2.amazonaws.com/avatars/2017-01-25/132842497927_0dbc3c6e7e03990332f5_44.png",
    "image_68": "https://slack-files2.s3-us-west-2.amazonaws.com/avatars/2017-01-25/132842497927_0dbc3c6e7e03990332f5_68.png",
    "image_88": "https://slack-files2.s3-us-west-2.amazonaws.com/avatars/2017-01-25/132842497927_0dbc3c6e7e03990332f5_88.png",
    "image_original": "https://slack-files2.s3-us-west-2.amazonaws.com/avatars/2017-01-25/132842497927_0dbc3c6e7e03990332f5_original.png"
  },
  "teamId": "T2616ES0G"
}
[01/12/18, 11:11:03:285] info: Store: UPDATE_TEAM_LOCALE
{
  "locale": "en-US",
  "teamId": "T2616ES0G"
}
[01/12/18, 11:11:03:286] info: Store: UPSERT_WEB_CONTENTS
{
  "id": 3,
  "state": "webapp-loaded",
  "teamId": "T2616ES0G"
}
[01/12/18, 11:11:03:402] info: Store: SAVE_WINDOW_SETTINGS
{
  "isMaximized": false,
  "position": [
    1,
    18
  ],
  "size": [
    1918,
    1042
  ]
}
[01/12/18, 11:11:03:967] info: Raw Locale list: ["C","C.UTF-8","en_AG","en_AG.utf8","en_AU.utf8","en_BW.utf8","en_CA.utf8","en_DK.utf8","en_GB.utf8","en_HK.utf8","en_IE.utf8","en_IN","en_IN.utf8","en_NG","en_NG.utf8","en_NZ.utf8","en_PH.utf8","en_SG.utf8","en_US.utf8","en_ZA.utf8","en_ZM","en_ZM.utf8","en_ZW.utf8","POSIX",""]
[01/12/18, 11:11:03:968] info: Filtered Locale list: ["en_AG","en_AG","en_AU","en_BW","en_CA","en_DK","en_GB","en_HK","en_IE","en_IN","en_IN","en_NG","en_NG","en_NZ","en_PH","en_SG","en_US","en_ZA","en_ZM","en_ZM","en_ZW"]
[01/12/18, 11:11:03:968] info: Counts: {"en":["en_AG","en_AG","en_AU","en_BW","en_CA","en_DK","en_GB","en_HK","en_IE","en_IN","en_IN","en_NG","en_NG","en_NZ","en_PH","en_SG","en_US","en_ZA","en_ZM","en_ZM","en_ZW"]}
[01/12/18, 11:11:03:968] info: Result: {"en":"en-CA"}
[01/12/18, 11:11:03:970] info: Requesting to load en-CA, alternatives are ["en-CA","en-CA","en-US"]
[01/12/18, 11:11:03:971] info: Loading dictionary for language en-CA
[01/12/18, 11:11:03:971] info: Returning local copy: /home/ryan/.config/Slack/dictionaries/en-CA.bdic
[01/12/18, 11:11:03:977] info: Setting current spellchecker to en-CA, requested language was en-CA
[01/12/18, 11:11:03:977] info: Creating node-spellchecker instance
[01/12/18, 11:11:03:978] info: Actually installing spell check provider to Electron
[01/12/18, 11:14:00:334] info: Unloading spellchecker
[01/12/18, 11:14:03:741] info: Restoring spellchecker
[01/12/18, 11:14:03:742] info: Loading dictionary for language en-CA
[01/12/18, 11:14:03:742] info: Returning local copy: /home/ryan/.config/Slack/dictionaries/en-CA.bdic
[01/12/18, 11:14:03:748] info: Unloading spellchecker
[01/12/18, 11:14:03:761] info: Restoring spellchecker
[01/12/18, 11:14:03:761] info: Loading dictionary for language en-CA
[01/12/18, 11:14:03:761] info: Returning local copy: /home/ryan/.config/Slack/dictionaries/en-CA.bdic
[01/12/18, 11:14:03:784] info: Setting current spellchecker to en-CA, requested language was en-CA
[01/12/18, 11:14:03:784] info: Creating node-spellchecker instance
[01/12/18, 11:14:03:786] info: Setting current spellchecker to en-CA, requested language was en-CA
[01/12/18, 11:14:04:742] info: Store: SAVE_WINDOW_SETTINGS
{
  "isMaximized": false,
  "position": [
    1,
    18
  ],
  "size": [
    1918,
    1042
  ]
}
[01/12/18, 11:14:04:815] info: Unloading spellchecker
[01/12/18, 11:14:27:587] info: Restoring spellchecker
[01/12/18, 11:14:27:588] info: Loading dictionary for language en-CA
[01/12/18, 11:14:27:588] info: Returning local copy: /home/ryan/.config/Slack/dictionaries/en-CA.bdic
[01/12/18, 11:14:27:593] info: Unloading spellchecker
[01/12/18, 11:14:27:604] info: Restoring spellchecker
[01/12/18, 11:14:27:605] info: Loading dictionary for language en-CA
[01/12/18, 11:14:27:605] info: Returning local copy: /home/ryan/.config/Slack/dictionaries/en-CA.bdic
[01/12/18, 11:14:27:639] info: Setting current spellchecker to en-CA, requested language was en-CA
[01/12/18, 11:14:27:639] info: Creating node-spellchecker instance
[01/12/18, 11:14:27:640] info: Setting current spellchecker to en-CA, requested language was en-CA
[01/12/18, 11:14:28:423] info: Unloading spellchecker
[01/12/18, 11:14:28:590] info: Store: SAVE_WINDOW_SETTINGS
{
  "isMaximized": false,
  "position": [
    1,
    18
  ],
  "size": [
    1918,
    1042
  ]
}
[01/12/18, 11:20:51:274] info: Restoring spellchecker
[01/12/18, 11:20:51:276] info: Loading dictionary for language en-CA
[01/12/18, 11:20:51:277] info: Returning local copy: /home/ryan/.config/Slack/dictionaries/en-CA.bdic
[01/12/18, 11:20:51:314] info: Setting current spellchecker to en-CA, requested language was en-CA
[01/12/18, 11:20:51:314] info: Creating node-spellchecker instance
[01/12/18, 11:20:57:149] info: Store: SELECT_CHANNEL C2B5LM1KN
[01/12/18, 11:20:59:435] info: Loading dictionary for language en-CA
[01/12/18, 11:20:59:435] info: Returning local copy: /home/ryan/.config/Slack/dictionaries/en-CA.bdic
[01/12/18, 11:20:59:438] info: Setting current spellchecker to en-CA, requested language was en-CA
[01/12/18, 11:35:49:502] warn: Unable to read quiet hours setting: windows-quiet-hours works only on Windows
[01/12/18, 11:35:49:502] warn: Unable to read quiet hours setting: windows-quiet-hours works only on Windows
[01/12/18, 11:35:49:516] info: Store: NEW_NOTIFICATION
{
  "avatarImage": "https://ca.slack-edge.com/T2616ES0G-U26D458G4-g953702da2b6-512",
  "channel": "C262NGW94",
  "content": "[REDACTED]",
  "id": "kRwmUnh9LPkKl8p",
  "imageUri": null,
  "launchUri": "slack://channel?id=C262NGW94&message=1515774949.000143&team=T2616ES0G",
  "msg": "1515774949.000143",
  "silent": true,
  "subtitle": "",
  "teamId": "T2616ES0G",
  "title": "[REDACTED]"
}
[01/12/18, 12:31:11:600] warn: Unable to read quiet hours setting: windows-quiet-hours works only on Windows
[01/12/18, 12:31:11:600] warn: Unable to read quiet hours setting: windows-quiet-hours works only on Windows
[01/12/18, 12:31:11:605] info: Store: NEW_NOTIFICATION
{
  "avatarImage": "https://ca.slack-edge.com/T2616ES0G-U262Q0J1E-36c811420ac1-512",
  "channel": "C262NGW94",
  "content": "[REDACTED]",
  "id": "jRvlUYi7vXxo47y",
  "imageUri": null,
  "launchUri": "slack://channel?id=C262NGW94&message=1515778271.000138&team=T2616ES0G",
  "msg": "1515778271.000138",
  "silent": true,
  "subtitle": "",
  "teamId": "T2616ES0G",
  "title": "[REDACTED]"
}
[01/12/18, 13:23:51:252] info: Unloading spellchecker
[01/12/18, 13:32:44:407] info: Restoring spellchecker
[01/12/18, 13:32:44:408] info: Loading dictionary for language en-CA
[01/12/18, 13:32:44:409] info: Returning local copy: /home/ryan/.config/Slack/dictionaries/en-CA.bdic
[01/12/18, 13:32:44:415] info: Unloading spellchecker
[01/12/18, 13:32:44:430] info: Restoring spellchecker
[01/12/18, 13:32:44:431] info: Loading dictionary for language en-CA
[01/12/18, 13:32:44:431] info: Returning local copy: /home/ryan/.config/Slack/dictionaries/en-CA.bdic
[01/12/18, 13:32:44:453] info: Setting current spellchecker to en-CA, requested language was en-CA
[01/12/18, 13:32:44:454] info: Creating node-spellchecker instance
[01/12/18, 13:32:44:455] info: Setting current spellchecker to en-CA, requested language was en-CA
[01/12/18, 13:32:45:390] info: Store: SAVE_WINDOW_SETTINGS
{
  "isMaximized": false,
  "position": [
    1,
    18
  ],
  "size": [
    1918,
    1042
  ]
}
[01/12/18, 13:33:08:470] info: Store: SELECT_CHANNEL C262NGW94
[01/12/18, 13:33:08:863] info: Loading dictionary for language en-CA
[01/12/18, 13:33:08:864] info: Returning local copy: /home/ryan/.config/Slack/dictionaries/en-CA.bdic
[01/12/18, 13:33:08:867] info: Setting current spellchecker to en-CA, requested language was en-CA
[01/12/18, 13:33:11:049] info: Store: SELECT_CHANNEL C6PGP4A1H
[01/12/18, 13:33:11:083] info: Loading dictionary for language en-CA
[01/12/18, 13:33:11:083] info: Returning local copy: /home/ryan/.config/Slack/dictionaries/en-CA.bdic
[01/12/18, 13:33:11:113] info: Setting current spellchecker to en-CA, requested language was en-CA
[01/12/18, 13:33:15:006] info: Store: SELECT_CHANNEL C5K0V0MS5
[01/12/18, 13:33:15:037] info: Loading dictionary for language en-CA
[01/12/18, 13:33:15:037] info: Returning local copy: /home/ryan/.config/Slack/dictionaries/en-CA.bdic
[01/12/18, 13:33:15:046] info: Setting current spellchecker to en-CA, requested language was en-CA
[01/12/18, 13:33:17:898] info: Store: SELECT_CHANNEL C44EZRM7C
[01/12/18, 13:33:17:928] info: Loading dictionary for language en-CA
[01/12/18, 13:33:17:928] info: Returning local copy: /home/ryan/.config/Slack/dictionaries/en-CA.bdic
[01/12/18, 13:33:17:952] info: Setting current spellchecker to en-CA, requested language was en-CA
[01/12/18, 13:33:29:298] info: Store: SELECT_CHANNEL C5BB1LT4J
[01/12/18, 13:33:29:845] info: Loading dictionary for language en-CA
[01/12/18, 13:33:29:845] info: Returning local copy: /home/ryan/.config/Slack/dictionaries/en-CA.bdic
[01/12/18, 13:33:29:860] info: Setting current spellchecker to en-CA, requested language was en-CA
[01/12/18, 13:33:31:359] info: Store: SELECT_CHANNEL C72NXARUL
[01/12/18, 13:33:31:381] info: Loading dictionary for language en-CA
[01/12/18, 13:33:31:381] info: Returning local copy: /home/ryan/.config/Slack/dictionaries/en-CA.bdic
[01/12/18, 13:33:31:383] info: Setting current spellchecker to en-CA, requested language was en-CA
[01/12/18, 13:33:36:795] info: Store: SELECT_CHANNEL C2THZDE65
[01/12/18, 13:33:37:174] info: Loading dictionary for language en-CA
[01/12/18, 13:33:37:174] info: Returning local copy: /home/ryan/.config/Slack/dictionaries/en-CA.bdic
[01/12/18, 13:33:37:175] info: Setting current spellchecker to en-CA, requested language was en-CA
[01/12/18, 13:33:46:728] info: Unloading spellchecker
[01/12/18, 13:33:48:530] info: Restoring spellchecker
[01/12/18, 13:33:48:532] info: Loading dictionary for language en-CA
[01/12/18, 13:33:48:533] info: Returning local copy: /home/ryan/.config/Slack/dictionaries/en-CA.bdic
[01/12/18, 13:33:48:563] info: Setting current spellchecker to en-CA, requested language was en-CA
[01/12/18, 13:33:48:564] info: Creating node-spellchecker instance
[01/12/18, 13:33:49:561] info: Unloading spellchecker
[01/12/18, 13:34:04:780] info: Restoring spellchecker
[01/12/18, 13:34:04:781] info: Loading dictionary for language en-CA
[01/12/18, 13:34:04:781] info: Returning local copy: /home/ryan/.config/Slack/dictionaries/en-CA.bdic
[01/12/18, 13:34:04:796] info: Setting current spellchecker to en-CA, requested language was en-CA
[01/12/18, 13:34:04:796] info: Creating node-spellchecker instance
[01/12/18, 13:34:07:633] info: Store: SELECT_CHANNEL C5BB1LT4J
[01/12/18, 13:34:07:976] info: Loading dictionary for language en-CA
[01/12/18, 13:34:07:976] info: Returning local copy: /home/ryan/.config/Slack/dictionaries/en-CA.bdic
[01/12/18, 13:34:07:977] info: Setting current spellchecker to en-CA, requested language was en-CA
[01/12/18, 13:34:08:630] info: Store: SELECT_CHANNEL C72NXARUL
[01/12/18, 13:34:08:661] info: Loading dictionary for language en-CA
[01/12/18, 13:34:08:661] info: Returning local copy: /home/ryan/.config/Slack/dictionaries/en-CA.bdic
[01/12/18, 13:34:08:665] info: Setting current spellchecker to en-CA, requested language was en-CA
[01/12/18, 13:34:18:766] info: Unloading spellchecker
[01/12/18, 13:34:44:406] info: Restoring spellchecker
[01/12/18, 13:34:44:409] info: Loading dictionary for language en-CA
[01/12/18, 13:34:44:410] info: Returning local copy: /home/ryan/.config/Slack/dictionaries/en-CA.bdic
[01/12/18, 13:34:44:439] info: Setting current spellchecker to en-CA, requested language was en-CA
[01/12/18, 13:34:44:439] info: Creating node-spellchecker instance
[01/12/18, 13:34:58:247] info: Unloading spellchecker
[01/12/18, 13:35:02:801] info: Restoring spellchecker
[01/12/18, 13:35:02:803] info: Loading dictionary for language en-CA
[01/12/18, 13:35:02:804] info: Returning local copy: /home/ryan/.config/Slack/dictionaries/en-CA.bdic
[01/12/18, 13:35:02:836] info: Setting current spellchecker to en-CA, requested language was en-CA
[01/12/18, 13:35:02:836] info: Creating node-spellchecker instance
[01/12/18, 13:35:18:943] info: Unloading spellchecker
[01/12/18, 13:35:31:097] info: Restoring spellchecker
[01/12/18, 13:35:31:099] info: Loading dictionary for language en-CA
[01/12/18, 13:35:31:100] info: Returning local copy: /home/ryan/.config/Slack/dictionaries/en-CA.bdic
[01/12/18, 13:35:31:130] info: Setting current spellchecker to en-CA, requested language was en-CA
[01/12/18, 13:35:31:131] info: Creating node-spellchecker instance
[01/12/18, 13:35:49:826] info: Store: SELECT_CHANNEL C2B5LM1KN
[01/12/18, 13:35:50:133] info: Loading dictionary for language en-CA
[01/12/18, 13:35:50:134] info: Returning local copy: /home/ryan/.config/Slack/dictionaries/en-CA.bdic
[01/12/18, 13:35:50:134] info: Setting current spellchecker to en-CA, requested language was en-CA
[01/12/18, 13:35:50:697] info: Unloading spellchecker
[01/12/18, 13:37:59:901] info: Restoring spellchecker
[01/12/18, 13:37:59:901] info: Loading dictionary for language en-CA
[01/12/18, 13:37:59:902] info: Returning local copy: /home/ryan/.config/Slack/dictionaries/en-CA.bdic
[01/12/18, 13:37:59:915] info: Setting current spellchecker to en-CA, requested language was en-CA
[01/12/18, 13:37:59:916] info: Creating node-spellchecker instance
[01/12/18, 13:38:00:663] info: Unloading spellchecker
[01/12/18, 13:38:01:890] info: Restoring spellchecker
[01/12/18, 13:38:01:891] info: Loading dictionary for language en-CA
[01/12/18, 13:38:01:892] info: Returning local copy: /home/ryan/.config/Slack/dictionaries/en-CA.bdic
[01/12/18, 13:38:01:925] info: Setting current spellchecker to en-CA, requested language was en-CA
[01/12/18, 13:38:01:926] info: Creating node-spellchecker instance
[01/12/18, 13:38:05:300] info: Store: SELECT_CHANNEL C2THZDE65
[01/12/18, 13:38:05:611] info: Loading dictionary for language en-CA
[01/12/18, 13:38:05:611] info: Returning local copy: /home/ryan/.config/Slack/dictionaries/en-CA.bdic
[01/12/18, 13:38:05:612] info: Setting current spellchecker to en-CA, requested language was en-CA
[01/12/18, 13:38:11:590] info: Unloading spellchecker
[01/12/18, 13:38:26:578] info: Restoring spellchecker
[01/12/18, 13:38:26:580] info: Loading dictionary for language en-CA
[01/12/18, 13:38:26:581] info: Returning local copy: /home/ryan/.config/Slack/dictionaries/en-CA.bdic
[01/12/18, 13:38:26:612] info: Setting current spellchecker to en-CA, requested language was en-CA
[01/12/18, 13:38:26:612] info: Creating node-spellchecker instance
[01/12/18, 13:38:26:911] info: Unloading spellchecker
[01/12/18, 13:44:57:444] info: Restoring spellchecker
[01/12/18, 13:44:57:445] info: Loading dictionary for language en-CA
[01/12/18, 13:44:57:446] info: Returning local copy: /home/ryan/.config/Slack/dictionaries/en-CA.bdic
[01/12/18, 13:44:57:453] info: Unloading spellchecker
[01/12/18, 13:44:57:465] info: Restoring spellchecker
[01/12/18, 13:44:57:466] info: Loading dictionary for language en-CA
[01/12/18, 13:44:57:466] info: Returning local copy: /home/ryan/.config/Slack/dictionaries/en-CA.bdic
[01/12/18, 13:44:57:483] info: Setting current spellchecker to en-CA, requested language was en-CA
[01/12/18, 13:44:57:483] info: Creating node-spellchecker instance
[01/12/18, 13:44:57:484] info: Setting current spellchecker to en-CA, requested language was en-CA
[01/12/18, 13:44:58:431] info: Store: SAVE_WINDOW_SETTINGS
{
  "isMaximized": false,
  "position": [
    1,
    18
  ],
  "size": [
    1918,
    1042
  ]
}
[01/12/18, 13:44:58:562] info: Unloading spellchecker
[01/12/18, 15:03:15:782] warn: Unable to read quiet hours setting: windows-quiet-hours works only on Windows
[01/12/18, 15:03:15:782] warn: Unable to read quiet hours setting: windows-quiet-hours works only on Windows
[01/12/18, 15:03:15:787] info: Store: NEW_NOTIFICATION
{
  "avatarImage": "https://ca.slack-edge.com/T2616ES0G-U2A237612-g533c532871d-512",
  "channel": "C2B5LM1KN",
  "content": "[REDACTED]",
  "id": "31j5U7sDkBjz717",
  "imageUri": null,
  "launchUri": "slack://channel?id=C2B5LM1KN&message=1515787394.000324&team=T2616ES0G",
  "msg": "1515787394.000324",
  "silent": true,
  "subtitle": "",
  "teamId": "T2616ES0G",
  "title": "[REDACTED]"
}
[01/12/18, 15:23:31:777] info: Restoring spellchecker
[01/12/18, 15:23:31:778] info: Loading dictionary for language en-CA
[01/12/18, 15:23:31:779] info: Returning local copy: /home/ryan/.config/Slack/dictionaries/en-CA.bdic
[01/12/18, 15:23:31:786] info: Unloading spellchecker
[01/12/18, 15:23:31:795] info: Restoring spellchecker
[01/12/18, 15:23:31:796] info: Loading dictionary for language en-CA
[01/12/18, 15:23:31:796] info: Returning local copy: /home/ryan/.config/Slack/dictionaries/en-CA.bdic
[01/12/18, 15:23:31:821] info: Setting current spellchecker to en-CA, requested language was en-CA
[01/12/18, 15:23:31:821] info: Creating node-spellchecker instance
[01/12/18, 15:23:31:823] info: Setting current spellchecker to en-CA, requested language was en-CA
[01/12/18, 15:23:32:763] info: Store: SAVE_WINDOW_SETTINGS
{
  "isMaximized": false,
  "position": [
    1,
    18
  ],
  "size": [
    1918,
    1042
  ]
}
[01/12/18, 15:23:35:352] info: Store: SELECT_CHANNEL C2B5LM1KN
[01/12/18, 15:23:35:675] info: Loading dictionary for language en-CA
[01/12/18, 15:23:35:675] info: Returning local copy: /home/ryan/.config/Slack/dictionaries/en-CA.bdic
[01/12/18, 15:23:35:676] info: Setting current spellchecker to en-CA, requested language was en-CA
[01/12/18, 15:23:43:995] info: Unloading spellchecker
[01/14/18, 20:01:05:612] info: Restoring spellchecker
[01/14/18, 20:01:05:612] info: Loading dictionary for language en-CA
[01/14/18, 20:01:05:612] info: Returning local copy: /home/ryan/.config/Slack/dictionaries/en-CA.bdic
[01/14/18, 20:01:05:615] info: Unloading spellchecker
[01/14/18, 20:01:05:630] info: Restoring spellchecker
[01/14/18, 20:01:05:631] info: Loading dictionary for language en-CA
[01/14/18, 20:01:05:631] info: Returning local copy: /home/ryan/.config/Slack/dictionaries/en-CA.bdic
[01/14/18, 20:01:05:674] info: Setting current spellchecker to en-CA, requested language was en-CA
[01/14/18, 20:01:05:674] info: Creating node-spellchecker instance
[01/14/18, 20:01:05:675] info: Setting current spellchecker to en-CA, requested language was en-CA
[01/14/18, 20:01:06:578] info: Store: SAVE_WINDOW_SETTINGS
{
  "isMaximized": false,
  "position": [
    1,
    18
  ],
  "size": [
    1918,
    1042
  ]
}
[01/14/18, 20:01:07:835] error: 2018/1/14 20:01:07.834 logging error: {"subtype":"api_call_error","message":"{\"ok\":false,\"error\":\"_http_error\",\"status\":0,\"retry_after\":null}","stack":"Error\n    at Object.n [as logError] (https://a.slack-edge.com/bv1-1/rollup-core_required_ts.752ea57ab627114c2025.min.js:1:62496)\n    at e (https://a.slack-edge.com/bv1-1/rollup-secondary_a_required.0c6a1f876a0f121ffa2f.min.js:1:135638)\n    at e (https://a.slack-edge.com/bv1-1/rollup-secondary_a_required.0c6a1f876a0f121ffa2f.min.js:1:130837)\n    at e (https://a.slack-edge.com/bv1-1/rollup-secondary_a_required.0c6a1f876a0f121ffa2f.min.js:1:132764)\n    at XMLHttpRequest.m.onreadystatechange (https://a.slack-edge.com/bv1-1/rollup-secondary_a_required.0c6a1f876a0f121ffa2f.min.js:1:134139)"}
[01/14/18, 20:01:08:993] error: 2018/1/14 20:01:08.993 logging error: {"subtype":"api_call_error","message":"{\"ok\":false,\"error\":\"_http_error\",\"status\":0,\"retry_after\":null}","stack":"Error\n    at Object.n [as logError] (https://a.slack-edge.com/bv1-1/rollup-core_required_ts.752ea57ab627114c2025.min.js:1:62496)\n    at e (https://a.slack-edge.com/bv1-1/rollup-secondary_a_required.0c6a1f876a0f121ffa2f.min.js:1:135638)\n    at e (https://a.slack-edge.com/bv1-1/rollup-secondary_a_required.0c6a1f876a0f121ffa2f.min.js:1:130837)\n    at e (https://a.slack-edge.com/bv1-1/rollup-secondary_a_required.0c6a1f876a0f121ffa2f.min.js:1:132764)\n    at XMLHttpRequest.m.onreadystatechange (https://a.slack-edge.com/bv1-1/rollup-secondary_a_required.0c6a1f876a0f121ffa2f.min.js:1:134139)"}
[01/14/18, 20:01:08:994] info: Store: SELECT_CHANNEL D8QBTJ0A2
[01/14/18, 20:01:10:149] error: 2018/1/14 20:01:10.149 logging error: {"subtype":"api_call_error","message":"{\"ok\":false,\"error\":\"_http_error\",\"status\":0,\"retry_after\":null}","stack":"Error\n    at Object.n [as logError] (https://a.slack-edge.com/bv1-1/rollup-core_required_ts.752ea57ab627114c2025.min.js:1:62496)\n    at e (https://a.slack-edge.com/bv1-1/rollup-secondary_a_required.0c6a1f876a0f121ffa2f.min.js:1:135638)\n    at e (https://a.slack-edge.com/bv1-1/rollup-secondary_a_required.0c6a1f876a0f121ffa2f.min.js:1:130837)\n    at e (https://a.slack-edge.com/bv1-1/rollup-secondary_a_required.0c6a1f876a0f121ffa2f.min.js:1:132764)\n    at XMLHttpRequest.m.onreadystatechange (https://a.slack-edge.com/bv1-1/rollup-secondary_a_required.0c6a1f876a0f121ffa2f.min.js:1:134139)"}
[01/14/18, 20:01:13:245] info: Loading dictionary for language en-CA
[01/14/18, 20:01:13:245] info: Returning local copy: /home/ryan/.config/Slack/dictionaries/en-CA.bdic
[01/14/18, 20:01:13:246] info: Setting current spellchecker to en-CA, requested language was en-CA
[01/14/18, 20:01:36:415] info: Store: SELECT_CHANNEL C5BB1LT4J
[01/14/18, 20:01:36:754] info: Loading dictionary for language en-CA
[01/14/18, 20:01:36:755] info: Returning local copy: /home/ryan/.config/Slack/dictionaries/en-CA.bdic
[01/14/18, 20:01:36:755] info: Setting current spellchecker to en-CA, requested language was en-CA
[01/14/18, 20:01:41:447] info: Store: SELECT_CHANNEL C5K0V0MS5
[01/14/18, 20:01:41:640] info: Loading dictionary for language en-CA
[01/14/18, 20:01:41:641] info: Returning local copy: /home/ryan/.config/Slack/dictionaries/en-CA.bdic
[01/14/18, 20:01:41:651] info: Setting current spellchecker to en-CA, requested language was en-CA
[01/14/18, 20:01:45:292] info: Store: SELECT_CHANNEL C6PGP4A1H
[01/14/18, 20:01:45:335] info: Loading dictionary for language en-CA
[01/14/18, 20:01:45:335] info: Returning local copy: /home/ryan/.config/Slack/dictionaries/en-CA.bdic
[01/14/18, 20:01:45:375] info: Setting current spellchecker to en-CA, requested language was en-CA
[01/14/18, 20:01:47:375] info: Store: SELECT_CHANNEL C5BB1LT4J
[01/14/18, 20:01:47:408] info: Loading dictionary for language en-CA
[01/14/18, 20:01:47:408] info: Returning local copy: /home/ryan/.config/Slack/dictionaries/en-CA.bdic
[01/14/18, 20:01:47:439] info: Setting current spellchecker to en-CA, requested language was en-CA
[01/14/18, 20:01:57:215] info: Store: SELECT_CHANNEL D8QBTJ0A2
[01/14/18, 20:01:57:533] info: Loading dictionary for language en-CA
[01/14/18, 20:01:57:533] info: Returning local copy: /home/ryan/.config/Slack/dictionaries/en-CA.bdic
[01/14/18, 20:01:57:533] info: Setting current spellchecker to en-CA, requested language was en-CA
[01/14/18, 20:02:04:031] info: Unloading spellchecker
[01/14/18, 20:02:04:447] info: Restoring spellchecker
[01/14/18, 20:02:04:449] info: Loading dictionary for language en-CA
[01/14/18, 20:02:04:449] info: Returning local copy: /home/ryan/.config/Slack/dictionaries/en-CA.bdic
[01/14/18, 20:02:04:459] info: Unloading spellchecker
[01/14/18, 20:02:04:470] info: Restoring spellchecker
[01/14/18, 20:02:04:470] info: Loading dictionary for language en-CA
[01/14/18, 20:02:04:471] info: Returning local copy: /home/ryan/.config/Slack/dictionaries/en-CA.bdic
[01/14/18, 20:02:04:490] info: Setting current spellchecker to en-CA, requested language was en-CA
[01/14/18, 20:02:04:490] info: Creating node-spellchecker instance
[01/14/18, 20:02:04:491] info: Setting current spellchecker to en-CA, requested language was en-CA
[01/14/18, 20:02:05:081] info: Unloading spellchecker
[01/14/18, 20:02:05:334] info: Restoring spellchecker
[01/14/18, 20:02:05:337] info: Loading dictionary for language en-CA
[01/14/18, 20:02:05:338] info: Returning local copy: /home/ryan/.config/Slack/dictionaries/en-CA.bdic
[01/14/18, 20:02:05:358] info: Unloading spellchecker
[01/14/18, 20:02:05:403] info: Restoring spellchecker
[01/14/18, 20:02:05:404] info: Loading dictionary for language en-CA
[01/14/18, 20:02:05:404] info: Returning local copy: /home/ryan/.config/Slack/dictionaries/en-CA.bdic
[01/14/18, 20:02:05:416] info: Setting current spellchecker to en-CA, requested language was en-CA
[01/14/18, 20:02:05:417] info: Creating node-spellchecker instance
[01/14/18, 20:02:05:418] info: Setting current spellchecker to en-CA, requested language was en-CA
[01/14/18, 20:02:06:329] info: Store: SAVE_WINDOW_SETTINGS
{
  "isMaximized": false,
  "position": [
    1,
    18
  ],
  "size": [
    1918,
    1042
  ]
}
[01/14/18, 20:02:08:767] error: Jan-14 20:02:08.766 SOCKET-MANAGER (T2616ES0G) Closing socket due to unknown error
[01/14/18, 20:02:09:692] info: Store: UPDATE_TEAM_ICONS
{
  "icons": {
    "image_102": "https://slack-files2.s3-us-west-2.amazonaws.com/avatars/2017-01-25/132842497927_0dbc3c6e7e03990332f5_102.png",
    "image_132": "https://slack-files2.s3-us-west-2.amazonaws.com/avatars/2017-01-25/132842497927_0dbc3c6e7e03990332f5_132.png",
    "image_230": "https://slack-files2.s3-us-west-2.amazonaws.com/avatars/2017-01-25/132842497927_0dbc3c6e7e03990332f5_230.png",
    "image_34": "https://slack-files2.s3-us-west-2.amazonaws.com/avatars/2017-01-25/132842497927_0dbc3c6e7e03990332f5_34.png",
    "image_44": "https://slack-files2.s3-us-west-2.amazonaws.com/avatars/2017-01-25/132842497927_0dbc3c6e7e03990332f5_44.png",
    "image_68": "https://slack-files2.s3-us-west-2.amazonaws.com/avatars/2017-01-25/132842497927_0dbc3c6e7e03990332f5_68.png",
    "image_88": "https://slack-files2.s3-us-west-2.amazonaws.com/avatars/2017-01-25/132842497927_0dbc3c6e7e03990332f5_88.png",
    "image_original": "https://slack-files2.s3-us-west-2.amazonaws.com/avatars/2017-01-25/132842497927_0dbc3c6e7e03990332f5_original.png"
  },
  "teamId": "T2616ES0G"
}
[01/14/18, 20:02:09:698] info: Store: UPDATE_TEAM_LOCALE
{
  "locale": "en-US",
  "teamId": "T2616ES0G"
}
[01/14/18, 20:02:10:921] info: Unloading spellchecker
[01/14/18, 20:02:15:861] info: Restoring spellchecker
[01/14/18, 20:02:15:864] info: Loading dictionary for language en-CA
[01/14/18, 20:02:15:864] info: Returning local copy: /home/ryan/.config/Slack/dictionaries/en-CA.bdic
[01/14/18, 20:02:15:886] info: Unloading spellchecker
[01/14/18, 20:02:15:898] info: Restoring spellchecker
[01/14/18, 20:02:15:899] info: Loading dictionary for language en-CA
[01/14/18, 20:02:15:899] info: Returning local copy: /home/ryan/.config/Slack/dictionaries/en-CA.bdic
[01/14/18, 20:02:15:917] info: Setting current spellchecker to en-CA, requested language was en-CA
[01/14/18, 20:02:15:918] info: Creating node-spellchecker instance
[01/14/18, 20:02:15:919] info: Setting current spellchecker to en-CA, requested language was en-CA
[01/14/18, 20:02:16:857] info: Store: SAVE_WINDOW_SETTINGS
{
  "isMaximized": false,
  "position": [
    1,
    18
  ],
  "size": [
    1918,
    1042
  ]
}
[01/14/18, 20:14:57:871] info: Unloading spellchecker
[01/14/18, 20:14:57:963] info: Restoring spellchecker
[01/14/18, 20:14:57:963] info: Loading dictionary for language en-CA
[01/14/18, 20:14:57:963] info: Returning local copy: /home/ryan/.config/Slack/dictionaries/en-CA.bdic
[01/14/18, 20:14:57:986] info: Setting current spellchecker to en-CA, requested language was en-CA
[01/14/18, 20:14:57:987] info: Creating node-spellchecker instance
[01/14/18, 20:14:58:069] info: Unloading spellchecker
[01/14/18, 20:15:01:395] info: Restoring spellchecker
[01/14/18, 20:15:01:395] info: Loading dictionary for language en-CA
[01/14/18, 20:15:01:395] info: Returning local copy: /home/ryan/.config/Slack/dictionaries/en-CA.bdic
[01/14/18, 20:15:01:402] info: Setting current spellchecker to en-CA, requested language was en-CA
[01/14/18, 20:15:01:403] info: Creating node-spellchecker instance
[01/14/18, 20:15:03:044] info: Store: SELECT_CHANNEL C2B5LM1KN
[01/14/18, 20:15:03:348] info: Loading dictionary for language en-CA
[01/14/18, 20:15:03:349] info: Returning local copy: /home/ryan/.config/Slack/dictionaries/en-CA.bdic
[01/14/18, 20:15:03:349] info: Setting current spellchecker to en-CA, requested language was en-CA
[01/14/18, 20:15:09:764] info: Store: SELECT_CHANNEL C5BB1LT4J
[01/14/18, 20:15:10:135] info: Loading dictionary for language en-CA
[01/14/18, 20:15:10:135] info: Returning local copy: /home/ryan/.config/Slack/dictionaries/en-CA.bdic
[01/14/18, 20:15:10:136] info: Setting current spellchecker to en-CA, requested language was en-CA
[01/14/18, 20:15:11:863] info: Store: SELECT_CHANNEL C5K0V0MS5
[01/14/18, 20:15:11:915] info: Loading dictionary for language en-CA
[01/14/18, 20:15:11:920] info: Returning local copy: /home/ryan/.config/Slack/dictionaries/en-CA.bdic
[01/14/18, 20:15:11:968] info: Setting current spellchecker to en-CA, requested language was en-CA
[01/14/18, 20:15:14:948] info: Store: SELECT_CHANNEL C6PGP4A1H
[01/14/18, 20:15:14:996] info: Loading dictionary for language en-CA
[01/14/18, 20:15:14:996] info: Returning local copy: /home/ryan/.config/Slack/dictionaries/en-CA.bdic
[01/14/18, 20:15:15:039] info: Setting current spellchecker to en-CA, requested language was en-CA
[01/14/18, 20:15:16:767] info: Store: SELECT_CHANNEL D8Q7WSTJ7
[01/14/18, 20:15:18:116] info: Store: SELECT_CHANNEL D8QBTJ0A2
[01/14/18, 20:15:18:136] info: Loading dictionary for language en-CA
[01/14/18, 20:15:18:137] info: Returning local copy: /home/ryan/.config/Slack/dictionaries/en-CA.bdic
[01/14/18, 20:15:18:142] info: Setting current spellchecker to en-CA, requested language was en-CA
[01/14/18, 20:15:18:779] info: Loading dictionary for language en-CA
[01/14/18, 20:15:18:779] info: Returning local copy: /home/ryan/.config/Slack/dictionaries/en-CA.bdic
[01/14/18, 20:15:18:781] info: Setting current spellchecker to en-CA, requested language was en-CA
[01/14/18, 20:46:00:030] info: Store: SELECT_CHANNEL C5BB1LT4J
[01/14/18, 20:46:00:361] info: Loading dictionary for language en-CA
[01/14/18, 20:46:00:361] info: Returning local copy: /home/ryan/.config/Slack/dictionaries/en-CA.bdic
[01/14/18, 20:46:00:362] info: Setting current spellchecker to en-CA, requested language was en-CA
[01/14/18, 20:46:01:408] info: Store: SELECT_CHANNEL C72NXARUL
[01/14/18, 20:46:01:634] info: Loading dictionary for language en-CA
[01/14/18, 20:46:01:634] info: Returning local copy: /home/ryan/.config/Slack/dictionaries/en-CA.bdic
[01/14/18, 20:46:01:649] info: Setting current spellchecker to en-CA, requested language was en-CA
[01/14/18, 20:46:08:911] info: Store: SELECT_CHANNEL C5BB1LT4J
[01/14/18, 20:46:09:303] info: Loading dictionary for language en-CA
[01/14/18, 20:46:09:303] info: Returning local copy: /home/ryan/.config/Slack/dictionaries/en-CA.bdic
[01/14/18, 20:46:09:304] info: Setting current spellchecker to en-CA, requested language was en-CA
[01/14/18, 20:46:11:100] info: Store: SELECT_CHANNEL C6PGP4A1H
[01/14/18, 20:46:11:120] info: Loading dictionary for language en-CA
[01/14/18, 20:46:11:120] info: Returning local copy: /home/ryan/.config/Slack/dictionaries/en-CA.bdic
[01/14/18, 20:46:11:137] info: Setting current spellchecker to en-CA, requested language was en-CA
[01/14/18, 21:06:40:231] warn: Unable to read quiet hours setting: windows-quiet-hours works only on Windows
[01/14/18, 21:06:40:231] warn: Unable to read quiet hours setting: windows-quiet-hours works only on Windows
[01/14/18, 21:06:40:238] info: Store: NEW_NOTIFICATION
{
  "avatarImage": "https://ca.slack-edge.com/T2616ES0G-U28QA1SMB-40771dea8ca9-512",
  "channel": "D8QBTJ0A2",
  "content": "[REDACTED]",
  "id": "xkVDSQtw1Zm78rZ",
  "imageUri": null,
  "launchUri": "slack://channel?id=D8QBTJ0A2&message=1515981999.000163&team=T2616ES0G",
  "msg": "1515981999.000163",
  "silent": true,
  "subtitle": "",
  "teamId": "T2616ES0G",
  "title": "[REDACTED]"
}
[01/14/18, 21:06:51:890] warn: Unable to read quiet hours setting: windows-quiet-hours works only on Windows
[01/14/18, 21:06:51:891] warn: Unable to read quiet hours setting: windows-quiet-hours works only on Windows
[01/14/18, 21:06:51:895] info: Store: NEW_NOTIFICATION
{
  "avatarImage": "https://ca.slack-edge.com/T2616ES0G-U28QA1SMB-40771dea8ca9-512",
  "channel": "D8QBTJ0A2",
  "content": "[REDACTED]",
  "id": "W6wDfDunG9lB1Yq",
  "imageUri": null,
  "launchUri": "slack://channel?id=D8QBTJ0A2&message=1515982011.000095&team=T2616ES0G",
  "msg": "1515982011.000095",
  "silent": true,
  "subtitle": "",
  "teamId": "T2616ES0G",
  "title": "[REDACTED]"
}
[01/14/18, 21:11:17:328] info: Unloading spellchecker
[01/14/18, 21:11:20:311] info: Restoring spellchecker
[01/14/18, 21:11:20:312] info: Loading dictionary for language en-CA
[01/14/18, 21:11:20:312] info: Returning local copy: /home/ryan/.config/Slack/dictionaries/en-CA.bdic
[01/14/18, 21:11:20:333] info: Unloading spellchecker
[01/14/18, 21:11:20:348] info: Restoring spellchecker
[01/14/18, 21:11:20:348] info: Loading dictionary for language en-CA
[01/14/18, 21:11:20:349] info: Returning local copy: /home/ryan/.config/Slack/dictionaries/en-CA.bdic
[01/14/18, 21:11:20:383] info: Setting current spellchecker to en-CA, requested language was en-CA
[01/14/18, 21:11:20:383] info: Creating node-spellchecker instance
[01/14/18, 21:11:20:384] info: Setting current spellchecker to en-CA, requested language was en-CA
[01/14/18, 21:11:21:312] info: Store: SAVE_WINDOW_SETTINGS
{
  "isMaximized": false,
  "position": [
    1,
    18
  ],
  "size": [
    1918,
    1042
  ]
}
[01/14/18, 21:11:21:739] info: Store: SELECT_CHANNEL D8QBTJ0A2
[01/14/18, 21:11:22:041] info: Loading dictionary for language en-CA
[01/14/18, 21:11:22:041] info: Returning local copy: /home/ryan/.config/Slack/dictionaries/en-CA.bdic
[01/14/18, 21:11:22:042] info: Setting current spellchecker to en-CA, requested language was en-CA
[01/14/18, 22:00:05:244] info: Store: RELOAD
{
  "everything": false
}
[01/14/18, 22:00:05:260] info: Window is unloading, winssb is no longer accessible
