[01/09/18, 16:04:42:111] info: ╔═════════════════════════════════════════════════════════════════════════════════╗
[01/09/18, 16:04:42:111] info: ║      Slack 3.0.2, linux 4.10.0-42-generic on x64 at 01/09/18, 16:04:42:108      ║
[01/09/18, 16:04:42:111] info: ╚═════════════════════════════════════════════════════════════════════════════════╝
[01/09/18, 16:04:42:253] info: Initializing local storage instance at path: /home/ryan/.config/Slack/local-settings.json
[01/09/18, 16:04:42:554] info: updateSuspendResume: true
[01/09/18, 16:04:42:555] warn: updateSpellcheckerLanguage: Tried to update language, but spellchecker not initialized
[01/09/18, 16:04:45:577] error: 2018/1/9 16:04:45.576 logging error: {"subtype":"api_call_error","message":"{\"ok\":false,\"error\":\"not_allowed\"}","stack":"Error\n    at Object.n [as logError] (https://a.slack-edge.com/bv1-1/rollup-core_required_ts.22e5671b1c98e7ade866.min.js:1:62349)\n    at e (https://a.slack-edge.com/bv1-1/rollup-secondary_a_required.c571fd839141e2fd7137.min.js:1:135599)\n    at e (https://a.slack-edge.com/bv1-1/rollup-secondary_a_required.c571fd839141e2fd7137.min.js:1:130798)\n    at e (https://a.slack-edge.com/bv1-1/rollup-secondary_a_required.c571fd839141e2fd7137.min.js:1:132393)\n    at XMLHttpRequest.m.onreadystatechange (https://a.slack-edge.com/bv1-1/rollup-secondary_a_required.c571fd839141e2fd7137.min.js:1:134091)"}
[01/09/18, 16:04:45:580] info: Store: SELECT_CHANNEL D8Q7WSTJ7
[01/09/18, 16:04:45:582] info: Store: UPDATE_TEAM_LOCALE
{
  "locale": "en-US"
}
[01/09/18, 16:04:45:583] info: Store: UPDATE_SETTINGS
{
  "locale": "en-US"
}
[01/09/18, 16:04:45:600] info: Store: UPSERT_WEB_CONTENTS
{
  "id": 3,
  "state": "loaded",
  "teamId": "T2616ES0G"
}
[01/09/18, 16:04:45:657] info: Store: MAIN_WINDOW_SHOWN
[01/09/18, 16:04:45:714] info: Store: UPDATE_TEAM_THEME
{
  "teamId": "T2616ES0G",
  "theme": {
    "active_item": "#4C9689",
    "active_item_text": "#FFFFFF",
    "active_presence": "#38978D",
    "badge": "#EB4D5C",
    "column_bg": "#4D394B",
    "hover_item": "#3E313C",
    "menu_bg": "#3E313C",
    "text_color": "#FFFFFF"
  }
}
[01/09/18, 16:04:46:021] info: Store: UPDATE_SESSION_STATUS
{
  "hasValidSession": true,
  "teamId": "T2616ES0G"
}
[01/09/18, 16:04:46:023] info: Store: UPDATE_TEAM_ICONS
{
  "icons": {
    "image_102": "https://slack-files2.s3-us-west-2.amazonaws.com/avatars/2017-01-25/132842497927_0dbc3c6e7e03990332f5_102.png",
    "image_132": "https://slack-files2.s3-us-west-2.amazonaws.com/avatars/2017-01-25/132842497927_0dbc3c6e7e03990332f5_132.png",
    "image_230": "https://slack-files2.s3-us-west-2.amazonaws.com/avatars/2017-01-25/132842497927_0dbc3c6e7e03990332f5_230.png",
    "image_34": "https://slack-files2.s3-us-west-2.amazonaws.com/avatars/2017-01-25/132842497927_0dbc3c6e7e03990332f5_34.png",
    "image_44": "https://slack-files2.s3-us-west-2.amazonaws.com/avatars/2017-01-25/132842497927_0dbc3c6e7e03990332f5_44.png",
    "image_68": "https://slack-files2.s3-us-west-2.amazonaws.com/avatars/2017-01-25/132842497927_0dbc3c6e7e03990332f5_68.png",
    "image_88": "https://slack-files2.s3-us-west-2.amazonaws.com/avatars/2017-01-25/132842497927_0dbc3c6e7e03990332f5_88.png",
    "image_original": "https://slack-files2.s3-us-west-2.amazonaws.com/avatars/2017-01-25/132842497927_0dbc3c6e7e03990332f5_original.png"
  },
  "teamId": "T2616ES0G"
}
[01/09/18, 16:04:46:025] info: Store: UPDATE_TEAM_LOCALE
{
  "locale": "en-US",
  "teamId": "T2616ES0G"
}
[01/09/18, 16:04:46:026] info: Store: UPSERT_WEB_CONTENTS
{
  "id": 3,
  "state": "webapp-loaded",
  "teamId": "T2616ES0G"
}
[01/09/18, 16:04:46:590] info: Store: SAVE_WINDOW_SETTINGS
{
  "isMaximized": false,
  "position": [
    2881,
    1
  ],
  "size": [
    958,
    1179
  ]
}
[01/09/18, 16:04:46:808] info: Raw Locale list: ["C","C.UTF-8","en_AG","en_AG.utf8","en_AU.utf8","en_BW.utf8","en_CA.utf8","en_DK.utf8","en_GB.utf8","en_HK.utf8","en_IE.utf8","en_IN","en_IN.utf8","en_NG","en_NG.utf8","en_NZ.utf8","en_PH.utf8","en_SG.utf8","en_US.utf8","en_ZA.utf8","en_ZM","en_ZM.utf8","en_ZW.utf8","POSIX",""]
[01/09/18, 16:04:46:809] info: Filtered Locale list: ["en_AG","en_AG","en_AU","en_BW","en_CA","en_DK","en_GB","en_HK","en_IE","en_IN","en_IN","en_NG","en_NG","en_NZ","en_PH","en_SG","en_US","en_ZA","en_ZM","en_ZM","en_ZW"]
[01/09/18, 16:04:46:809] info: Counts: {"en":["en_AG","en_AG","en_AU","en_BW","en_CA","en_DK","en_GB","en_HK","en_IE","en_IN","en_IN","en_NG","en_NG","en_NZ","en_PH","en_SG","en_US","en_ZA","en_ZM","en_ZM","en_ZW"]}
[01/09/18, 16:04:46:809] info: Result: {"en":"en-CA"}
[01/09/18, 16:04:46:811] info: Requesting to load en-CA, alternatives are ["en-CA","en-CA","en-US"]
[01/09/18, 16:04:46:812] info: Loading dictionary for language en-CA
[01/09/18, 16:04:46:812] info: Returning local copy: /home/ryan/.config/Slack/dictionaries/en-CA.bdic
[01/09/18, 16:04:46:816] info: Setting current spellchecker to en-CA, requested language was en-CA
[01/09/18, 16:04:46:816] info: Creating node-spellchecker instance
[01/09/18, 16:04:46:817] info: Actually installing spell check provider to Electron
[01/09/18, 16:04:50:349] info: Unloading spellchecker
[01/09/18, 16:04:51:323] info: Store: SAVE_WINDOW_SETTINGS
{
  "isMaximized": false,
  "position": [
    961,
    1
  ],
  "size": [
    958,
    1059
  ]
}
[01/09/18, 16:04:51:723] info: Restoring spellchecker
[01/09/18, 16:04:51:725] info: Loading dictionary for language en-CA
[01/09/18, 16:04:51:726] info: Returning local copy: /home/ryan/.config/Slack/dictionaries/en-CA.bdic
[01/09/18, 16:04:51:760] info: Setting current spellchecker to en-CA, requested language was en-CA
[01/09/18, 16:04:51:761] info: Creating node-spellchecker instance
[01/09/18, 16:04:53:034] info: Store: SAVE_WINDOW_SETTINGS
{
  "isMaximized": false,
  "position": [
    1,
    18
  ],
  "size": [
    1918,
    1042
  ]
}
[01/09/18, 16:04:53:168] info: Unloading spellchecker
[01/09/18, 16:05:59:995] info: Restoring spellchecker
[01/09/18, 16:05:59:997] info: Loading dictionary for language en-CA
[01/09/18, 16:05:59:997] info: Returning local copy: /home/ryan/.config/Slack/dictionaries/en-CA.bdic
[01/09/18, 16:06:00:020] info: Setting current spellchecker to en-CA, requested language was en-CA
[01/09/18, 16:06:00:021] info: Creating node-spellchecker instance
[01/09/18, 16:06:00:807] info: Unloading spellchecker
[01/09/18, 16:14:22:951] info: Restoring spellchecker
[01/09/18, 16:14:22:951] info: Loading dictionary for language en-CA
[01/09/18, 16:14:22:952] info: Returning local copy: /home/ryan/.config/Slack/dictionaries/en-CA.bdic
[01/09/18, 16:14:22:956] info: Unloading spellchecker
[01/09/18, 16:14:22:962] info: Restoring spellchecker
[01/09/18, 16:14:22:963] info: Loading dictionary for language en-CA
[01/09/18, 16:14:22:963] info: Returning local copy: /home/ryan/.config/Slack/dictionaries/en-CA.bdic
[01/09/18, 16:14:22:988] info: Setting current spellchecker to en-CA, requested language was en-CA
[01/09/18, 16:14:22:989] info: Creating node-spellchecker instance
[01/09/18, 16:14:22:990] info: Setting current spellchecker to en-CA, requested language was en-CA
[01/09/18, 16:14:23:947] info: Store: SAVE_WINDOW_SETTINGS
{
  "isMaximized": false,
  "position": [
    1,
    18
  ],
  "size": [
    1918,
    1042
  ]
}
[01/09/18, 16:14:24:418] info: Unloading spellchecker
[01/09/18, 16:16:31:510] info: Restoring spellchecker
[01/09/18, 16:16:31:511] info: Loading dictionary for language en-CA
[01/09/18, 16:16:31:511] info: Returning local copy: /home/ryan/.config/Slack/dictionaries/en-CA.bdic
[01/09/18, 16:16:31:536] info: Setting current spellchecker to en-CA, requested language was en-CA
[01/09/18, 16:16:31:537] info: Creating node-spellchecker instance
[01/09/18, 16:16:32:216] info: Unloading spellchecker
[01/09/18, 16:16:32:524] info: Restoring spellchecker
[01/09/18, 16:16:32:526] info: Loading dictionary for language en-CA
[01/09/18, 16:16:32:527] info: Returning local copy: /home/ryan/.config/Slack/dictionaries/en-CA.bdic
[01/09/18, 16:16:32:536] info: Unloading spellchecker
[01/09/18, 16:16:32:542] info: Restoring spellchecker
[01/09/18, 16:16:32:543] info: Loading dictionary for language en-CA
[01/09/18, 16:16:32:543] info: Returning local copy: /home/ryan/.config/Slack/dictionaries/en-CA.bdic
[01/09/18, 16:16:32:557] info: Setting current spellchecker to en-CA, requested language was en-CA
[01/09/18, 16:16:32:557] info: Creating node-spellchecker instance
[01/09/18, 16:16:32:558] info: Setting current spellchecker to en-CA, requested language was en-CA
[01/09/18, 16:16:33:518] info: Store: SAVE_WINDOW_SETTINGS
{
  "isMaximized": false,
  "position": [
    1,
    18
  ],
  "size": [
    1918,
    1042
  ]
}
[01/09/18, 16:16:41:067] info: Unloading spellchecker
[01/09/18, 16:24:47:410] info: Restoring spellchecker
[01/09/18, 16:24:47:412] info: Loading dictionary for language en-CA
[01/09/18, 16:24:47:412] info: Returning local copy: /home/ryan/.config/Slack/dictionaries/en-CA.bdic
[01/09/18, 16:24:47:438] info: Unloading spellchecker
[01/09/18, 16:24:47:447] info: Restoring spellchecker
[01/09/18, 16:24:47:448] info: Loading dictionary for language en-CA
[01/09/18, 16:24:47:448] info: Returning local copy: /home/ryan/.config/Slack/dictionaries/en-CA.bdic
[01/09/18, 16:24:47:471] info: Setting current spellchecker to en-CA, requested language was en-CA
[01/09/18, 16:24:47:471] info: Creating node-spellchecker instance
[01/09/18, 16:24:47:473] info: Setting current spellchecker to en-CA, requested language was en-CA
[01/09/18, 16:24:48:081] info: Unloading spellchecker
[01/09/18, 16:24:48:402] info: Store: SAVE_WINDOW_SETTINGS
{
  "isMaximized": false,
  "position": [
    1,
    18
  ],
  "size": [
    1918,
    1042
  ]
}
[01/09/18, 16:37:58:738] info: Restoring spellchecker
[01/09/18, 16:37:58:739] info: Loading dictionary for language en-CA
[01/09/18, 16:37:58:739] info: Returning local copy: /home/ryan/.config/Slack/dictionaries/en-CA.bdic
[01/09/18, 16:37:58:744] info: Unloading spellchecker
[01/09/18, 16:37:58:750] info: Restoring spellchecker
[01/09/18, 16:37:58:751] info: Loading dictionary for language en-CA
[01/09/18, 16:37:58:751] info: Returning local copy: /home/ryan/.config/Slack/dictionaries/en-CA.bdic
[01/09/18, 16:37:58:772] info: Setting current spellchecker to en-CA, requested language was en-CA
[01/09/18, 16:37:58:772] info: Creating node-spellchecker instance
[01/09/18, 16:37:58:773] info: Setting current spellchecker to en-CA, requested language was en-CA
[01/09/18, 16:37:59:325] info: Unloading spellchecker
[01/09/18, 16:37:59:730] info: Store: SAVE_WINDOW_SETTINGS
{
  "isMaximized": false,
  "position": [
    1,
    18
  ],
  "size": [
    1918,
    1042
  ]
}
[01/09/18, 16:38:00:461] info: Restoring spellchecker
[01/09/18, 16:38:00:461] info: Loading dictionary for language en-CA
[01/09/18, 16:38:00:461] info: Returning local copy: /home/ryan/.config/Slack/dictionaries/en-CA.bdic
[01/09/18, 16:38:00:471] info: Setting current spellchecker to en-CA, requested language was en-CA
[01/09/18, 16:38:00:471] info: Creating node-spellchecker instance
[01/09/18, 16:38:00:867] info: Unloading spellchecker
[01/09/18, 16:38:45:793] info: Restoring spellchecker
[01/09/18, 16:38:45:795] info: Loading dictionary for language en-CA
[01/09/18, 16:38:45:795] info: Returning local copy: /home/ryan/.config/Slack/dictionaries/en-CA.bdic
[01/09/18, 16:38:45:822] info: Setting current spellchecker to en-CA, requested language was en-CA
[01/09/18, 16:38:45:822] info: Creating node-spellchecker instance
[01/09/18, 16:38:49:344] info: Store: SELECT_CHANNEL C2THZDE65
[01/09/18, 16:38:49:806] info: Loading dictionary for language en-CA
[01/09/18, 16:38:49:806] info: Returning local copy: /home/ryan/.config/Slack/dictionaries/en-CA.bdic
[01/09/18, 16:38:49:807] info: Setting current spellchecker to en-CA, requested language was en-CA
[01/09/18, 16:38:59:414] info: Store: SELECT_CHANNEL C5BB1LT4J
[01/09/18, 16:38:59:873] info: Loading dictionary for language en-CA
[01/09/18, 16:38:59:874] info: Returning local copy: /home/ryan/.config/Slack/dictionaries/en-CA.bdic
[01/09/18, 16:38:59:875] info: Setting current spellchecker to en-CA, requested language was en-CA
[01/09/18, 16:39:02:502] info: Store: SELECT_CHANNEL C262NGW94
[01/09/18, 16:39:03:813] info: Store: SELECT_CHANNEL C72NXARUL
[01/09/18, 16:39:03:848] info: Loading dictionary for language en-CA
[01/09/18, 16:39:03:848] info: Returning local copy: /home/ryan/.config/Slack/dictionaries/en-CA.bdic
[01/09/18, 16:39:03:849] info: Setting current spellchecker to en-CA, requested language was en-CA
[01/09/18, 16:39:04:478] info: Loading dictionary for language en-CA
[01/09/18, 16:39:04:478] info: Returning local copy: /home/ryan/.config/Slack/dictionaries/en-CA.bdic
[01/09/18, 16:39:04:479] info: Setting current spellchecker to en-CA, requested language was en-CA
[01/09/18, 16:39:11:497] info: Store: SELECT_CHANNEL C6PGP4A1H
[01/09/18, 16:39:15:691] info: Store: SELECT_CHANNEL C261DLCDB
[01/09/18, 16:39:17:182] info: Couldn't get hint text from messages in channel: Failed to fetch recent messages
[01/09/18, 16:39:17:911] info: Loading dictionary for language en-CA
[01/09/18, 16:39:17:911] info: Returning local copy: /home/ryan/.config/Slack/dictionaries/en-CA.bdic
[01/09/18, 16:39:17:911] info: Setting current spellchecker to en-CA, requested language was en-CA
[01/09/18, 16:42:30:406] info: Store: SELECT_CHANNEL C2THZDE65
[01/09/18, 16:42:30:716] info: Loading dictionary for language en-CA
[01/09/18, 16:42:30:717] info: Returning local copy: /home/ryan/.config/Slack/dictionaries/en-CA.bdic
[01/09/18, 16:42:30:717] info: Setting current spellchecker to en-CA, requested language was en-CA
[01/09/18, 16:42:33:253] info: Unloading spellchecker
[01/09/18, 16:45:10:881] info: Restoring spellchecker
[01/09/18, 16:45:10:882] info: Loading dictionary for language en-CA
[01/09/18, 16:45:10:882] info: Returning local copy: /home/ryan/.config/Slack/dictionaries/en-CA.bdic
[01/09/18, 16:45:10:888] info: Unloading spellchecker
[01/09/18, 16:45:10:917] info: Restoring spellchecker
[01/09/18, 16:45:10:917] info: Loading dictionary for language en-CA
[01/09/18, 16:45:10:917] info: Returning local copy: /home/ryan/.config/Slack/dictionaries/en-CA.bdic
[01/09/18, 16:45:10:940] info: Setting current spellchecker to en-CA, requested language was en-CA
[01/09/18, 16:45:10:940] info: Creating node-spellchecker instance
[01/09/18, 16:45:10:941] info: Setting current spellchecker to en-CA, requested language was en-CA
[01/09/18, 16:45:11:867] info: Store: SAVE_WINDOW_SETTINGS
{
  "isMaximized": false,
  "position": [
    1,
    18
  ],
  "size": [
    1918,
    1042
  ]
}
[01/09/18, 16:45:22:651] info: Store: SELECT_CHANNEL C6PGP4A1H
[01/09/18, 16:45:24:187] info: Unloading spellchecker
[01/09/18, 16:45:31:223] info: Couldn't get hint text from messages in channel: Failed to fetch recent messages
[01/09/18, 16:47:16:283] info: Restoring spellchecker
[01/09/18, 16:47:16:283] info: Loading dictionary for language en-CA
[01/09/18, 16:47:16:284] info: Returning local copy: /home/ryan/.config/Slack/dictionaries/en-CA.bdic
[01/09/18, 16:47:16:288] info: Unloading spellchecker
[01/09/18, 16:47:16:305] info: Restoring spellchecker
[01/09/18, 16:47:16:305] info: Loading dictionary for language en-CA
[01/09/18, 16:47:16:306] info: Returning local copy: /home/ryan/.config/Slack/dictionaries/en-CA.bdic
[01/09/18, 16:47:16:349] info: Setting current spellchecker to en-CA, requested language was en-CA
[01/09/18, 16:47:16:349] info: Creating node-spellchecker instance
[01/09/18, 16:47:16:351] info: Setting current spellchecker to en-CA, requested language was en-CA
[01/09/18, 16:47:17:264] info: Store: SAVE_WINDOW_SETTINGS
{
  "isMaximized": false,
  "position": [
    1,
    18
  ],
  "size": [
    1918,
    1042
  ]
}
[01/09/18, 16:47:17:384] info: Unloading spellchecker
[01/09/18, 16:47:17:727] info: Restoring spellchecker
[01/09/18, 16:47:17:730] info: Loading dictionary for language en-CA
[01/09/18, 16:47:17:731] info: Returning local copy: /home/ryan/.config/Slack/dictionaries/en-CA.bdic
[01/09/18, 16:47:17:761] info: Unloading spellchecker
[01/09/18, 16:47:17:781] info: Restoring spellchecker
[01/09/18, 16:47:17:782] info: Loading dictionary for language en-CA
[01/09/18, 16:47:17:783] info: Returning local copy: /home/ryan/.config/Slack/dictionaries/en-CA.bdic
[01/09/18, 16:47:17:805] info: Setting current spellchecker to en-CA, requested language was en-CA
[01/09/18, 16:47:17:805] info: Creating node-spellchecker instance
[01/09/18, 16:47:17:806] info: Setting current spellchecker to en-CA, requested language was en-CA
[01/09/18, 16:47:18:713] info: Store: SAVE_WINDOW_SETTINGS
{
  "isMaximized": false,
  "position": [
    1,
    18
  ],
  "size": [
    1918,
    1042
  ]
}
[01/09/18, 16:47:20:992] info: Store: SELECT_CHANNEL C5BB1LT4J
[01/09/18, 16:47:21:315] info: Loading dictionary for language en-CA
[01/09/18, 16:47:21:315] info: Returning local copy: /home/ryan/.config/Slack/dictionaries/en-CA.bdic
[01/09/18, 16:47:21:315] info: Setting current spellchecker to en-CA, requested language was en-CA
[01/09/18, 16:47:24:734] info: Unloading spellchecker
[01/09/18, 16:47:54:126] info: Restoring spellchecker
[01/09/18, 16:47:54:127] info: Loading dictionary for language en-CA
[01/09/18, 16:47:54:128] info: Returning local copy: /home/ryan/.config/Slack/dictionaries/en-CA.bdic
[01/09/18, 16:47:54:134] info: Unloading spellchecker
[01/09/18, 16:47:54:149] info: Restoring spellchecker
[01/09/18, 16:47:54:149] info: Loading dictionary for language en-CA
[01/09/18, 16:47:54:150] info: Returning local copy: /home/ryan/.config/Slack/dictionaries/en-CA.bdic
[01/09/18, 16:47:54:166] info: Setting current spellchecker to en-CA, requested language was en-CA
[01/09/18, 16:47:54:167] info: Creating node-spellchecker instance
[01/09/18, 16:47:54:168] info: Setting current spellchecker to en-CA, requested language was en-CA
[01/09/18, 16:47:55:108] info: Store: SAVE_WINDOW_SETTINGS
{
  "isMaximized": false,
  "position": [
    1,
    18
  ],
  "size": [
    1918,
    1042
  ]
}
[01/09/18, 16:48:00:272] info: Unloading spellchecker
[01/09/18, 16:48:15:213] info: Restoring spellchecker
[01/09/18, 16:48:15:214] info: Loading dictionary for language en-CA
[01/09/18, 16:48:15:214] info: Returning local copy: /home/ryan/.config/Slack/dictionaries/en-CA.bdic
[01/09/18, 16:48:15:222] info: Unloading spellchecker
[01/09/18, 16:48:15:246] info: Restoring spellchecker
[01/09/18, 16:48:15:247] info: Loading dictionary for language en-CA
[01/09/18, 16:48:15:247] info: Returning local copy: /home/ryan/.config/Slack/dictionaries/en-CA.bdic
[01/09/18, 16:48:15:260] info: Setting current spellchecker to en-CA, requested language was en-CA
[01/09/18, 16:48:15:261] info: Creating node-spellchecker instance
[01/09/18, 16:48:15:262] info: Setting current spellchecker to en-CA, requested language was en-CA
[01/09/18, 16:48:16:189] info: Store: SAVE_WINDOW_SETTINGS
{
  "isMaximized": false,
  "position": [
    1,
    18
  ],
  "size": [
    1918,
    1042
  ]
}
[01/09/18, 16:48:16:596] info: Unloading spellchecker
[01/09/18, 16:52:01:313] info: Store: SAVE_WINDOW_SETTINGS
{
  "isMaximized": false,
  "position": [
    1,
    18
  ],
  "size": [
    1918,
    1042
  ]
}
[01/10/18, 08:18:50:092] error: Jan-10 08:18:50.910 SOCKET-MANAGER (T2616ES0G) Closing socket due to unknown error
[01/10/18, 08:18:51:857] info: Store: UPDATE_TEAM_ICONS
{
  "icons": {
    "image_102": "https://slack-files2.s3-us-west-2.amazonaws.com/avatars/2017-01-25/132842497927_0dbc3c6e7e03990332f5_102.png",
    "image_132": "https://slack-files2.s3-us-west-2.amazonaws.com/avatars/2017-01-25/132842497927_0dbc3c6e7e03990332f5_132.png",
    "image_230": "https://slack-files2.s3-us-west-2.amazonaws.com/avatars/2017-01-25/132842497927_0dbc3c6e7e03990332f5_230.png",
    "image_34": "https://slack-files2.s3-us-west-2.amazonaws.com/avatars/2017-01-25/132842497927_0dbc3c6e7e03990332f5_34.png",
    "image_44": "https://slack-files2.s3-us-west-2.amazonaws.com/avatars/2017-01-25/132842497927_0dbc3c6e7e03990332f5_44.png",
    "image_68": "https://slack-files2.s3-us-west-2.amazonaws.com/avatars/2017-01-25/132842497927_0dbc3c6e7e03990332f5_68.png",
    "image_88": "https://slack-files2.s3-us-west-2.amazonaws.com/avatars/2017-01-25/132842497927_0dbc3c6e7e03990332f5_88.png",
    "image_original": "https://slack-files2.s3-us-west-2.amazonaws.com/avatars/2017-01-25/132842497927_0dbc3c6e7e03990332f5_original.png"
  },
  "teamId": "T2616ES0G"
}
[01/10/18, 08:18:51:862] info: Store: UPDATE_TEAM_LOCALE
{
  "locale": "en-US",
  "teamId": "T2616ES0G"
}
[01/10/18, 08:32:06:923] info: Restoring spellchecker
[01/10/18, 08:32:06:925] info: Loading dictionary for language en-CA
[01/10/18, 08:32:06:925] info: Returning local copy: /home/ryan/.config/Slack/dictionaries/en-CA.bdic
[01/10/18, 08:32:06:940] info: Unloading spellchecker
[01/10/18, 08:32:06:969] info: Restoring spellchecker
[01/10/18, 08:32:06:970] info: Loading dictionary for language en-CA
[01/10/18, 08:32:06:970] info: Returning local copy: /home/ryan/.config/Slack/dictionaries/en-CA.bdic
[01/10/18, 08:32:07:092] info: Setting current spellchecker to en-CA, requested language was en-CA
[01/10/18, 08:32:07:093] info: Creating node-spellchecker instance
[01/10/18, 08:32:07:094] info: Setting current spellchecker to en-CA, requested language was en-CA
[01/10/18, 08:32:07:885] info: Store: SAVE_WINDOW_SETTINGS
{
  "isMaximized": false,
  "position": [
    1,
    18
  ],
  "size": [
    1918,
    1042
  ]
}
[01/10/18, 08:32:12:287] info: Store: SELECT_CHANNEL C2THZDE65
[01/10/18, 08:32:12:634] info: Loading dictionary for language en-CA
[01/10/18, 08:32:12:635] info: Returning local copy: /home/ryan/.config/Slack/dictionaries/en-CA.bdic
[01/10/18, 08:32:12:635] info: Setting current spellchecker to en-CA, requested language was en-CA
[01/10/18, 08:32:20:975] info: Store: SELECT_CHANNEL C262NGW94
[01/10/18, 08:32:21:532] info: Loading dictionary for language en-CA
[01/10/18, 08:32:21:532] info: Returning local copy: /home/ryan/.config/Slack/dictionaries/en-CA.bdic
[01/10/18, 08:32:21:533] info: Setting current spellchecker to en-CA, requested language was en-CA
[01/10/18, 08:32:30:258] info: Store: SELECT_CHANNEL C6PGP4A1H
[01/10/18, 08:32:32:794] info: Store: SELECT_CHANNEL C2THZDE65
[01/10/18, 08:32:33:099] info: Loading dictionary for language en-CA
[01/10/18, 08:32:33:100] info: Returning local copy: /home/ryan/.config/Slack/dictionaries/en-CA.bdic
[01/10/18, 08:32:33:100] info: Setting current spellchecker to en-CA, requested language was en-CA
[01/10/18, 08:32:33:861] info: Loading dictionary for language en-CA
[01/10/18, 08:32:33:861] info: Returning local copy: /home/ryan/.config/Slack/dictionaries/en-CA.bdic
[01/10/18, 08:32:33:864] info: Setting current spellchecker to en-CA, requested language was en-CA
[01/10/18, 08:32:34:076] info: Unloading spellchecker
[01/10/18, 08:48:10:790] info: Restoring spellchecker
[01/10/18, 08:48:10:791] info: Loading dictionary for language en-CA
[01/10/18, 08:48:10:791] info: Returning local copy: /home/ryan/.config/Slack/dictionaries/en-CA.bdic
[01/10/18, 08:48:10:805] info: Unloading spellchecker
[01/10/18, 08:48:10:818] info: Restoring spellchecker
[01/10/18, 08:48:10:818] info: Loading dictionary for language en-CA
[01/10/18, 08:48:10:818] info: Returning local copy: /home/ryan/.config/Slack/dictionaries/en-CA.bdic
[01/10/18, 08:48:10:847] info: Setting current spellchecker to en-CA, requested language was en-CA
[01/10/18, 08:48:10:847] info: Creating node-spellchecker instance
[01/10/18, 08:48:10:848] info: Setting current spellchecker to en-CA, requested language was en-CA
[01/10/18, 08:48:11:764] info: Store: SAVE_WINDOW_SETTINGS
{
  "isMaximized": false,
  "position": [
    1,
    18
  ],
  "size": [
    1918,
    1042
  ]
}
[01/10/18, 08:48:15:618] info: Store: SELECT_CHANNEL C262NGW94
[01/10/18, 08:48:15:949] info: Loading dictionary for language en-CA
[01/10/18, 08:48:15:949] info: Returning local copy: /home/ryan/.config/Slack/dictionaries/en-CA.bdic
[01/10/18, 08:48:15:950] info: Setting current spellchecker to en-CA, requested language was en-CA
[01/10/18, 08:48:19:998] info: Unloading spellchecker
[01/10/18, 08:48:21:906] info: Restoring spellchecker
[01/10/18, 08:48:21:908] info: Loading dictionary for language en-CA
[01/10/18, 08:48:21:909] info: Returning local copy: /home/ryan/.config/Slack/dictionaries/en-CA.bdic
[01/10/18, 08:48:21:929] info: Unloading spellchecker
[01/10/18, 08:48:21:934] info: Restoring spellchecker
[01/10/18, 08:48:21:934] info: Loading dictionary for language en-CA
[01/10/18, 08:48:21:934] info: Returning local copy: /home/ryan/.config/Slack/dictionaries/en-CA.bdic
[01/10/18, 08:48:21:942] info: Unloading spellchecker
[01/10/18, 08:48:21:945] info: Restoring spellchecker
[01/10/18, 08:48:21:945] info: Loading dictionary for language en-CA
[01/10/18, 08:48:21:945] info: Returning local copy: /home/ryan/.config/Slack/dictionaries/en-CA.bdic
[01/10/18, 08:48:21:949] info: Unloading spellchecker
[01/10/18, 08:48:21:951] info: Restoring spellchecker
[01/10/18, 08:48:21:951] info: Loading dictionary for language en-CA
[01/10/18, 08:48:21:951] info: Returning local copy: /home/ryan/.config/Slack/dictionaries/en-CA.bdic
[01/10/18, 08:48:21:969] info: Setting current spellchecker to en-CA, requested language was en-CA
[01/10/18, 08:48:21:969] info: Creating node-spellchecker instance
[01/10/18, 08:48:21:971] info: Setting current spellchecker to en-CA, requested language was en-CA
[01/10/18, 08:48:21:971] info: Setting current spellchecker to en-CA, requested language was en-CA
[01/10/18, 08:48:21:971] info: Setting current spellchecker to en-CA, requested language was en-CA
[01/10/18, 08:48:22:284] info: Unloading spellchecker
[01/10/18, 08:48:22:924] info: Store: SAVE_WINDOW_SETTINGS
{
  "isMaximized": false,
  "position": [
    1,
    18
  ],
  "size": [
    1918,
    1042
  ]
}
[01/10/18, 09:28:56:947] info: Restoring spellchecker
[01/10/18, 09:28:56:948] info: Loading dictionary for language en-CA
[01/10/18, 09:28:56:948] info: Returning local copy: /home/ryan/.config/Slack/dictionaries/en-CA.bdic
[01/10/18, 09:28:56:957] info: Unloading spellchecker
[01/10/18, 09:28:56:975] info: Restoring spellchecker
[01/10/18, 09:28:56:975] info: Loading dictionary for language en-CA
[01/10/18, 09:28:56:975] info: Returning local copy: /home/ryan/.config/Slack/dictionaries/en-CA.bdic
[01/10/18, 09:28:57:026] info: Setting current spellchecker to en-CA, requested language was en-CA
[01/10/18, 09:28:57:026] info: Creating node-spellchecker instance
[01/10/18, 09:28:57:027] info: Setting current spellchecker to en-CA, requested language was en-CA
[01/10/18, 09:28:57:928] info: Store: SAVE_WINDOW_SETTINGS
{
  "isMaximized": false,
  "position": [
    1,
    18
  ],
  "size": [
    1918,
    1042
  ]
}
[01/10/18, 09:29:01:465] info: Store: SELECT_CHANNEL C2B5LM1KN
[01/10/18, 09:29:02:102] info: Loading dictionary for language en-CA
[01/10/18, 09:29:02:102] info: Returning local copy: /home/ryan/.config/Slack/dictionaries/en-CA.bdic
[01/10/18, 09:29:02:108] info: Setting current spellchecker to en-CA, requested language was en-CA
[01/10/18, 09:29:55:503] info: Unloading spellchecker
[01/10/18, 09:29:57:168] info: Restoring spellchecker
[01/10/18, 09:29:57:171] info: Loading dictionary for language en-CA
[01/10/18, 09:29:57:173] info: Returning local copy: /home/ryan/.config/Slack/dictionaries/en-CA.bdic
[01/10/18, 09:29:57:227] info: Setting current spellchecker to en-CA, requested language was en-CA
[01/10/18, 09:29:57:228] info: Creating node-spellchecker instance
[01/10/18, 09:29:58:492] info: Unloading spellchecker
[01/10/18, 09:46:12:139] warn: Unable to read quiet hours setting: windows-quiet-hours works only on Windows
[01/10/18, 09:46:12:139] warn: Unable to read quiet hours setting: windows-quiet-hours works only on Windows
[01/10/18, 09:46:12:150] info: Store: NEW_NOTIFICATION
{
  "avatarImage": "https://ca.slack-edge.com/T2616ES0G-U26D458G4-g953702da2b6-512",
  "channel": "C44EZRM7C",
  "content": "[REDACTED]",
  "id": "v24EuWhAxpAoKlZ",
  "imageUri": null,
  "launchUri": "slack://channel?id=C44EZRM7C&message=1515595571.000149&team=T2616ES0G",
  "msg": "1515595571.000149",
  "silent": true,
  "subtitle": "",
  "teamId": "T2616ES0G",
  "title": "[REDACTED]"
}
[01/10/18, 09:51:16:849] warn: Unable to read quiet hours setting: windows-quiet-hours works only on Windows
[01/10/18, 09:51:16:849] warn: Unable to read quiet hours setting: windows-quiet-hours works only on Windows
[01/10/18, 09:51:16:861] info: Store: NEW_NOTIFICATION
{
  "avatarImage": "https://ca.slack-edge.com/T2616ES0G-U28QA1SMB-40771dea8ca9-512",
  "channel": "D8QBTJ0A2",
  "content": "[REDACTED]",
  "id": "kR4pFki9LB900R7",
  "imageUri": null,
  "launchUri": "slack://channel?id=D8QBTJ0A2&message=1515595876.000280&team=T2616ES0G",
  "msg": "1515595876.000280",
  "silent": true,
  "subtitle": "",
  "teamId": "T2616ES0G",
  "title": "[REDACTED]"
}
[01/10/18, 09:51:31:070] warn: Unable to read quiet hours setting: windows-quiet-hours works only on Windows
[01/10/18, 09:51:31:070] warn: Unable to read quiet hours setting: windows-quiet-hours works only on Windows
[01/10/18, 09:51:31:075] info: Store: NEW_NOTIFICATION
{
  "avatarImage": "https://ca.slack-edge.com/T2616ES0G-U28QA1SMB-40771dea8ca9-512",
  "channel": "D8QBTJ0A2",
  "content": "[REDACTED]",
  "id": "jR4oFls7vo7ME26",
  "imageUri": null,
  "launchUri": "slack://channel?id=D8QBTJ0A2&message=1515595890.000468&team=T2616ES0G",
  "msg": "1515595890.000468",
  "silent": true,
  "subtitle": "",
  "teamId": "T2616ES0G",
  "title": "[REDACTED]"
}
[01/10/18, 09:51:51:655] warn: Unable to read quiet hours setting: windows-quiet-hours works only on Windows
[01/10/18, 09:51:51:656] warn: Unable to read quiet hours setting: windows-quiet-hours works only on Windows
[01/10/18, 09:51:51:660] info: Store: NEW_NOTIFICATION
{
  "avatarImage": "https://ca.slack-edge.com/T2616ES0G-U28QA1SMB-40771dea8ca9-512",
  "channel": "D8QBTJ0A2",
  "content": "[REDACTED]",
  "id": "R6GEFgtO5lOXKmZ",
  "imageUri": null,
  "launchUri": "slack://channel?id=D8QBTJ0A2&message=1515595911.000347&team=T2616ES0G",
  "msg": "1515595911.000347",
  "silent": true,
  "subtitle": "",
  "teamId": "T2616ES0G",
  "title": "[REDACTED]"
}
[01/10/18, 09:52:02:927] warn: Unable to read quiet hours setting: windows-quiet-hours works only on Windows
[01/10/18, 09:52:02:927] warn: Unable to read quiet hours setting: windows-quiet-hours works only on Windows
[01/10/18, 09:52:02:930] info: Store: NEW_NOTIFICATION
{
  "avatarImage": "https://ca.slack-edge.com/T2616ES0G-U28QA1SMB-40771dea8ca9-512",
  "channel": "D8QBTJ0A2",
  "content": "[REDACTED]",
  "id": "L9yxcQumplm18pp",
  "imageUri": null,
  "launchUri": "slack://channel?id=D8QBTJ0A2&message=1515595922.000342&team=T2616ES0G",
  "msg": "1515595922.000342",
  "silent": true,
  "subtitle": "",
  "teamId": "T2616ES0G",
  "title": "[REDACTED]"
}
[01/10/18, 09:57:39:717] warn: Unable to read quiet hours setting: windows-quiet-hours works only on Windows
[01/10/18, 09:57:39:718] warn: Unable to read quiet hours setting: windows-quiet-hours works only on Windows
[01/10/18, 09:57:39:726] info: Store: NEW_NOTIFICATION
{
  "avatarImage": "https://ca.slack-edge.com/T2616ES0G-U28QA1SMB-40771dea8ca9-512",
  "channel": "D8QBTJ0A2",
  "content": "[REDACTED]",
  "id": "wp4GcVCKj6KAOOK",
  "imageUri": null,
  "launchUri": "slack://channel?id=D8QBTJ0A2&message=1515596259.000462&team=T2616ES0G",
  "msg": "1515596259.000462",
  "silent": true,
  "subtitle": "",
  "teamId": "T2616ES0G",
  "title": "[REDACTED]"
}
[01/10/18, 09:58:30:429] warn: Unable to read quiet hours setting: windows-quiet-hours works only on Windows
[01/10/18, 09:58:30:429] warn: Unable to read quiet hours setting: windows-quiet-hours works only on Windows
[01/10/18, 09:58:30:438] info: Store: NEW_NOTIFICATION
{
  "avatarImage": "https://ca.slack-edge.com/T2616ES0G-U28QA1SMB-40771dea8ca9-512",
  "channel": "D8QBTJ0A2",
  "content": "[REDACTED]",
  "id": "W6NMFPFnGDnyJqA",
  "imageUri": null,
  "launchUri": "slack://channel?id=D8QBTJ0A2&message=1515596310.000092&team=T2616ES0G",
  "msg": "1515596310.000092",
  "silent": true,
  "subtitle": "",
  "teamId": "T2616ES0G",
  "title": "[REDACTED]"
}
[01/10/18, 09:58:41:521] info: Restoring spellchecker
[01/10/18, 09:58:41:522] info: Loading dictionary for language en-CA
[01/10/18, 09:58:41:522] info: Returning local copy: /home/ryan/.config/Slack/dictionaries/en-CA.bdic
[01/10/18, 09:58:41:527] info: Unloading spellchecker
[01/10/18, 09:58:41:545] info: Restoring spellchecker
[01/10/18, 09:58:41:545] info: Loading dictionary for language en-CA
[01/10/18, 09:58:41:545] info: Returning local copy: /home/ryan/.config/Slack/dictionaries/en-CA.bdic
[01/10/18, 09:58:41:595] info: Setting current spellchecker to en-CA, requested language was en-CA
[01/10/18, 09:58:41:595] info: Creating node-spellchecker instance
[01/10/18, 09:58:41:596] info: Setting current spellchecker to en-CA, requested language was en-CA
[01/10/18, 09:58:42:504] info: Store: SAVE_WINDOW_SETTINGS
{
  "isMaximized": false,
  "position": [
    1,
    18
  ],
  "size": [
    1918,
    1042
  ]
}
[01/10/18, 09:58:46:360] info: Store: SELECT_CHANNEL C44EZRM7C
[01/10/18, 09:58:46:711] info: Loading dictionary for language en-CA
[01/10/18, 09:58:46:711] info: Returning local copy: /home/ryan/.config/Slack/dictionaries/en-CA.bdic
[01/10/18, 09:58:46:712] info: Setting current spellchecker to en-CA, requested language was en-CA
[01/10/18, 09:58:53:819] info: Store: SELECT_CHANNEL D8QBTJ0A2
[01/10/18, 09:58:54:141] info: Loading dictionary for language en-CA
[01/10/18, 09:58:54:141] info: Returning local copy: /home/ryan/.config/Slack/dictionaries/en-CA.bdic
[01/10/18, 09:58:54:142] info: Setting current spellchecker to en-CA, requested language was en-CA
[01/10/18, 09:59:09:563] info: Unloading spellchecker
[01/10/18, 10:00:25:838] warn: Unable to read quiet hours setting: windows-quiet-hours works only on Windows
[01/10/18, 10:00:25:838] warn: Unable to read quiet hours setting: windows-quiet-hours works only on Windows
[01/10/18, 10:00:25:843] info: Store: NEW_NOTIFICATION
{
  "avatarImage": "https://ca.slack-edge.com/T2616ES0G-U28QA1SMB-40771dea8ca9-512",
  "channel": "D8QBTJ0A2",
  "content": "[REDACTED]",
  "id": "YEPOtgHV5pVzo1P",
  "imageUri": null,
  "launchUri": "slack://channel?id=D8QBTJ0A2&message=1515596425.000494&team=T2616ES0G",
  "msg": "1515596425.000494",
  "silent": true,
  "subtitle": "",
  "teamId": "T2616ES0G",
  "title": "[REDACTED]"
}
[01/10/18, 10:01:19:227] info: Restoring spellchecker
[01/10/18, 10:01:19:229] info: Loading dictionary for language en-CA
[01/10/18, 10:01:19:230] info: Returning local copy: /home/ryan/.config/Slack/dictionaries/en-CA.bdic
[01/10/18, 10:01:19:285] info: Setting current spellchecker to en-CA, requested language was en-CA
[01/10/18, 10:01:19:285] info: Creating node-spellchecker instance
[01/10/18, 10:01:20:315] info: Unloading spellchecker
[01/10/18, 10:09:54:167] info: Restoring spellchecker
[01/10/18, 10:09:54:168] info: Loading dictionary for language en-CA
[01/10/18, 10:09:54:168] info: Returning local copy: /home/ryan/.config/Slack/dictionaries/en-CA.bdic
[01/10/18, 10:09:54:173] info: Unloading spellchecker
[01/10/18, 10:09:54:189] info: Restoring spellchecker
[01/10/18, 10:09:54:189] info: Loading dictionary for language en-CA
[01/10/18, 10:09:54:189] info: Returning local copy: /home/ryan/.config/Slack/dictionaries/en-CA.bdic
[01/10/18, 10:09:54:205] info: Setting current spellchecker to en-CA, requested language was en-CA
[01/10/18, 10:09:54:205] info: Creating node-spellchecker instance
[01/10/18, 10:09:54:207] info: Setting current spellchecker to en-CA, requested language was en-CA
[01/10/18, 10:09:55:156] info: Store: SAVE_WINDOW_SETTINGS
{
  "isMaximized": false,
  "position": [
    1,
    18
  ],
  "size": [
    1918,
    1042
  ]
}
[01/10/18, 10:09:58:928] info: Store: SELECT_CHANNEL C6PGP4A1H
[01/10/18, 10:09:59:258] info: Loading dictionary for language en-CA
[01/10/18, 10:09:59:258] info: Returning local copy: /home/ryan/.config/Slack/dictionaries/en-CA.bdic
[01/10/18, 10:09:59:258] info: Setting current spellchecker to en-CA, requested language was en-CA
[01/10/18, 10:10:07:430] info: Unloading spellchecker
[01/10/18, 10:11:46:594] info: Restoring spellchecker
[01/10/18, 10:11:46:595] info: Loading dictionary for language en-CA
[01/10/18, 10:11:46:596] info: Returning local copy: /home/ryan/.config/Slack/dictionaries/en-CA.bdic
[01/10/18, 10:11:46:602] info: Unloading spellchecker
[01/10/18, 10:11:46:622] info: Restoring spellchecker
[01/10/18, 10:11:46:623] info: Loading dictionary for language en-CA
[01/10/18, 10:11:46:623] info: Returning local copy: /home/ryan/.config/Slack/dictionaries/en-CA.bdic
[01/10/18, 10:11:46:679] info: Setting current spellchecker to en-CA, requested language was en-CA
[01/10/18, 10:11:46:679] info: Creating node-spellchecker instance
[01/10/18, 10:11:46:680] info: Setting current spellchecker to en-CA, requested language was en-CA
[01/10/18, 10:11:47:567] info: Unloading spellchecker
[01/10/18, 10:11:47:576] info: Store: SAVE_WINDOW_SETTINGS
{
  "isMaximized": false,
  "position": [
    1,
    18
  ],
  "size": [
    1918,
    1042
  ]
}
[01/10/18, 10:11:50:950] info: Restoring spellchecker
[01/10/18, 10:11:50:953] info: Loading dictionary for language en-CA
[01/10/18, 10:11:50:954] info: Returning local copy: /home/ryan/.config/Slack/dictionaries/en-CA.bdic
[01/10/18, 10:11:50:974] info: Unloading spellchecker
[01/10/18, 10:11:50:996] info: Restoring spellchecker
[01/10/18, 10:11:50:996] info: Loading dictionary for language en-CA
[01/10/18, 10:11:50:997] info: Returning local copy: /home/ryan/.config/Slack/dictionaries/en-CA.bdic
[01/10/18, 10:11:51:019] info: Setting current spellchecker to en-CA, requested language was en-CA
[01/10/18, 10:11:51:019] info: Creating node-spellchecker instance
[01/10/18, 10:11:51:020] info: Setting current spellchecker to en-CA, requested language was en-CA
[01/10/18, 10:11:51:942] info: Store: SAVE_WINDOW_SETTINGS
{
  "isMaximized": false,
  "position": [
    1,
    18
  ],
  "size": [
    1918,
    1042
  ]
}
[01/10/18, 10:11:56:395] info: Unloading spellchecker
[01/10/18, 10:11:56:971] info: Restoring spellchecker
[01/10/18, 10:11:56:973] info: Loading dictionary for language en-CA
[01/10/18, 10:11:56:974] info: Returning local copy: /home/ryan/.config/Slack/dictionaries/en-CA.bdic
[01/10/18, 10:11:57:040] info: Setting current spellchecker to en-CA, requested language was en-CA
[01/10/18, 10:11:57:041] info: Creating node-spellchecker instance
[01/10/18, 10:12:18:348] info: Unloading spellchecker
[01/10/18, 10:12:20:206] info: Restoring spellchecker
[01/10/18, 10:12:20:208] info: Loading dictionary for language en-CA
[01/10/18, 10:12:20:209] info: Returning local copy: /home/ryan/.config/Slack/dictionaries/en-CA.bdic
[01/10/18, 10:12:20:215] info: Unloading spellchecker
[01/10/18, 10:12:20:228] info: Restoring spellchecker
[01/10/18, 10:12:20:229] info: Loading dictionary for language en-CA
[01/10/18, 10:12:20:229] info: Returning local copy: /home/ryan/.config/Slack/dictionaries/en-CA.bdic
[01/10/18, 10:12:20:246] info: Setting current spellchecker to en-CA, requested language was en-CA
[01/10/18, 10:12:20:246] info: Creating node-spellchecker instance
[01/10/18, 10:12:20:247] info: Setting current spellchecker to en-CA, requested language was en-CA
[01/10/18, 10:12:21:219] info: Store: SAVE_WINDOW_SETTINGS
{
  "isMaximized": false,
  "position": [
    1,
    18
  ],
  "size": [
    1918,
    1042
  ]
}
[01/10/18, 10:12:22:341] info: Store: SELECT_CHANNEL C5K0V0MS5
[01/10/18, 10:12:22:854] info: Loading dictionary for language en-CA
[01/10/18, 10:12:22:854] info: Returning local copy: /home/ryan/.config/Slack/dictionaries/en-CA.bdic
[01/10/18, 10:12:22:854] info: Setting current spellchecker to en-CA, requested language was en-CA
[01/10/18, 10:12:27:916] info: Unloading spellchecker
[01/10/18, 10:12:28:860] info: Restoring spellchecker
[01/10/18, 10:12:28:862] info: Loading dictionary for language en-CA
[01/10/18, 10:12:28:862] info: Returning local copy: /home/ryan/.config/Slack/dictionaries/en-CA.bdic
[01/10/18, 10:12:28:885] info: Setting current spellchecker to en-CA, requested language was en-CA
[01/10/18, 10:12:28:885] info: Creating node-spellchecker instance
[01/10/18, 10:12:29:311] info: Unloading spellchecker
[01/10/18, 10:19:13:616] warn: Unable to read quiet hours setting: windows-quiet-hours works only on Windows
[01/10/18, 10:19:13:617] warn: Unable to read quiet hours setting: windows-quiet-hours works only on Windows
[01/10/18, 10:19:13:622] info: Store: NEW_NOTIFICATION
{
  "avatarImage": "https://ca.slack-edge.com/T2616ES0G-U28QA1SMB-40771dea8ca9-512",
  "channel": "D8QBTJ0A2",
  "content": "[REDACTED]",
  "id": "82LRuBIMrNMGJn8",
  "imageUri": null,
  "launchUri": "slack://channel?id=D8QBTJ0A2&message=1515597553.000101&team=T2616ES0G",
  "msg": "1515597553.000101",
  "silent": true,
  "subtitle": "",
  "teamId": "T2616ES0G",
  "title": "[REDACTED]"
}
[01/10/18, 10:35:38:601] info: Restoring spellchecker
[01/10/18, 10:35:38:601] info: Loading dictionary for language en-CA
[01/10/18, 10:35:38:602] info: Returning local copy: /home/ryan/.config/Slack/dictionaries/en-CA.bdic
[01/10/18, 10:35:38:607] info: Unloading spellchecker
[01/10/18, 10:35:38:617] info: Restoring spellchecker
[01/10/18, 10:35:38:617] info: Loading dictionary for language en-CA
[01/10/18, 10:35:38:617] info: Returning local copy: /home/ryan/.config/Slack/dictionaries/en-CA.bdic
[01/10/18, 10:35:38:667] info: Setting current spellchecker to en-CA, requested language was en-CA
[01/10/18, 10:35:38:668] info: Creating node-spellchecker instance
[01/10/18, 10:35:38:668] info: Setting current spellchecker to en-CA, requested language was en-CA
[01/10/18, 10:35:39:590] info: Store: SAVE_WINDOW_SETTINGS
{
  "isMaximized": false,
  "position": [
    1,
    18
  ],
  "size": [
    1918,
    1042
  ]
}
[01/10/18, 10:35:41:370] info: Store: SELECT_CHANNEL D8QBTJ0A2
[01/10/18, 10:35:41:671] info: Loading dictionary for language en-CA
[01/10/18, 10:35:41:671] info: Returning local copy: /home/ryan/.config/Slack/dictionaries/en-CA.bdic
[01/10/18, 10:35:41:671] info: Setting current spellchecker to en-CA, requested language was en-CA
[01/10/18, 10:35:45:772] info: Unloading spellchecker
[01/10/18, 10:35:57:695] info: Restoring spellchecker
[01/10/18, 10:35:57:697] info: Loading dictionary for language en-CA
[01/10/18, 10:35:57:697] info: Returning local copy: /home/ryan/.config/Slack/dictionaries/en-CA.bdic
[01/10/18, 10:35:57:722] info: Setting current spellchecker to en-CA, requested language was en-CA
[01/10/18, 10:35:57:722] info: Creating node-spellchecker instance
[01/10/18, 10:35:58:167] info: Unloading spellchecker
[01/10/18, 10:51:57:395] info: Restoring spellchecker
[01/10/18, 10:51:57:395] info: Loading dictionary for language en-CA
[01/10/18, 10:51:57:395] info: Returning local copy: /home/ryan/.config/Slack/dictionaries/en-CA.bdic
[01/10/18, 10:51:57:401] info: Unloading spellchecker
[01/10/18, 10:51:57:414] info: Restoring spellchecker
[01/10/18, 10:51:57:416] info: Loading dictionary for language en-CA
[01/10/18, 10:51:57:416] info: Returning local copy: /home/ryan/.config/Slack/dictionaries/en-CA.bdic
[01/10/18, 10:51:57:444] info: Setting current spellchecker to en-CA, requested language was en-CA
[01/10/18, 10:51:57:444] info: Creating node-spellchecker instance
[01/10/18, 10:51:57:445] info: Setting current spellchecker to en-CA, requested language was en-CA
[01/10/18, 10:51:57:974] info: Unloading spellchecker
[01/10/18, 10:51:58:392] info: Store: SAVE_WINDOW_SETTINGS
{
  "isMaximized": false,
  "position": [
    1,
    18
  ],
  "size": [
    1918,
    1042
  ]
}
[01/10/18, 10:54:07:837] info: Restoring spellchecker
[01/10/18, 10:54:07:838] info: Loading dictionary for language en-CA
[01/10/18, 10:54:07:838] info: Returning local copy: /home/ryan/.config/Slack/dictionaries/en-CA.bdic
[01/10/18, 10:54:07:868] info: Setting current spellchecker to en-CA, requested language was en-CA
[01/10/18, 10:54:07:868] info: Creating node-spellchecker instance
[01/10/18, 10:54:08:257] info: Unloading spellchecker
[01/10/18, 11:00:36:412] info: Restoring spellchecker
[01/10/18, 11:00:36:413] info: Loading dictionary for language en-CA
[01/10/18, 11:00:36:413] info: Returning local copy: /home/ryan/.config/Slack/dictionaries/en-CA.bdic
[01/10/18, 11:00:36:418] info: Unloading spellchecker
[01/10/18, 11:00:36:435] info: Restoring spellchecker
[01/10/18, 11:00:36:436] info: Loading dictionary for language en-CA
[01/10/18, 11:00:36:436] info: Returning local copy: /home/ryan/.config/Slack/dictionaries/en-CA.bdic
[01/10/18, 11:00:36:456] info: Setting current spellchecker to en-CA, requested language was en-CA
[01/10/18, 11:00:36:457] info: Creating node-spellchecker instance
[01/10/18, 11:00:36:458] info: Setting current spellchecker to en-CA, requested language was en-CA
[01/10/18, 11:00:37:384] info: Store: SAVE_WINDOW_SETTINGS
{
  "isMaximized": false,
  "position": [
    1,
    18
  ],
  "size": [
    1918,
    1042
  ]
}
[01/10/18, 11:00:38:446] info: Unloading spellchecker
[01/10/18, 11:02:19:939] info: Restoring spellchecker
[01/10/18, 11:02:19:942] info: Loading dictionary for language en-CA
[01/10/18, 11:02:19:942] info: Returning local copy: /home/ryan/.config/Slack/dictionaries/en-CA.bdic
[01/10/18, 11:02:19:949] info: Unloading spellchecker
[01/10/18, 11:02:19:959] info: Restoring spellchecker
[01/10/18, 11:02:19:960] info: Loading dictionary for language en-CA
[01/10/18, 11:02:19:960] info: Returning local copy: /home/ryan/.config/Slack/dictionaries/en-CA.bdic
[01/10/18, 11:02:19:978] info: Setting current spellchecker to en-CA, requested language was en-CA
[01/10/18, 11:02:19:979] info: Creating node-spellchecker instance
[01/10/18, 11:02:19:980] info: Setting current spellchecker to en-CA, requested language was en-CA
[01/10/18, 11:02:20:938] info: Store: SAVE_WINDOW_SETTINGS
{
  "isMaximized": false,
  "position": [
    1,
    18
  ],
  "size": [
    1918,
    1042
  ]
}
[01/10/18, 11:02:31:675] info: Store: START_DOWNLOAD
{
  "id": "F8QPDCUA0",
  "teamId": "T2616ES0G",
  "url": "[REDACTED]"
}
[01/10/18, 11:02:31:679] info: Store: UPDATE_DOWNLOAD
{
  "downloadState": "started",
  "id": "F8QPDCUA0",
  "teamId": "T2616ES0G"
}
[01/10/18, 11:02:31:816] info: Store: UPDATE_DOWNLOAD
{
  "downloadPath": "[REDACTED]",
  "downloadState": "progressing",
  "id": "F8QPDCUA0",
  "requestState": null,
  "teamId": "T2616ES0G"
}
[01/10/18, 11:02:31:822] info: Store: UPDATE_DOWNLOAD
{
  "id": "F8QPDCUA0",
  "isPaused": false,
  "progress": 0,
  "teamId": "T2616ES0G"
}
[01/10/18, 11:02:31:826] info: Store: UPDATE_DOWNLOAD
{
  "id": "F8QPDCUA0",
  "isPaused": false,
  "progress": 1,
  "teamId": "T2616ES0G"
}
[01/10/18, 11:02:31:829] info: Store: UPDATE_DOWNLOAD
{
  "id": "F8QPDCUA0",
  "isPaused": false,
  "progress": 1,
  "teamId": "T2616ES0G"
}
[01/10/18, 11:02:31:837] info: Store: UPDATE_DOWNLOAD
{
  "id": "F8QPDCUA0",
  "isPaused": false,
  "progress": 1,
  "teamId": "T2616ES0G"
}
[01/10/18, 11:02:31:862] info: Store: UPDATE_DOWNLOAD
{
  "id": "F8QPDCUA0",
  "isPaused": false,
  "progress": 1,
  "teamId": "T2616ES0G"
}
[01/10/18, 11:02:31:863] info: Store: UPDATE_DOWNLOAD
{
  "downloadState": "completed",
  "endTime": 1515600151844,
  "id": "F8QPDCUA0",
  "requestState": null,
  "teamId": "T2616ES0G"
}
[01/10/18, 11:02:34:335] info: Unloading spellchecker
[01/10/18, 11:02:39:836] info: Restoring spellchecker
[01/10/18, 11:02:39:838] info: Loading dictionary for language en-CA
[01/10/18, 11:02:39:839] info: Returning local copy: /home/ryan/.config/Slack/dictionaries/en-CA.bdic
[01/10/18, 11:02:39:847] info: Unloading spellchecker
[01/10/18, 11:02:39:876] info: Restoring spellchecker
[01/10/18, 11:02:39:877] info: Loading dictionary for language en-CA
[01/10/18, 11:02:39:878] info: Returning local copy: /home/ryan/.config/Slack/dictionaries/en-CA.bdic
[01/10/18, 11:02:39:897] info: Setting current spellchecker to en-CA, requested language was en-CA
[01/10/18, 11:02:39:897] info: Creating node-spellchecker instance
[01/10/18, 11:02:39:899] info: Setting current spellchecker to en-CA, requested language was en-CA
[01/10/18, 11:02:40:838] info: Store: SAVE_WINDOW_SETTINGS
{
  "isMaximized": false,
  "position": [
    1,
    18
  ],
  "size": [
    1918,
    1042
  ]
}
[01/10/18, 11:02:40:930] info: Unloading spellchecker
[01/10/18, 11:02:49:774] info: Restoring spellchecker
[01/10/18, 11:02:49:776] info: Loading dictionary for language en-CA
[01/10/18, 11:02:49:776] info: Returning local copy: /home/ryan/.config/Slack/dictionaries/en-CA.bdic
[01/10/18, 11:02:49:812] info: Setting current spellchecker to en-CA, requested language was en-CA
[01/10/18, 11:02:49:812] info: Creating node-spellchecker instance
[01/10/18, 11:02:50:713] info: Unloading spellchecker
[01/10/18, 11:02:51:327] info: Restoring spellchecker
[01/10/18, 11:02:51:329] info: Loading dictionary for language en-CA
[01/10/18, 11:02:51:330] info: Returning local copy: /home/ryan/.config/Slack/dictionaries/en-CA.bdic
[01/10/18, 11:02:51:340] info: Unloading spellchecker
[01/10/18, 11:02:51:356] info: Restoring spellchecker
[01/10/18, 11:02:51:356] info: Loading dictionary for language en-CA
[01/10/18, 11:02:51:356] info: Returning local copy: /home/ryan/.config/Slack/dictionaries/en-CA.bdic
[01/10/18, 11:02:51:369] info: Setting current spellchecker to en-CA, requested language was en-CA
[01/10/18, 11:02:51:369] info: Creating node-spellchecker instance
[01/10/18, 11:02:51:370] info: Setting current spellchecker to en-CA, requested language was en-CA
[01/10/18, 11:02:51:564] info: Unloading spellchecker
[01/10/18, 11:02:52:329] info: Store: SAVE_WINDOW_SETTINGS
{
  "isMaximized": false,
  "position": [
    1,
    18
  ],
  "size": [
    1918,
    1042
  ]
}
[01/10/18, 11:03:15:748] info: Restoring spellchecker
[01/10/18, 11:03:15:749] info: Loading dictionary for language en-CA
[01/10/18, 11:03:15:750] info: Returning local copy: /home/ryan/.config/Slack/dictionaries/en-CA.bdic
[01/10/18, 11:03:15:755] info: Unloading spellchecker
[01/10/18, 11:03:15:769] info: Restoring spellchecker
[01/10/18, 11:03:15:769] info: Loading dictionary for language en-CA
[01/10/18, 11:03:15:770] info: Returning local copy: /home/ryan/.config/Slack/dictionaries/en-CA.bdic
[01/10/18, 11:03:15:795] info: Setting current spellchecker to en-CA, requested language was en-CA
[01/10/18, 11:03:15:795] info: Creating node-spellchecker instance
[01/10/18, 11:03:15:796] info: Setting current spellchecker to en-CA, requested language was en-CA
[01/10/18, 11:03:16:480] info: Unloading spellchecker
[01/10/18, 11:03:16:740] info: Store: SAVE_WINDOW_SETTINGS
{
  "isMaximized": false,
  "position": [
    1,
    18
  ],
  "size": [
    1918,
    1042
  ]
}
[01/10/18, 11:03:17:549] info: Restoring spellchecker
[01/10/18, 11:03:17:549] info: Loading dictionary for language en-CA
[01/10/18, 11:03:17:550] info: Returning local copy: /home/ryan/.config/Slack/dictionaries/en-CA.bdic
[01/10/18, 11:03:17:552] info: Unloading spellchecker
[01/10/18, 11:03:17:557] info: Restoring spellchecker
[01/10/18, 11:03:17:557] info: Loading dictionary for language en-CA
[01/10/18, 11:03:17:557] info: Returning local copy: /home/ryan/.config/Slack/dictionaries/en-CA.bdic
[01/10/18, 11:03:17:581] info: Setting current spellchecker to en-CA, requested language was en-CA
[01/10/18, 11:03:17:581] info: Creating node-spellchecker instance
[01/10/18, 11:03:17:582] info: Setting current spellchecker to en-CA, requested language was en-CA
[01/10/18, 11:03:18:549] info: Store: SAVE_WINDOW_SETTINGS
{
  "isMaximized": false,
  "position": [
    1,
    18
  ],
  "size": [
    1918,
    1042
  ]
}
[01/10/18, 11:03:20:690] info: Store: SELECT_CHANNEL C262NGW94
[01/10/18, 11:03:21:039] info: Loading dictionary for language en-CA
[01/10/18, 11:03:21:039] info: Returning local copy: /home/ryan/.config/Slack/dictionaries/en-CA.bdic
[01/10/18, 11:03:21:040] info: Setting current spellchecker to en-CA, requested language was en-CA
[01/10/18, 11:03:26:812] info: Store: SELECT_CHANNEL C5BB1LT4J
[01/10/18, 11:03:27:129] info: Loading dictionary for language en-CA
[01/10/18, 11:03:27:130] info: Returning local copy: /home/ryan/.config/Slack/dictionaries/en-CA.bdic
[01/10/18, 11:03:27:130] info: Setting current spellchecker to en-CA, requested language was en-CA
[01/10/18, 11:03:32:023] info: Store: SELECT_CHANNEL C2B5LM1KN
[01/10/18, 11:03:32:093] info: Loading dictionary for language en-CA
[01/10/18, 11:03:32:094] info: Returning local copy: /home/ryan/.config/Slack/dictionaries/en-CA.bdic
[01/10/18, 11:03:32:110] info: Setting current spellchecker to en-CA, requested language was en-CA
[01/10/18, 11:05:32:473] info: Unloading spellchecker
[01/10/18, 11:05:35:118] info: Restoring spellchecker
[01/10/18, 11:05:35:119] info: Loading dictionary for language en-CA
[01/10/18, 11:05:35:120] info: Returning local copy: /home/ryan/.config/Slack/dictionaries/en-CA.bdic
[01/10/18, 11:05:35:137] info: Setting current spellchecker to en-CA, requested language was en-CA
[01/10/18, 11:05:35:138] info: Creating node-spellchecker instance
[01/10/18, 11:05:35:804] info: Unloading spellchecker
[01/10/18, 11:05:36:644] info: Restoring spellchecker
[01/10/18, 11:05:36:645] info: Loading dictionary for language en-CA
[01/10/18, 11:05:36:645] info: Returning local copy: /home/ryan/.config/Slack/dictionaries/en-CA.bdic
[01/10/18, 11:05:36:652] info: Unloading spellchecker
[01/10/18, 11:05:36:670] info: Restoring spellchecker
[01/10/18, 11:05:36:670] info: Loading dictionary for language en-CA
[01/10/18, 11:05:36:670] info: Returning local copy: /home/ryan/.config/Slack/dictionaries/en-CA.bdic
[01/10/18, 11:05:36:693] info: Setting current spellchecker to en-CA, requested language was en-CA
[01/10/18, 11:05:36:693] info: Creating node-spellchecker instance
[01/10/18, 11:05:36:694] info: Setting current spellchecker to en-CA, requested language was en-CA
[01/10/18, 11:05:36:914] info: Unloading spellchecker
[01/10/18, 11:05:37:515] info: Restoring spellchecker
[01/10/18, 11:05:37:516] info: Loading dictionary for language en-CA
[01/10/18, 11:05:37:516] info: Returning local copy: /home/ryan/.config/Slack/dictionaries/en-CA.bdic
[01/10/18, 11:05:37:521] info: Unloading spellchecker
[01/10/18, 11:05:37:523] info: Restoring spellchecker
[01/10/18, 11:05:37:524] info: Loading dictionary for language en-CA
[01/10/18, 11:05:37:524] info: Returning local copy: /home/ryan/.config/Slack/dictionaries/en-CA.bdic
[01/10/18, 11:05:37:529] info: Unloading spellchecker
[01/10/18, 11:05:37:530] info: Restoring spellchecker
[01/10/18, 11:05:37:530] info: Loading dictionary for language en-CA
[01/10/18, 11:05:37:530] info: Returning local copy: /home/ryan/.config/Slack/dictionaries/en-CA.bdic
[01/10/18, 11:05:37:533] info: Unloading spellchecker
[01/10/18, 11:05:37:535] info: Restoring spellchecker
[01/10/18, 11:05:37:535] info: Loading dictionary for language en-CA
[01/10/18, 11:05:37:535] info: Returning local copy: /home/ryan/.config/Slack/dictionaries/en-CA.bdic
[01/10/18, 11:05:37:554] info: Setting current spellchecker to en-CA, requested language was en-CA
[01/10/18, 11:05:37:554] info: Creating node-spellchecker instance
[01/10/18, 11:05:37:555] info: Setting current spellchecker to en-CA, requested language was en-CA
[01/10/18, 11:05:37:556] info: Setting current spellchecker to en-CA, requested language was en-CA
[01/10/18, 11:05:37:556] info: Setting current spellchecker to en-CA, requested language was en-CA
[01/10/18, 11:05:38:082] info: Unloading spellchecker
[01/10/18, 11:05:38:519] info: Store: SAVE_WINDOW_SETTINGS
{
  "isMaximized": false,
  "position": [
    1,
    18
  ],
  "size": [
    1918,
    1042
  ]
}
[01/10/18, 11:06:03:905] info: Restoring spellchecker
[01/10/18, 11:06:03:905] info: Loading dictionary for language en-CA
[01/10/18, 11:06:03:905] info: Returning local copy: /home/ryan/.config/Slack/dictionaries/en-CA.bdic
[01/10/18, 11:06:03:908] info: Unloading spellchecker
[01/10/18, 11:06:03:921] info: Restoring spellchecker
[01/10/18, 11:06:03:922] info: Loading dictionary for language en-CA
[01/10/18, 11:06:03:922] info: Returning local copy: /home/ryan/.config/Slack/dictionaries/en-CA.bdic
[01/10/18, 11:06:03:955] info: Setting current spellchecker to en-CA, requested language was en-CA
[01/10/18, 11:06:03:955] info: Creating node-spellchecker instance
[01/10/18, 11:06:03:956] info: Setting current spellchecker to en-CA, requested language was en-CA
[01/10/18, 11:06:04:847] info: Unloading spellchecker
[01/10/18, 11:06:04:906] info: Store: SAVE_WINDOW_SETTINGS
{
  "isMaximized": false,
  "position": [
    1,
    18
  ],
  "size": [
    1918,
    1042
  ]
}
[01/10/18, 11:06:05:344] info: Restoring spellchecker
[01/10/18, 11:06:05:345] info: Loading dictionary for language en-CA
[01/10/18, 11:06:05:346] info: Returning local copy: /home/ryan/.config/Slack/dictionaries/en-CA.bdic
[01/10/18, 11:06:05:367] info: Setting current spellchecker to en-CA, requested language was en-CA
[01/10/18, 11:06:05:367] info: Creating node-spellchecker instance
[01/10/18, 11:06:06:961] info: Unloading spellchecker
[01/10/18, 11:06:50:082] info: Restoring spellchecker
[01/10/18, 11:06:50:084] info: Loading dictionary for language en-CA
[01/10/18, 11:06:50:084] info: Returning local copy: /home/ryan/.config/Slack/dictionaries/en-CA.bdic
[01/10/18, 11:06:50:091] info: Setting current spellchecker to en-CA, requested language was en-CA
[01/10/18, 11:06:50:091] info: Creating node-spellchecker instance
[01/10/18, 11:06:50:447] info: Unloading spellchecker
[01/10/18, 11:08:57:505] info: Restoring spellchecker
[01/10/18, 11:08:57:506] info: Loading dictionary for language en-CA
[01/10/18, 11:08:57:506] info: Returning local copy: /home/ryan/.config/Slack/dictionaries/en-CA.bdic
[01/10/18, 11:08:57:511] info: Unloading spellchecker
[01/10/18, 11:08:57:528] info: Restoring spellchecker
[01/10/18, 11:08:57:529] info: Loading dictionary for language en-CA
[01/10/18, 11:08:57:529] info: Returning local copy: /home/ryan/.config/Slack/dictionaries/en-CA.bdic
[01/10/18, 11:08:57:549] info: Setting current spellchecker to en-CA, requested language was en-CA
[01/10/18, 11:08:57:549] info: Creating node-spellchecker instance
[01/10/18, 11:08:57:551] info: Setting current spellchecker to en-CA, requested language was en-CA
[01/10/18, 11:08:58:491] info: Store: SAVE_WINDOW_SETTINGS
{
  "isMaximized": false,
  "position": [
    1,
    18
  ],
  "size": [
    1918,
    1042
  ]
}
[01/10/18, 11:09:36:463] info: Store: SELECT_CHANNEL C6PGP4A1H
[01/10/18, 11:09:36:756] info: Loading dictionary for language en-CA
[01/10/18, 11:09:36:756] info: Returning local copy: /home/ryan/.config/Slack/dictionaries/en-CA.bdic
[01/10/18, 11:09:36:757] info: Setting current spellchecker to en-CA, requested language was en-CA
[01/10/18, 11:09:38:982] info: Store: SELECT_CHANNEL C2B5LM1KN
[01/10/18, 11:09:38:998] info: Loading dictionary for language en-CA
[01/10/18, 11:09:38:998] info: Returning local copy: /home/ryan/.config/Slack/dictionaries/en-CA.bdic
[01/10/18, 11:09:38:999] info: Setting current spellchecker to en-CA, requested language was en-CA
[01/10/18, 11:09:45:419] info: Unloading spellchecker
[01/10/18, 11:13:59:770] warn: Unable to read quiet hours setting: windows-quiet-hours works only on Windows
[01/10/18, 11:13:59:770] warn: Unable to read quiet hours setting: windows-quiet-hours works only on Windows
[01/10/18, 11:13:59:775] info: Store: NEW_NOTIFICATION
{
  "avatarImage": "https://ca.slack-edge.com/T2616ES0G-U4WATL7AL-36b16fe57f33-512",
  "channel": "G3AMQF8US",
  "content": "[REDACTED]",
  "id": "ERonFOSPW7ZRj2B",
  "imageUri": null,
  "launchUri": "slack://channel?id=G3AMQF8US&message=1515600839.000219&team=T2616ES0G",
  "msg": "1515600839.000219",
  "silent": true,
  "subtitle": "",
  "teamId": "T2616ES0G",
  "title": "[REDACTED]"
}
[01/10/18, 11:29:25:892] info: Restoring spellchecker
[01/10/18, 11:29:25:895] info: Loading dictionary for language en-CA
[01/10/18, 11:29:25:895] info: Returning local copy: /home/ryan/.config/Slack/dictionaries/en-CA.bdic
[01/10/18, 11:29:25:904] info: Unloading spellchecker
[01/10/18, 11:29:25:924] info: Restoring spellchecker
[01/10/18, 11:29:25:925] info: Loading dictionary for language en-CA
[01/10/18, 11:29:25:925] info: Returning local copy: /home/ryan/.config/Slack/dictionaries/en-CA.bdic
[01/10/18, 11:29:25:952] info: Setting current spellchecker to en-CA, requested language was en-CA
[01/10/18, 11:29:25:952] info: Creating node-spellchecker instance
[01/10/18, 11:29:25:954] info: Setting current spellchecker to en-CA, requested language was en-CA
[01/10/18, 11:29:26:872] info: Store: SAVE_WINDOW_SETTINGS
{
  "isMaximized": false,
  "position": [
    1,
    18
  ],
  "size": [
    1918,
    1042
  ]
}
[01/10/18, 11:29:29:421] info: Store: SELECT_CHANNEL G3AMQF8US
[01/10/18, 11:29:29:774] info: Loading dictionary for language en-CA
[01/10/18, 11:29:29:774] info: Returning local copy: /home/ryan/.config/Slack/dictionaries/en-CA.bdic
[01/10/18, 11:29:29:774] info: Setting current spellchecker to en-CA, requested language was en-CA
[01/10/18, 11:29:38:853] info: Store: SELECT_CHANNEL C72NXARUL
[01/10/18, 11:29:39:150] info: Loading dictionary for language en-CA
[01/10/18, 11:29:39:150] info: Returning local copy: /home/ryan/.config/Slack/dictionaries/en-CA.bdic
[01/10/18, 11:29:39:151] info: Setting current spellchecker to en-CA, requested language was en-CA
[01/10/18, 11:29:41:190] info: Unloading spellchecker
[01/10/18, 12:53:52:623] info: Restoring spellchecker
[01/10/18, 12:53:52:624] info: Loading dictionary for language en-CA
[01/10/18, 12:53:52:624] info: Returning local copy: /home/ryan/.config/Slack/dictionaries/en-CA.bdic
[01/10/18, 12:53:52:630] info: Unloading spellchecker
[01/10/18, 12:53:52:651] info: Restoring spellchecker
[01/10/18, 12:53:52:652] info: Loading dictionary for language en-CA
[01/10/18, 12:53:52:652] info: Returning local copy: /home/ryan/.config/Slack/dictionaries/en-CA.bdic
[01/10/18, 12:53:52:680] info: Setting current spellchecker to en-CA, requested language was en-CA
[01/10/18, 12:53:52:680] info: Creating node-spellchecker instance
[01/10/18, 12:53:52:682] info: Setting current spellchecker to en-CA, requested language was en-CA
[01/10/18, 12:53:53:606] info: Store: SAVE_WINDOW_SETTINGS
{
  "isMaximized": false,
  "position": [
    1,
    18
  ],
  "size": [
    1918,
    1042
  ]
}
[01/10/18, 12:53:58:109] info: Store: SELECT_CHANNEL C2B5LM1KN
[01/10/18, 12:53:58:456] info: Loading dictionary for language en-CA
[01/10/18, 12:53:58:456] info: Returning local copy: /home/ryan/.config/Slack/dictionaries/en-CA.bdic
[01/10/18, 12:53:58:456] info: Setting current spellchecker to en-CA, requested language was en-CA
[01/10/18, 12:54:05:952] info: Store: SELECT_CHANNEL C5BB1LT4J
[01/10/18, 12:54:06:296] info: Loading dictionary for language en-CA
[01/10/18, 12:54:06:296] info: Returning local copy: /home/ryan/.config/Slack/dictionaries/en-CA.bdic
[01/10/18, 12:54:06:297] info: Setting current spellchecker to en-CA, requested language was en-CA
[01/10/18, 12:54:11:165] info: Store: SELECT_CHANNEL G3AMQF8US
[01/10/18, 12:54:11:210] info: Loading dictionary for language en-CA
[01/10/18, 12:54:11:210] info: Returning local copy: /home/ryan/.config/Slack/dictionaries/en-CA.bdic
[01/10/18, 12:54:11:231] info: Setting current spellchecker to en-CA, requested language was en-CA
[01/10/18, 12:54:16:456] info: Store: SELECT_CHANNEL C6PGP4A1H
[01/10/18, 12:54:16:499] info: Loading dictionary for language en-CA
[01/10/18, 12:54:16:499] info: Returning local copy: /home/ryan/.config/Slack/dictionaries/en-CA.bdic
[01/10/18, 12:54:16:501] info: Setting current spellchecker to en-CA, requested language was en-CA
[01/10/18, 12:54:21:343] info: Unloading spellchecker
[01/10/18, 12:54:39:628] warn: Unable to read quiet hours setting: windows-quiet-hours works only on Windows
[01/10/18, 12:54:39:629] warn: Unable to read quiet hours setting: windows-quiet-hours works only on Windows
[01/10/18, 12:54:39:632] info: Store: NEW_NOTIFICATION
{
  "avatarImage": "https://ca.slack-edge.com/T2616ES0G-U28QA1SMB-40771dea8ca9-512",
  "channel": "D8QBTJ0A2",
  "content": "[REDACTED]",
  "id": "o24wukT6wYWo37l",
  "imageUri": null,
  "launchUri": "slack://channel?id=D8QBTJ0A2&message=1515606879.000263&team=T2616ES0G",
  "msg": "1515606879.000263",
  "silent": true,
  "subtitle": "",
  "teamId": "T2616ES0G",
  "title": "[REDACTED]"
}
[01/10/18, 12:54:43:063] info: Restoring spellchecker
[01/10/18, 12:54:43:064] info: Loading dictionary for language en-CA
[01/10/18, 12:54:43:065] info: Returning local copy: /home/ryan/.config/Slack/dictionaries/en-CA.bdic
[01/10/18, 12:54:43:084] info: Unloading spellchecker
[01/10/18, 12:54:43:111] info: Restoring spellchecker
[01/10/18, 12:54:43:111] info: Loading dictionary for language en-CA
[01/10/18, 12:54:43:111] info: Returning local copy: /home/ryan/.config/Slack/dictionaries/en-CA.bdic
[01/10/18, 12:54:43:136] info: Setting current spellchecker to en-CA, requested language was en-CA
[01/10/18, 12:54:43:136] info: Creating node-spellchecker instance
[01/10/18, 12:54:43:138] info: Setting current spellchecker to en-CA, requested language was en-CA
[01/10/18, 12:54:44:039] info: Store: SAVE_WINDOW_SETTINGS
{
  "isMaximized": false,
  "position": [
    1,
    18
  ],
  "size": [
    1918,
    1042
  ]
}
[01/10/18, 12:54:46:382] info: Store: SELECT_CHANNEL D8QBTJ0A2
[01/10/18, 12:54:46:691] info: Loading dictionary for language en-CA
[01/10/18, 12:54:46:691] info: Returning local copy: /home/ryan/.config/Slack/dictionaries/en-CA.bdic
[01/10/18, 12:54:46:692] info: Setting current spellchecker to en-CA, requested language was en-CA
[01/10/18, 12:54:51:249] info: Unloading spellchecker
[01/10/18, 12:54:53:938] warn: Unable to read quiet hours setting: windows-quiet-hours works only on Windows
[01/10/18, 12:54:53:939] warn: Unable to read quiet hours setting: windows-quiet-hours works only on Windows
[01/10/18, 12:54:53:945] info: Store: NEW_NOTIFICATION
{
  "avatarImage": "https://ca.slack-edge.com/T2616ES0G-U28QA1SMB-40771dea8ca9-512",
  "channel": "D8QBTJ0A2",
  "content": "[REDACTED]",
  "id": "L9yxc5Umplrg067",
  "imageUri": null,
  "launchUri": "slack://channel?id=D8QBTJ0A2&message=1515606893.000368&team=T2616ES0G",
  "msg": "1515606893.000368",
  "silent": true,
  "subtitle": "",
  "teamId": "T2616ES0G",
  "title": "[REDACTED]"
}
[01/10/18, 12:54:56:478] info: Restoring spellchecker
[01/10/18, 12:54:56:480] info: Loading dictionary for language en-CA
[01/10/18, 12:54:56:481] info: Returning local copy: /home/ryan/.config/Slack/dictionaries/en-CA.bdic
[01/10/18, 12:54:56:512] info: Setting current spellchecker to en-CA, requested language was en-CA
[01/10/18, 12:54:56:512] info: Creating node-spellchecker instance
[01/10/18, 12:55:03:181] info: Unloading spellchecker
[01/10/18, 12:55:31:975] warn: Unable to read quiet hours setting: windows-quiet-hours works only on Windows
[01/10/18, 12:55:31:975] warn: Unable to read quiet hours setting: windows-quiet-hours works only on Windows
[01/10/18, 12:55:31:978] info: Store: NEW_NOTIFICATION
{
  "avatarImage": "https://ca.slack-edge.com/T2616ES0G-U28QA1SMB-40771dea8ca9-512",
  "channel": "D8QBTJ0A2",
  "content": "[REDACTED]",
  "id": "R6GEFPcO5lQQzWp",
  "imageUri": null,
  "launchUri": "slack://channel?id=D8QBTJ0A2&message=1515606931.000391&team=T2616ES0G",
  "msg": "1515606931.000391",
  "silent": true,
  "subtitle": "",
  "teamId": "T2616ES0G",
  "title": "[REDACTED]"
}
[01/10/18, 12:55:32:711] warn: Unable to read quiet hours setting: windows-quiet-hours works only on Windows
[01/10/18, 12:55:32:711] warn: Unable to read quiet hours setting: windows-quiet-hours works only on Windows
[01/10/18, 12:55:32:713] info: Store: NEW_NOTIFICATION
{
  "avatarImage": "https://ca.slack-edge.com/T2616ES0G-U28QA1SMB-40771dea8ca9-512",
  "channel": "D8QBTJ0A2",
  "content": "[REDACTED]",
  "id": "31DMc8fDk0YY1m2",
  "imageUri": null,
  "launchUri": "slack://channel?id=D8QBTJ0A2&message=1515606932.000322&team=T2616ES0G",
  "msg": "1515606932.000322",
  "silent": true,
  "subtitle": "",
  "teamId": "T2616ES0G",
  "title": "[REDACTED]"
}
[01/10/18, 12:57:43:289] info: Restoring spellchecker
[01/10/18, 12:57:43:289] info: Loading dictionary for language en-CA
[01/10/18, 12:57:43:290] info: Returning local copy: /home/ryan/.config/Slack/dictionaries/en-CA.bdic
[01/10/18, 12:57:43:302] info: Unloading spellchecker
[01/10/18, 12:57:43:316] info: Restoring spellchecker
[01/10/18, 12:57:43:317] info: Loading dictionary for language en-CA
[01/10/18, 12:57:43:317] info: Returning local copy: /home/ryan/.config/Slack/dictionaries/en-CA.bdic
[01/10/18, 12:57:43:370] info: Setting current spellchecker to en-CA, requested language was en-CA
[01/10/18, 12:57:43:370] info: Creating node-spellchecker instance
[01/10/18, 12:57:43:371] info: Setting current spellchecker to en-CA, requested language was en-CA
[01/10/18, 12:57:44:273] info: Store: SAVE_WINDOW_SETTINGS
{
  "isMaximized": false,
  "position": [
    1,
    18
  ],
  "size": [
    1918,
    1042
  ]
}
[01/10/18, 12:57:52:762] info: Unloading spellchecker
[01/10/18, 13:03:25:577] info: Restoring spellchecker
[01/10/18, 13:03:25:578] info: Loading dictionary for language en-CA
[01/10/18, 13:03:25:578] info: Returning local copy: /home/ryan/.config/Slack/dictionaries/en-CA.bdic
[01/10/18, 13:03:25:592] info: Unloading spellchecker
[01/10/18, 13:03:25:611] info: Restoring spellchecker
[01/10/18, 13:03:25:611] info: Loading dictionary for language en-CA
[01/10/18, 13:03:25:611] info: Returning local copy: /home/ryan/.config/Slack/dictionaries/en-CA.bdic
[01/10/18, 13:03:25:630] info: Setting current spellchecker to en-CA, requested language was en-CA
[01/10/18, 13:03:25:631] info: Creating node-spellchecker instance
[01/10/18, 13:03:25:632] info: Setting current spellchecker to en-CA, requested language was en-CA
[01/10/18, 13:03:26:571] info: Store: SAVE_WINDOW_SETTINGS
{
  "isMaximized": false,
  "position": [
    1,
    18
  ],
  "size": [
    1918,
    1042
  ]
}
[01/10/18, 13:03:30:944] info: Store: OPEN_CONTEXT_MENU
{
  "id": 3,
  "params": "[REDACTED]"
}
[01/10/18, 13:03:33:846] info: Unloading spellchecker
[01/10/18, 13:09:46:686] info: Restoring spellchecker
[01/10/18, 13:09:46:686] info: Loading dictionary for language en-CA
[01/10/18, 13:09:46:686] info: Returning local copy: /home/ryan/.config/Slack/dictionaries/en-CA.bdic
[01/10/18, 13:09:46:700] info: Unloading spellchecker
[01/10/18, 13:09:46:708] info: Restoring spellchecker
[01/10/18, 13:09:46:709] info: Loading dictionary for language en-CA
[01/10/18, 13:09:46:709] info: Returning local copy: /home/ryan/.config/Slack/dictionaries/en-CA.bdic
[01/10/18, 13:09:46:727] info: Setting current spellchecker to en-CA, requested language was en-CA
[01/10/18, 13:09:46:727] info: Creating node-spellchecker instance
[01/10/18, 13:09:46:729] info: Setting current spellchecker to en-CA, requested language was en-CA
[01/10/18, 13:09:47:650] info: Unloading spellchecker
[01/10/18, 13:09:47:665] info: Store: SAVE_WINDOW_SETTINGS
{
  "isMaximized": false,
  "position": [
    1,
    18
  ],
  "size": [
    1918,
    1042
  ]
}
[01/10/18, 13:10:08:602] info: Restoring spellchecker
[01/10/18, 13:10:08:604] info: Loading dictionary for language en-CA
[01/10/18, 13:10:08:604] info: Returning local copy: /home/ryan/.config/Slack/dictionaries/en-CA.bdic
[01/10/18, 13:10:08:608] info: Unloading spellchecker
[01/10/18, 13:10:08:620] info: Restoring spellchecker
[01/10/18, 13:10:08:620] info: Loading dictionary for language en-CA
[01/10/18, 13:10:08:620] info: Returning local copy: /home/ryan/.config/Slack/dictionaries/en-CA.bdic
[01/10/18, 13:10:08:634] info: Setting current spellchecker to en-CA, requested language was en-CA
[01/10/18, 13:10:08:634] info: Creating node-spellchecker instance
[01/10/18, 13:10:08:635] info: Setting current spellchecker to en-CA, requested language was en-CA
[01/10/18, 13:10:09:578] info: Store: SAVE_WINDOW_SETTINGS
{
  "isMaximized": false,
  "position": [
    1,
    18
  ],
  "size": [
    1918,
    1042
  ]
}
[01/10/18, 13:11:18:180] info: Unloading spellchecker
[01/10/18, 13:13:38:423] info: Restoring spellchecker
[01/10/18, 13:13:38:424] info: Loading dictionary for language en-CA
[01/10/18, 13:13:38:424] info: Returning local copy: /home/ryan/.config/Slack/dictionaries/en-CA.bdic
[01/10/18, 13:13:38:430] info: Unloading spellchecker
[01/10/18, 13:13:38:465] info: Restoring spellchecker
[01/10/18, 13:13:38:465] info: Loading dictionary for language en-CA
[01/10/18, 13:13:38:465] info: Returning local copy: /home/ryan/.config/Slack/dictionaries/en-CA.bdic
[01/10/18, 13:13:38:480] info: Setting current spellchecker to en-CA, requested language was en-CA
[01/10/18, 13:13:38:480] info: Creating node-spellchecker instance
[01/10/18, 13:13:38:481] info: Setting current spellchecker to en-CA, requested language was en-CA
[01/10/18, 13:13:39:406] info: Store: SAVE_WINDOW_SETTINGS
{
  "isMaximized": false,
  "position": [
    1,
    18
  ],
  "size": [
    1918,
    1042
  ]
}
[01/10/18, 13:13:57:021] info: Unloading spellchecker
[01/10/18, 13:14:03:172] info: Restoring spellchecker
[01/10/18, 13:14:03:173] info: Loading dictionary for language en-CA
[01/10/18, 13:14:03:173] info: Returning local copy: /home/ryan/.config/Slack/dictionaries/en-CA.bdic
[01/10/18, 13:14:03:176] info: Unloading spellchecker
[01/10/18, 13:14:03:190] info: Restoring spellchecker
[01/10/18, 13:14:03:192] info: Loading dictionary for language en-CA
[01/10/18, 13:14:03:192] info: Returning local copy: /home/ryan/.config/Slack/dictionaries/en-CA.bdic
[01/10/18, 13:14:03:208] info: Setting current spellchecker to en-CA, requested language was en-CA
[01/10/18, 13:14:03:208] info: Creating node-spellchecker instance
[01/10/18, 13:14:03:209] info: Setting current spellchecker to en-CA, requested language was en-CA
[01/10/18, 13:14:04:155] info: Store: SAVE_WINDOW_SETTINGS
{
  "isMaximized": false,
  "position": [
    1,
    18
  ],
  "size": [
    1918,
    1042
  ]
}
[01/10/18, 13:14:29:233] info: Unloading spellchecker
[01/10/18, 13:14:30:680] info: Restoring spellchecker
[01/10/18, 13:14:30:684] info: Loading dictionary for language en-CA
[01/10/18, 13:14:30:685] info: Returning local copy: /home/ryan/.config/Slack/dictionaries/en-CA.bdic
[01/10/18, 13:14:30:712] info: Setting current spellchecker to en-CA, requested language was en-CA
[01/10/18, 13:14:30:712] info: Creating node-spellchecker instance
[01/10/18, 13:14:31:870] info: Unloading spellchecker
[01/10/18, 13:14:49:023] warn: Unable to read quiet hours setting: windows-quiet-hours works only on Windows
[01/10/18, 13:14:49:023] warn: Unable to read quiet hours setting: windows-quiet-hours works only on Windows
[01/10/18, 13:14:49:025] info: Store: NEW_NOTIFICATION
{
  "avatarImage": "https://ca.slack-edge.com/T2616ES0G-U28QA1SMB-40771dea8ca9-512",
  "channel": "D8QBTJ0A2",
  "content": "[REDACTED]",
  "id": "1wAKCvhXxjyoNj7",
  "imageUri": null,
  "launchUri": "slack://channel?id=D8QBTJ0A2&message=1515608088.000449&team=T2616ES0G",
  "msg": "1515608088.000449",
  "silent": true,
  "subtitle": "",
  "teamId": "T2616ES0G",
  "title": "[REDACTED]"
}
[01/10/18, 13:14:57:004] warn: Unable to read quiet hours setting: windows-quiet-hours works only on Windows
[01/10/18, 13:14:57:004] warn: Unable to read quiet hours setting: windows-quiet-hours works only on Windows
[01/10/18, 13:14:57:005] info: Store: NEW_NOTIFICATION
{
  "avatarImage": "https://ca.slack-edge.com/T2616ES0G-U28QA1SMB-40771dea8ca9-512",
  "channel": "D8QBTJ0A2",
  "content": "[REDACTED]",
  "id": "ADk0I2iYWr25VvJ",
  "imageUri": null,
  "launchUri": "slack://channel?id=D8QBTJ0A2&message=1515608096.000422&team=T2616ES0G",
  "msg": "1515608096.000422",
  "silent": true,
  "subtitle": "",
  "teamId": "T2616ES0G",
  "title": "[REDACTED]"
}
[01/10/18, 13:15:05:497] warn: Unable to read quiet hours setting: windows-quiet-hours works only on Windows
[01/10/18, 13:15:05:498] warn: Unable to read quiet hours setting: windows-quiet-hours works only on Windows
[01/10/18, 13:15:05:500] info: Store: NEW_NOTIFICATION
{
  "avatarImage": "https://ca.slack-edge.com/T2616ES0G-U28QA1SMB-40771dea8ca9-512",
  "channel": "D8QBTJ0A2",
  "content": "[REDACTED]",
  "id": "W6NMF9snGD1MkPy",
  "imageUri": null,
  "launchUri": "slack://channel?id=D8QBTJ0A2&message=1515608105.000027&team=T2616ES0G",
  "msg": "1515608105.000027",
  "silent": true,
  "subtitle": "",
  "teamId": "T2616ES0G",
  "title": "[REDACTED]"
}
[01/10/18, 13:15:09:179] info: Restoring spellchecker
[01/10/18, 13:15:09:179] info: Loading dictionary for language en-CA
[01/10/18, 13:15:09:180] info: Returning local copy: /home/ryan/.config/Slack/dictionaries/en-CA.bdic
[01/10/18, 13:15:09:184] info: Unloading spellchecker
[01/10/18, 13:15:09:205] info: Restoring spellchecker
[01/10/18, 13:15:09:205] info: Loading dictionary for language en-CA
[01/10/18, 13:15:09:205] info: Returning local copy: /home/ryan/.config/Slack/dictionaries/en-CA.bdic
[01/10/18, 13:15:09:279] info: Setting current spellchecker to en-CA, requested language was en-CA
[01/10/18, 13:15:09:279] info: Creating node-spellchecker instance
[01/10/18, 13:15:09:281] info: Setting current spellchecker to en-CA, requested language was en-CA
[01/10/18, 13:15:10:170] info: Store: SAVE_WINDOW_SETTINGS
{
  "isMaximized": false,
  "position": [
    1,
    18
  ],
  "size": [
    1918,
    1042
  ]
}
[01/10/18, 13:15:14:144] info: Unloading spellchecker
[01/10/18, 13:15:19:226] info: Restoring spellchecker
[01/10/18, 13:15:19:227] info: Loading dictionary for language en-CA
[01/10/18, 13:15:19:228] info: Returning local copy: /home/ryan/.config/Slack/dictionaries/en-CA.bdic
[01/10/18, 13:15:19:237] info: Unloading spellchecker
[01/10/18, 13:15:19:256] info: Restoring spellchecker
[01/10/18, 13:15:19:257] info: Loading dictionary for language en-CA
[01/10/18, 13:15:19:257] info: Returning local copy: /home/ryan/.config/Slack/dictionaries/en-CA.bdic
[01/10/18, 13:15:19:283] info: Setting current spellchecker to en-CA, requested language was en-CA
[01/10/18, 13:15:19:283] info: Creating node-spellchecker instance
[01/10/18, 13:15:19:284] info: Setting current spellchecker to en-CA, requested language was en-CA
[01/10/18, 13:15:20:227] info: Store: SAVE_WINDOW_SETTINGS
{
  "isMaximized": false,
  "position": [
    1,
    18
  ],
  "size": [
    1918,
    1042
  ]
}
[01/10/18, 13:15:24:386] info: Unloading spellchecker
[01/10/18, 13:18:40:299] info: Restoring spellchecker
[01/10/18, 13:18:40:299] info: Loading dictionary for language en-CA
[01/10/18, 13:18:40:300] info: Returning local copy: /home/ryan/.config/Slack/dictionaries/en-CA.bdic
[01/10/18, 13:18:40:311] info: Unloading spellchecker
[01/10/18, 13:18:40:336] info: Restoring spellchecker
[01/10/18, 13:18:40:337] info: Loading dictionary for language en-CA
[01/10/18, 13:18:40:337] info: Returning local copy: /home/ryan/.config/Slack/dictionaries/en-CA.bdic
[01/10/18, 13:18:40:354] info: Setting current spellchecker to en-CA, requested language was en-CA
[01/10/18, 13:18:40:354] info: Creating node-spellchecker instance
[01/10/18, 13:18:40:355] info: Setting current spellchecker to en-CA, requested language was en-CA
[01/10/18, 13:18:41:287] info: Store: SAVE_WINDOW_SETTINGS
{
  "isMaximized": false,
  "position": [
    1,
    18
  ],
  "size": [
    1918,
    1042
  ]
}
[01/10/18, 13:18:41:591] info: Unloading spellchecker
[01/10/18, 13:29:05:200] info: Restoring spellchecker
[01/10/18, 13:29:05:201] info: Loading dictionary for language en-CA
[01/10/18, 13:29:05:201] info: Returning local copy: /home/ryan/.config/Slack/dictionaries/en-CA.bdic
[01/10/18, 13:29:05:208] info: Unloading spellchecker
[01/10/18, 13:29:05:229] info: Restoring spellchecker
[01/10/18, 13:29:05:229] info: Loading dictionary for language en-CA
[01/10/18, 13:29:05:230] info: Returning local copy: /home/ryan/.config/Slack/dictionaries/en-CA.bdic
[01/10/18, 13:29:05:259] info: Setting current spellchecker to en-CA, requested language was en-CA
[01/10/18, 13:29:05:259] info: Creating node-spellchecker instance
[01/10/18, 13:29:05:260] info: Setting current spellchecker to en-CA, requested language was en-CA
[01/10/18, 13:29:06:187] info: Store: SAVE_WINDOW_SETTINGS
{
  "isMaximized": false,
  "position": [
    1,
    18
  ],
  "size": [
    1918,
    1042
  ]
}
[01/10/18, 13:29:16:452] info: Unloading spellchecker
[01/10/18, 13:40:37:276] info: Restoring spellchecker
[01/10/18, 13:40:37:277] info: Loading dictionary for language en-CA
[01/10/18, 13:40:37:278] info: Returning local copy: /home/ryan/.config/Slack/dictionaries/en-CA.bdic
[01/10/18, 13:40:37:284] info: Unloading spellchecker
[01/10/18, 13:40:37:303] info: Restoring spellchecker
[01/10/18, 13:40:37:303] info: Loading dictionary for language en-CA
[01/10/18, 13:40:37:303] info: Returning local copy: /home/ryan/.config/Slack/dictionaries/en-CA.bdic
[01/10/18, 13:40:37:334] info: Setting current spellchecker to en-CA, requested language was en-CA
[01/10/18, 13:40:37:334] info: Creating node-spellchecker instance
[01/10/18, 13:40:37:335] info: Setting current spellchecker to en-CA, requested language was en-CA
[01/10/18, 13:40:38:257] info: Store: SAVE_WINDOW_SETTINGS
{
  "isMaximized": false,
  "position": [
    1,
    18
  ],
  "size": [
    1918,
    1042
  ]
}
[01/10/18, 13:40:39:163] info: Unloading spellchecker
[01/10/18, 13:58:54:833] info: Restoring spellchecker
[01/10/18, 13:58:54:835] info: Loading dictionary for language en-CA
[01/10/18, 13:58:54:835] info: Returning local copy: /home/ryan/.config/Slack/dictionaries/en-CA.bdic
[01/10/18, 13:58:54:851] info: Unloading spellchecker
[01/10/18, 13:58:54:864] info: Restoring spellchecker
[01/10/18, 13:58:54:865] info: Loading dictionary for language en-CA
[01/10/18, 13:58:54:866] info: Returning local copy: /home/ryan/.config/Slack/dictionaries/en-CA.bdic
[01/10/18, 13:58:54:891] info: Setting current spellchecker to en-CA, requested language was en-CA
[01/10/18, 13:58:54:891] info: Creating node-spellchecker instance
[01/10/18, 13:58:54:892] info: Setting current spellchecker to en-CA, requested language was en-CA
[01/10/18, 13:58:55:802] info: Store: SAVE_WINDOW_SETTINGS
{
  "isMaximized": false,
  "position": [
    1,
    18
  ],
  "size": [
    1918,
    1042
  ]
}
[01/10/18, 13:59:01:142] info: Unloading spellchecker
[01/10/18, 14:05:37:112] warn: Unable to read quiet hours setting: windows-quiet-hours works only on Windows
[01/10/18, 14:05:37:113] warn: Unable to read quiet hours setting: windows-quiet-hours works only on Windows
[01/10/18, 14:05:37:120] info: Store: NEW_NOTIFICATION
{
  "avatarImage": "https://ca.slack-edge.com/T2616ES0G-U3QP1NLHM-6b5095dbadad-512",
  "channel": "C261DLC2H",
  "content": "[REDACTED]",
  "id": "DknmIPtZYVBLE6g",
  "imageUri": null,
  "launchUri": "slack://channel?id=C261DLC2H&message=1515611135.000659&team=T2616ES0G",
  "msg": "1515611135.000659",
  "silent": true,
  "subtitle": "",
  "teamId": "T2616ES0G",
  "title": "[REDACTED]"
}
[01/10/18, 14:06:38:295] info: Restoring spellchecker
[01/10/18, 14:06:38:296] info: Loading dictionary for language en-CA
[01/10/18, 14:06:38:296] info: Returning local copy: /home/ryan/.config/Slack/dictionaries/en-CA.bdic
[01/10/18, 14:06:38:313] info: Unloading spellchecker
[01/10/18, 14:06:38:335] info: Restoring spellchecker
[01/10/18, 14:06:38:336] info: Loading dictionary for language en-CA
[01/10/18, 14:06:38:336] info: Returning local copy: /home/ryan/.config/Slack/dictionaries/en-CA.bdic
[01/10/18, 14:06:38:376] info: Setting current spellchecker to en-CA, requested language was en-CA
[01/10/18, 14:06:38:376] info: Creating node-spellchecker instance
[01/10/18, 14:06:38:377] info: Setting current spellchecker to en-CA, requested language was en-CA
[01/10/18, 14:06:39:284] info: Store: SAVE_WINDOW_SETTINGS
{
  "isMaximized": false,
  "position": [
    1,
    18
  ],
  "size": [
    1918,
    1042
  ]
}
[01/10/18, 14:06:46:016] info: Store: OPEN_CONTEXT_MENU
{
  "id": 3,
  "params": "[REDACTED]"
}
[01/10/18, 14:06:47:440] info: Unloading spellchecker
[01/10/18, 14:24:44:384] info: Restoring spellchecker
[01/10/18, 14:24:44:386] info: Loading dictionary for language en-CA
[01/10/18, 14:24:44:386] info: Returning local copy: /home/ryan/.config/Slack/dictionaries/en-CA.bdic
[01/10/18, 14:24:44:397] info: Unloading spellchecker
[01/10/18, 14:24:44:417] info: Restoring spellchecker
[01/10/18, 14:24:44:418] info: Loading dictionary for language en-CA
[01/10/18, 14:24:44:418] info: Returning local copy: /home/ryan/.config/Slack/dictionaries/en-CA.bdic
[01/10/18, 14:24:44:452] info: Setting current spellchecker to en-CA, requested language was en-CA
[01/10/18, 14:24:44:452] info: Creating node-spellchecker instance
[01/10/18, 14:24:44:453] info: Setting current spellchecker to en-CA, requested language was en-CA
[01/10/18, 14:24:45:382] info: Store: SAVE_WINDOW_SETTINGS
{
  "isMaximized": false,
  "position": [
    1,
    18
  ],
  "size": [
    1918,
    1042
  ]
}
[01/10/18, 14:24:50:286] info: Store: SELECT_CHANNEL C261DLC2H
[01/10/18, 14:24:51:126] info: Loading dictionary for language en-CA
[01/10/18, 14:24:51:126] info: Returning local copy: /home/ryan/.config/Slack/dictionaries/en-CA.bdic
[01/10/18, 14:24:51:127] info: Setting current spellchecker to en-CA, requested language was en-CA
[01/10/18, 14:24:52:566] info: Unloading spellchecker
[01/10/18, 14:24:53:929] info: Restoring spellchecker
[01/10/18, 14:24:53:929] info: Loading dictionary for language en-CA
[01/10/18, 14:24:53:929] info: Returning local copy: /home/ryan/.config/Slack/dictionaries/en-CA.bdic
[01/10/18, 14:24:53:940] info: Setting current spellchecker to en-CA, requested language was en-CA
[01/10/18, 14:24:53:940] info: Creating node-spellchecker instance
[01/10/18, 14:24:54:321] info: Unloading spellchecker
[01/10/18, 15:06:23:701] info: Restoring spellchecker
[01/10/18, 15:06:23:702] info: Loading dictionary for language en-CA
[01/10/18, 15:06:23:702] info: Returning local copy: /home/ryan/.config/Slack/dictionaries/en-CA.bdic
[01/10/18, 15:06:23:708] info: Unloading spellchecker
[01/10/18, 15:06:23:722] info: Restoring spellchecker
[01/10/18, 15:06:23:722] info: Loading dictionary for language en-CA
[01/10/18, 15:06:23:722] info: Returning local copy: /home/ryan/.config/Slack/dictionaries/en-CA.bdic
[01/10/18, 15:06:23:748] info: Setting current spellchecker to en-CA, requested language was en-CA
[01/10/18, 15:06:23:748] info: Creating node-spellchecker instance
[01/10/18, 15:06:23:749] info: Setting current spellchecker to en-CA, requested language was en-CA
[01/10/18, 15:06:24:458] info: Unloading spellchecker
[01/10/18, 15:06:24:682] info: Store: SAVE_WINDOW_SETTINGS
{
  "isMaximized": false,
  "position": [
    1,
    18
  ],
  "size": [
    1918,
    1042
  ]
}
[01/10/18, 15:36:08:809] info: Restoring spellchecker
[01/10/18, 15:36:08:810] info: Loading dictionary for language en-CA
[01/10/18, 15:36:08:810] info: Returning local copy: /home/ryan/.config/Slack/dictionaries/en-CA.bdic
[01/10/18, 15:36:08:816] info: Unloading spellchecker
[01/10/18, 15:36:08:837] info: Restoring spellchecker
[01/10/18, 15:36:08:838] info: Loading dictionary for language en-CA
[01/10/18, 15:36:08:839] info: Returning local copy: /home/ryan/.config/Slack/dictionaries/en-CA.bdic
[01/10/18, 15:36:08:865] info: Setting current spellchecker to en-CA, requested language was en-CA
[01/10/18, 15:36:08:865] info: Creating node-spellchecker instance
[01/10/18, 15:36:08:866] info: Setting current spellchecker to en-CA, requested language was en-CA
[01/10/18, 15:36:09:795] info: Store: SAVE_WINDOW_SETTINGS
{
  "isMaximized": false,
  "position": [
    1,
    18
  ],
  "size": [
    1918,
    1042
  ]
}
[01/10/18, 15:36:16:788] info: Store: SELECT_CHANNEL D8QBTJ0A2
[01/10/18, 15:36:17:101] info: Loading dictionary for language en-CA
[01/10/18, 15:36:17:101] info: Returning local copy: /home/ryan/.config/Slack/dictionaries/en-CA.bdic
[01/10/18, 15:36:17:102] info: Setting current spellchecker to en-CA, requested language was en-CA
[01/10/18, 15:36:36:178] info: Unloading spellchecker
[01/10/18, 15:44:12:554] info: Restoring spellchecker
[01/10/18, 15:44:12:555] info: Loading dictionary for language en-CA
[01/10/18, 15:44:12:556] info: Returning local copy: /home/ryan/.config/Slack/dictionaries/en-CA.bdic
[01/10/18, 15:44:12:560] info: Unloading spellchecker
[01/10/18, 15:44:12:582] info: Restoring spellchecker
[01/10/18, 15:44:12:582] info: Loading dictionary for language en-CA
[01/10/18, 15:44:12:583] info: Returning local copy: /home/ryan/.config/Slack/dictionaries/en-CA.bdic
[01/10/18, 15:44:12:617] info: Setting current spellchecker to en-CA, requested language was en-CA
[01/10/18, 15:44:12:617] info: Creating node-spellchecker instance
[01/10/18, 15:44:12:618] info: Setting current spellchecker to en-CA, requested language was en-CA
[01/10/18, 15:44:13:538] info: Store: SAVE_WINDOW_SETTINGS
{
  "isMaximized": false,
  "position": [
    1,
    18
  ],
  "size": [
    1918,
    1042
  ]
}
[01/10/18, 15:44:16:231] info: Unloading spellchecker
[01/10/18, 16:01:18:481] info: Restoring spellchecker
[01/10/18, 16:01:18:482] info: Loading dictionary for language en-CA
[01/10/18, 16:01:18:482] info: Returning local copy: /home/ryan/.config/Slack/dictionaries/en-CA.bdic
[01/10/18, 16:01:18:490] info: Unloading spellchecker
[01/10/18, 16:01:18:513] info: Restoring spellchecker
[01/10/18, 16:01:18:513] info: Loading dictionary for language en-CA
[01/10/18, 16:01:18:514] info: Returning local copy: /home/ryan/.config/Slack/dictionaries/en-CA.bdic
[01/10/18, 16:01:18:554] info: Setting current spellchecker to en-CA, requested language was en-CA
[01/10/18, 16:01:18:554] info: Creating node-spellchecker instance
[01/10/18, 16:01:18:555] info: Setting current spellchecker to en-CA, requested language was en-CA
[01/10/18, 16:01:19:470] info: Store: SAVE_WINDOW_SETTINGS
{
  "isMaximized": false,
  "position": [
    1,
    18
  ],
  "size": [
    1918,
    1042
  ]
}
[01/10/18, 16:01:24:837] info: Unloading spellchecker
[01/10/18, 16:24:58:570] info: Restoring spellchecker
[01/10/18, 16:24:58:571] info: Loading dictionary for language en-CA
[01/10/18, 16:24:58:571] info: Returning local copy: /home/ryan/.config/Slack/dictionaries/en-CA.bdic
[01/10/18, 16:24:58:576] info: Unloading spellchecker
[01/10/18, 16:24:58:589] info: Restoring spellchecker
[01/10/18, 16:24:58:590] info: Loading dictionary for language en-CA
[01/10/18, 16:24:58:590] info: Returning local copy: /home/ryan/.config/Slack/dictionaries/en-CA.bdic
[01/10/18, 16:24:58:631] info: Setting current spellchecker to en-CA, requested language was en-CA
[01/10/18, 16:24:58:631] info: Creating node-spellchecker instance
[01/10/18, 16:24:58:632] info: Setting current spellchecker to en-CA, requested language was en-CA
[01/10/18, 16:24:59:545] info: Store: SAVE_WINDOW_SETTINGS
{
  "isMaximized": false,
  "position": [
    1,
    18
  ],
  "size": [
    1918,
    1042
  ]
}
[01/10/18, 16:25:00:001] info: Unloading spellchecker
[01/10/18, 16:49:57:869] info: Restoring spellchecker
[01/10/18, 16:49:57:870] info: Loading dictionary for language en-CA
[01/10/18, 16:49:57:870] info: Returning local copy: /home/ryan/.config/Slack/dictionaries/en-CA.bdic
[01/10/18, 16:49:57:875] info: Unloading spellchecker
[01/10/18, 16:49:57:896] info: Restoring spellchecker
[01/10/18, 16:49:57:897] info: Loading dictionary for language en-CA
[01/10/18, 16:49:57:897] info: Returning local copy: /home/ryan/.config/Slack/dictionaries/en-CA.bdic
[01/10/18, 16:49:57:926] info: Setting current spellchecker to en-CA, requested language was en-CA
[01/10/18, 16:49:57:926] info: Creating node-spellchecker instance
[01/10/18, 16:49:57:928] info: Setting current spellchecker to en-CA, requested language was en-CA
[01/10/18, 16:49:58:850] info: Store: SAVE_WINDOW_SETTINGS
{
  "isMaximized": false,
  "position": [
    1,
    18
  ],
  "size": [
    1918,
    1042
  ]
}
[01/10/18, 16:50:04:441] info: Store: SELECT_CHANNEL C5BB1LT4J
[01/10/18, 16:50:04:798] info: Loading dictionary for language en-CA
[01/10/18, 16:50:04:798] info: Returning local copy: /home/ryan/.config/Slack/dictionaries/en-CA.bdic
[01/10/18, 16:50:04:799] info: Setting current spellchecker to en-CA, requested language was en-CA
[01/10/18, 16:50:08:097] info: Store: SELECT_CHANNEL C72NXARUL
[01/10/18, 16:50:08:150] info: Loading dictionary for language en-CA
[01/10/18, 16:50:08:151] info: Returning local copy: /home/ryan/.config/Slack/dictionaries/en-CA.bdic
[01/10/18, 16:50:08:168] info: Setting current spellchecker to en-CA, requested language was en-CA
[01/10/18, 16:50:21:896] info: Unloading spellchecker
[01/10/18, 16:50:31:558] info: Restoring spellchecker
[01/10/18, 16:50:31:560] info: Loading dictionary for language en-CA
[01/10/18, 16:50:31:561] info: Returning local copy: /home/ryan/.config/Slack/dictionaries/en-CA.bdic
[01/10/18, 16:50:31:591] info: Setting current spellchecker to en-CA, requested language was en-CA
[01/10/18, 16:50:31:591] info: Creating node-spellchecker instance
[01/10/18, 16:50:31:970] info: Unloading spellchecker
[01/10/18, 16:53:05:257] info: Restoring spellchecker
[01/10/18, 16:53:05:258] info: Loading dictionary for language en-CA
[01/10/18, 16:53:05:258] info: Returning local copy: /home/ryan/.config/Slack/dictionaries/en-CA.bdic
[01/10/18, 16:53:05:264] info: Unloading spellchecker
[01/10/18, 16:53:05:274] info: Restoring spellchecker
[01/10/18, 16:53:05:274] info: Loading dictionary for language en-CA
[01/10/18, 16:53:05:274] info: Returning local copy: /home/ryan/.config/Slack/dictionaries/en-CA.bdic
[01/10/18, 16:53:05:288] info: Setting current spellchecker to en-CA, requested language was en-CA
[01/10/18, 16:53:05:288] info: Creating node-spellchecker instance
[01/10/18, 16:53:05:289] info: Setting current spellchecker to en-CA, requested language was en-CA
[01/10/18, 16:53:06:241] info: Store: SAVE_WINDOW_SETTINGS
{
  "isMaximized": false,
  "position": [
    1,
    18
  ],
  "size": [
    1918,
    1042
  ]
}
[01/10/18, 16:53:09:531] info: Store: SELECT_CHANNEL C2B352UDR
[01/10/18, 16:53:11:820] info: Loading dictionary for language en-CA
[01/10/18, 16:53:11:820] info: Returning local copy: /home/ryan/.config/Slack/dictionaries/en-CA.bdic
[01/10/18, 16:53:11:820] info: Setting current spellchecker to en-CA, requested language was en-CA
[01/10/18, 16:53:14:819] info: Store: SELECT_CHANNEL D8QBTJ0A2
[01/10/18, 16:53:14:843] info: Loading dictionary for language en-CA
[01/10/18, 16:53:14:844] info: Returning local copy: /home/ryan/.config/Slack/dictionaries/en-CA.bdic
[01/10/18, 16:53:14:846] info: Setting current spellchecker to en-CA, requested language was en-CA
[01/10/18, 16:53:22:018] info: Unloading spellchecker
[01/10/18, 19:02:55:105] info: Restoring spellchecker
[01/10/18, 19:02:55:105] info: Loading dictionary for language en-CA
[01/10/18, 19:02:55:106] info: Returning local copy: /home/ryan/.config/Slack/dictionaries/en-CA.bdic
[01/10/18, 19:02:55:114] info: Unloading spellchecker
[01/10/18, 19:02:55:123] info: Restoring spellchecker
[01/10/18, 19:02:55:123] info: Loading dictionary for language en-CA
[01/10/18, 19:02:55:123] info: Returning local copy: /home/ryan/.config/Slack/dictionaries/en-CA.bdic
[01/10/18, 19:02:55:148] info: Setting current spellchecker to en-CA, requested language was en-CA
[01/10/18, 19:02:55:148] info: Creating node-spellchecker instance
[01/10/18, 19:02:55:148] info: Setting current spellchecker to en-CA, requested language was en-CA
[01/10/18, 19:02:56:057] info: Unloading spellchecker
[01/10/18, 19:02:56:067] info: Store: SAVE_WINDOW_SETTINGS
{
  "isMaximized": false,
  "position": [
    1,
    18
  ],
  "size": [
    1918,
    1042
  ]
}
[01/10/18, 19:02:57:238] info: Restoring spellchecker
[01/10/18, 19:02:57:239] info: Loading dictionary for language en-CA
[01/10/18, 19:02:57:239] info: Returning local copy: /home/ryan/.config/Slack/dictionaries/en-CA.bdic
[01/10/18, 19:02:57:242] info: Unloading spellchecker
[01/10/18, 19:02:57:262] info: Restoring spellchecker
[01/10/18, 19:02:57:262] info: Loading dictionary for language en-CA
[01/10/18, 19:02:57:262] info: Returning local copy: /home/ryan/.config/Slack/dictionaries/en-CA.bdic
[01/10/18, 19:02:57:275] info: Setting current spellchecker to en-CA, requested language was en-CA
[01/10/18, 19:02:57:275] info: Creating node-spellchecker instance
[01/10/18, 19:02:57:276] info: Setting current spellchecker to en-CA, requested language was en-CA
[01/10/18, 19:02:58:238] info: Store: SAVE_WINDOW_SETTINGS
{
  "isMaximized": false,
  "position": [
    1,
    18
  ],
  "size": [
    1918,
    1042
  ]
}
[01/10/18, 19:02:58:586] info: Unloading spellchecker
[01/10/18, 19:02:58:731] info: Restoring spellchecker
[01/10/18, 19:02:58:731] info: Loading dictionary for language en-CA
[01/10/18, 19:02:58:731] info: Returning local copy: /home/ryan/.config/Slack/dictionaries/en-CA.bdic
[01/10/18, 19:02:58:748] info: Setting current spellchecker to en-CA, requested language was en-CA
[01/10/18, 19:02:58:748] info: Creating node-spellchecker instance
[01/10/18, 19:03:09:174] info: Unloading spellchecker
[01/10/18, 19:03:16:358] info: Restoring spellchecker
[01/10/18, 19:03:16:359] info: Loading dictionary for language en-CA
[01/10/18, 19:03:16:359] info: Returning local copy: /home/ryan/.config/Slack/dictionaries/en-CA.bdic
[01/10/18, 19:03:16:364] info: Unloading spellchecker
[01/10/18, 19:03:16:378] info: Restoring spellchecker
[01/10/18, 19:03:16:378] info: Loading dictionary for language en-CA
[01/10/18, 19:03:16:379] info: Returning local copy: /home/ryan/.config/Slack/dictionaries/en-CA.bdic
[01/10/18, 19:03:16:402] info: Setting current spellchecker to en-CA, requested language was en-CA
[01/10/18, 19:03:16:402] info: Creating node-spellchecker instance
[01/10/18, 19:03:16:404] info: Setting current spellchecker to en-CA, requested language was en-CA
[01/10/18, 19:03:17:339] info: Store: SAVE_WINDOW_SETTINGS
{
  "isMaximized": false,
  "position": [
    1,
    18
  ],
  "size": [
    1918,
    1042
  ]
}
[01/10/18, 19:03:18:989] info: Store: SELECT_CHANNEL C5BB1LT4J
[01/10/18, 19:03:19:298] info: Loading dictionary for language en-CA
[01/10/18, 19:03:19:298] info: Returning local copy: /home/ryan/.config/Slack/dictionaries/en-CA.bdic
[01/10/18, 19:03:19:299] info: Setting current spellchecker to en-CA, requested language was en-CA
[01/10/18, 19:03:20:232] info: Store: SELECT_CHANNEL G3AMQF8US
[01/10/18, 19:03:20:256] info: Loading dictionary for language en-CA
[01/10/18, 19:03:20:257] info: Returning local copy: /home/ryan/.config/Slack/dictionaries/en-CA.bdic
[01/10/18, 19:03:20:270] info: Setting current spellchecker to en-CA, requested language was en-CA
[01/10/18, 19:03:22:919] info: Unloading spellchecker
[01/11/18, 08:14:40:228] error: Jan-11 08:14:40.228 SOCKET-MANAGER (T2616ES0G) Closing socket due to unknown error
[01/11/18, 08:14:42:135] info: Store: UPSERT_WEB_CONTENTS
{
  "id": 3,
  "state": "page-will-navigate",
  "teamId": "T2616ES0G"
}
[01/11/18, 08:14:42:144] info: Window is unloading, winssb is no longer accessible
