[01/09/18, 14:16:27:883] info: ╔═════════════════════════════════════════════════════════════════════════════════╗
[01/09/18, 14:16:27:884] info: ║      Slack 3.0.2, linux 4.10.0-42-generic on x64 at 01/09/18, 14:16:27:880      ║
[01/09/18, 14:16:27:884] info: ╚═════════════════════════════════════════════════════════════════════════════════╝
[01/09/18, 14:16:27:973] info: Initializing local storage instance at path: /home/ryan/.config/Slack/local-settings.json
[01/09/18, 14:16:28:230] info: updateSuspendResume: true
[01/09/18, 14:16:28:231] warn: updateSpellcheckerLanguage: Tried to update language, but spellchecker not initialized
[01/09/18, 14:16:28:249] info: Store: UPSERT_WEB_CONTENTS
{
  "id": 3,
  "state": "loaded",
  "teamId": "T2616ES0G"
}
[01/09/18, 14:16:32:462] info: Store: UPDATE_SESSION_STATUS
{
  "hasValidSession": true,
  "teamId": "T2616ES0G"
}
[01/09/18, 14:18:12:730] info: Store: SAVE_WINDOW_SETTINGS
{
  "isMaximized": false,
  "position": [
    1921,
    18
  ],
  "size": [
    1918,
    1162
  ]
}
[01/09/18, 14:18:12:957] info: Store: RELOAD
{
  "everything": false
}
[01/09/18, 14:18:12:959] info: Window is unloading, winssb is no longer accessible
