[01/14/18, 22:00:05:647] info: ╔═════════════════════════════════════════════════════════════════════════════════╗
[01/14/18, 22:00:05:648] info: ║      Slack 3.0.2, linux 4.13.0-26-generic on x64 at 01/14/18, 22:00:05:640      ║
[01/14/18, 22:00:05:648] info: ╚═════════════════════════════════════════════════════════════════════════════════╝
[01/14/18, 22:00:05:860] info: Initializing local storage instance at path: /home/ryan/.config/Slack/local-settings.json
[01/14/18, 22:00:09:055] info: Store: UPSERT_WEB_CONTENTS
{
  "id": 3,
  "state": "loaded",
  "teamId": "T2616ES0G"
}
[01/14/18, 22:00:09:291] info: Store: UPDATE_SESSION_STATUS
{
  "hasValidSession": true,
  "teamId": "T2616ES0G"
}
[01/14/18, 22:00:09:436] info: Store: SELECT_CHANNEL D8QBTJ0A2
[01/14/18, 22:00:09:440] info: Store: UPDATE_TEAM_LOCALE
{
  "locale": "en-US"
}
[01/14/18, 22:00:10:386] info: Store: UPDATE_TEAM_THEME
{
  "teamId": "T2616ES0G",
  "theme": {
    "active_item": "#4C9689",
    "active_item_text": "#FFFFFF",
    "active_presence": "#38978D",
    "badge": "#EB4D5C",
    "column_bg": "#4D394B",
    "hover_item": "#3E313C",
    "menu_bg": "#3E313C",
    "text_color": "#FFFFFF"
  }
}
[01/14/18, 22:00:11:061] info: Store: UPDATE_TEAM_ICONS
{
  "icons": {
    "image_102": "https://slack-files2.s3-us-west-2.amazonaws.com/avatars/2017-01-25/132842497927_0dbc3c6e7e03990332f5_102.png",
    "image_132": "https://slack-files2.s3-us-west-2.amazonaws.com/avatars/2017-01-25/132842497927_0dbc3c6e7e03990332f5_132.png",
    "image_230": "https://slack-files2.s3-us-west-2.amazonaws.com/avatars/2017-01-25/132842497927_0dbc3c6e7e03990332f5_230.png",
    "image_34": "https://slack-files2.s3-us-west-2.amazonaws.com/avatars/2017-01-25/132842497927_0dbc3c6e7e03990332f5_34.png",
    "image_44": "https://slack-files2.s3-us-west-2.amazonaws.com/avatars/2017-01-25/132842497927_0dbc3c6e7e03990332f5_44.png",
    "image_68": "https://slack-files2.s3-us-west-2.amazonaws.com/avatars/2017-01-25/132842497927_0dbc3c6e7e03990332f5_68.png",
    "image_88": "https://slack-files2.s3-us-west-2.amazonaws.com/avatars/2017-01-25/132842497927_0dbc3c6e7e03990332f5_88.png",
    "image_original": "https://slack-files2.s3-us-west-2.amazonaws.com/avatars/2017-01-25/132842497927_0dbc3c6e7e03990332f5_original.png"
  },
  "teamId": "T2616ES0G"
}
[01/14/18, 22:00:11:335] info: Store: UPDATE_TEAM_LOCALE
{
  "locale": "en-US",
  "teamId": "T2616ES0G"
}
[01/14/18, 22:00:11:342] info: Store: UPSERT_WEB_CONTENTS
{
  "id": 3,
  "state": "webapp-loaded",
  "teamId": "T2616ES0G"
}
[01/14/18, 22:11:31:052] info: Store: SELECT_CHANNEL D8MN70CFK
[01/14/18, 22:11:32:195] info: Store: SELECT_CHANNEL D8QBTJ0A2
[01/14/18, 22:11:34:158] info: Store: RELOAD
{
  "everything": false
}
