[01/11/18, 08:14:42:830] info: ╔═════════════════════════════════════════════════════════════════════════════════╗
[01/11/18, 08:14:42:831] info: ║      Slack 3.0.2, linux 4.10.0-42-generic on x64 at 01/11/18, 08:14:42:828      ║
[01/11/18, 08:14:42:831] info: ╚═════════════════════════════════════════════════════════════════════════════════╝
[01/11/18, 08:14:42:920] info: Initializing local storage instance at path: /home/ryan/.config/Slack/local-settings.json
[01/11/18, 08:14:43:196] info: updateSuspendResume: true
[01/11/18, 08:14:43:196] warn: updateSpellcheckerLanguage: Tried to update language, but spellchecker not initialized
[01/11/18, 08:14:46:745] info: Store: UPSERT_WEB_CONTENTS
{
  "id": 3,
  "state": "loaded",
  "teamId": "T2616ES0G"
}
[01/11/18, 08:14:46:754] error: 2018/1/11 08:14:46.754 logging error: {"subtype":"api_call_error","message":"{\"ok\":false,\"error\":\"not_allowed\"}","stack":"Error\n    at Object.n [as logError] (https://cfr.slack-edge.com/bv1-1/rollup-core_required_ts.4ebefec8f3aaadc0e210.min.js:1:62453)\n    at e (https://cfr.slack-edge.com/bv1-1/rollup-secondary_a_required.cde5fe2707929b8d2259.min.js:1:135599)\n    at e (https://cfr.slack-edge.com/bv1-1/rollup-secondary_a_required.cde5fe2707929b8d2259.min.js:1:130798)\n    at e (https://cfr.slack-edge.com/bv1-1/rollup-secondary_a_required.cde5fe2707929b8d2259.min.js:1:132393)\n    at XMLHttpRequest.m.onreadystatechange (https://cfr.slack-edge.com/bv1-1/rollup-secondary_a_required.cde5fe2707929b8d2259.min.js:1:134091)"}
[01/11/18, 08:14:46:756] info: Store: SELECT_CHANNEL G3AMQF8US
[01/11/18, 08:14:46:758] info: Store: UPDATE_SESSION_STATUS
{
  "hasValidSession": true,
  "teamId": "T2616ES0G"
}
[01/11/18, 08:14:46:780] info: Store: UPDATE_TEAM_LOCALE
{
  "locale": "en-US"
}
[01/11/18, 08:14:47:281] info: Store: UPDATE_TEAM_THEME
{
  "teamId": "T2616ES0G",
  "theme": {
    "active_item": "#4C9689",
    "active_item_text": "#FFFFFF",
    "active_presence": "#38978D",
    "badge": "#EB4D5C",
    "column_bg": "#4D394B",
    "hover_item": "#3E313C",
    "menu_bg": "#3E313C",
    "text_color": "#FFFFFF"
  }
}
[01/11/18, 08:14:47:282] info: Store: UPDATE_TEAM_ICONS
{
  "icons": {
    "image_102": "https://slack-files2.s3-us-west-2.amazonaws.com/avatars/2017-01-25/132842497927_0dbc3c6e7e03990332f5_102.png",
    "image_132": "https://slack-files2.s3-us-west-2.amazonaws.com/avatars/2017-01-25/132842497927_0dbc3c6e7e03990332f5_132.png",
    "image_230": "https://slack-files2.s3-us-west-2.amazonaws.com/avatars/2017-01-25/132842497927_0dbc3c6e7e03990332f5_230.png",
    "image_34": "https://slack-files2.s3-us-west-2.amazonaws.com/avatars/2017-01-25/132842497927_0dbc3c6e7e03990332f5_34.png",
    "image_44": "https://slack-files2.s3-us-west-2.amazonaws.com/avatars/2017-01-25/132842497927_0dbc3c6e7e03990332f5_44.png",
    "image_68": "https://slack-files2.s3-us-west-2.amazonaws.com/avatars/2017-01-25/132842497927_0dbc3c6e7e03990332f5_68.png",
    "image_88": "https://slack-files2.s3-us-west-2.amazonaws.com/avatars/2017-01-25/132842497927_0dbc3c6e7e03990332f5_88.png",
    "image_original": "https://slack-files2.s3-us-west-2.amazonaws.com/avatars/2017-01-25/132842497927_0dbc3c6e7e03990332f5_original.png"
  },
  "teamId": "T2616ES0G"
}
[01/11/18, 08:14:47:285] info: Store: UPDATE_TEAM_LOCALE
{
  "locale": "en-US",
  "teamId": "T2616ES0G"
}
[01/11/18, 08:14:47:286] info: Store: UPSERT_WEB_CONTENTS
{
  "id": 3,
  "state": "webapp-loaded",
  "teamId": "T2616ES0G"
}
[01/11/18, 08:14:47:825] info: Raw Locale list: ["C","C.UTF-8","en_AG","en_AG.utf8","en_AU.utf8","en_BW.utf8","en_CA.utf8","en_DK.utf8","en_GB.utf8","en_HK.utf8","en_IE.utf8","en_IN","en_IN.utf8","en_NG","en_NG.utf8","en_NZ.utf8","en_PH.utf8","en_SG.utf8","en_US.utf8","en_ZA.utf8","en_ZM","en_ZM.utf8","en_ZW.utf8","POSIX",""]
[01/11/18, 08:14:47:825] info: Filtered Locale list: ["en_AG","en_AG","en_AU","en_BW","en_CA","en_DK","en_GB","en_HK","en_IE","en_IN","en_IN","en_NG","en_NG","en_NZ","en_PH","en_SG","en_US","en_ZA","en_ZM","en_ZM","en_ZW"]
[01/11/18, 08:14:47:825] info: Counts: {"en":["en_AG","en_AG","en_AU","en_BW","en_CA","en_DK","en_GB","en_HK","en_IE","en_IN","en_IN","en_NG","en_NG","en_NZ","en_PH","en_SG","en_US","en_ZA","en_ZM","en_ZM","en_ZW"]}
[01/11/18, 08:14:47:826] info: Result: {"en":"en-CA"}
[01/11/18, 08:14:47:828] info: Requesting to load en-CA, alternatives are ["en-CA","en-CA","en-US"]
[01/11/18, 08:14:47:829] info: Loading dictionary for language en-CA
[01/11/18, 08:14:47:829] info: Returning local copy: /home/ryan/.config/Slack/dictionaries/en-CA.bdic
[01/11/18, 08:14:47:831] info: Setting current spellchecker to en-CA, requested language was en-CA
[01/11/18, 08:14:47:831] info: Creating node-spellchecker instance
[01/11/18, 08:14:47:833] info: Actually installing spell check provider to Electron
[01/11/18, 08:20:08:044] info: Unloading spellchecker
[01/11/18, 08:20:08:053] info: Restoring spellchecker
[01/11/18, 08:20:08:053] info: Loading dictionary for language en-CA
[01/11/18, 08:20:08:053] info: Returning local copy: /home/ryan/.config/Slack/dictionaries/en-CA.bdic
[01/11/18, 08:20:08:288] info: Setting current spellchecker to en-CA, requested language was en-CA
[01/11/18, 08:20:08:289] info: Creating node-spellchecker instance
[01/11/18, 08:20:09:024] info: Store: SAVE_WINDOW_SETTINGS
{
  "isMaximized": false,
  "position": [
    1,
    18
  ],
  "size": [
    1918,
    1042
  ]
}
[01/11/18, 08:20:11:770] info: Store: SELECT_CHANNEL C261DLCDB
[01/11/18, 08:20:12:543] info: Loading dictionary for language en-CA
[01/11/18, 08:20:12:543] info: Returning local copy: /home/ryan/.config/Slack/dictionaries/en-CA.bdic
[01/11/18, 08:20:12:560] info: Setting current spellchecker to en-CA, requested language was en-CA
[01/11/18, 08:20:21:668] info: Store: SELECT_CHANNEL C2B5LM1KN
[01/11/18, 08:20:22:033] info: Loading dictionary for language en-CA
[01/11/18, 08:20:22:033] info: Returning local copy: /home/ryan/.config/Slack/dictionaries/en-CA.bdic
[01/11/18, 08:20:22:034] info: Setting current spellchecker to en-CA, requested language was en-CA
[01/11/18, 08:20:40:469] info: Store: SELECT_CHANNEL C261DLC2H
[01/11/18, 08:20:41:002] info: Loading dictionary for language en-CA
[01/11/18, 08:20:41:003] info: Returning local copy: /home/ryan/.config/Slack/dictionaries/en-CA.bdic
[01/11/18, 08:20:41:003] info: Setting current spellchecker to en-CA, requested language was en-CA
[01/11/18, 08:20:45:288] info: Store: SELECT_CHANNEL C2THZDE65
[01/11/18, 08:20:45:325] info: Loading dictionary for language en-CA
[01/11/18, 08:20:45:325] info: Returning local copy: /home/ryan/.config/Slack/dictionaries/en-CA.bdic
[01/11/18, 08:20:45:344] info: Setting current spellchecker to en-CA, requested language was en-CA
[01/11/18, 08:20:47:139] info: Store: SELECT_CHANNEL C5BB1LT4J
[01/11/18, 08:20:47:193] info: Loading dictionary for language en-CA
[01/11/18, 08:20:47:194] info: Returning local copy: /home/ryan/.config/Slack/dictionaries/en-CA.bdic
[01/11/18, 08:20:47:212] info: Setting current spellchecker to en-CA, requested language was en-CA
[01/11/18, 08:20:48:851] info: Store: SELECT_CHANNEL C262NGW94
[01/11/18, 08:20:48:897] info: Loading dictionary for language en-CA
[01/11/18, 08:20:48:898] info: Returning local copy: /home/ryan/.config/Slack/dictionaries/en-CA.bdic
[01/11/18, 08:20:48:926] info: Setting current spellchecker to en-CA, requested language was en-CA
[01/11/18, 08:20:56:842] info: Store: SELECT_CHANNEL D8QBTJ0A2
[01/11/18, 08:20:59:087] info: Loading dictionary for language en-CA
[01/11/18, 08:20:59:087] info: Returning local copy: /home/ryan/.config/Slack/dictionaries/en-CA.bdic
[01/11/18, 08:20:59:088] info: Setting current spellchecker to en-CA, requested language was en-CA
[01/11/18, 08:21:10:562] info: Store: OPEN_CONTEXT_MENU
{
  "id": 3,
  "params": "[REDACTED]"
}
[01/11/18, 08:21:11:652] info: Unloading spellchecker
[01/11/18, 08:21:24:058] info: Store: SAVE_WINDOW_SETTINGS
{
  "isMaximized": false,
  "position": [
    1,
    18
  ],
  "size": [
    958,
    1042
  ]
}
[01/11/18, 08:22:04:531] info: Restoring spellchecker
[01/11/18, 08:22:04:532] info: Loading dictionary for language en-CA
[01/11/18, 08:22:04:532] info: Returning local copy: /home/ryan/.config/Slack/dictionaries/en-CA.bdic
[01/11/18, 08:22:04:546] info: Unloading spellchecker
[01/11/18, 08:22:04:553] info: Restoring spellchecker
[01/11/18, 08:22:04:553] info: Loading dictionary for language en-CA
[01/11/18, 08:22:04:554] info: Returning local copy: /home/ryan/.config/Slack/dictionaries/en-CA.bdic
[01/11/18, 08:22:04:590] info: Setting current spellchecker to en-CA, requested language was en-CA
[01/11/18, 08:22:04:590] info: Creating node-spellchecker instance
[01/11/18, 08:22:04:591] info: Setting current spellchecker to en-CA, requested language was en-CA
[01/11/18, 08:22:05:514] info: Store: SAVE_WINDOW_SETTINGS
{
  "isMaximized": false,
  "position": [
    1,
    18
  ],
  "size": [
    958,
    1042
  ]
}
[01/11/18, 08:22:06:064] info: Unloading spellchecker
[01/11/18, 08:22:07:739] info: Store: SAVE_WINDOW_SETTINGS
{
  "isMaximized": false,
  "position": [
    1,
    18
  ],
  "size": [
    1918,
    1042
  ]
}
[01/11/18, 08:26:40:787] info: Restoring spellchecker
[01/11/18, 08:26:40:789] info: Loading dictionary for language en-CA
[01/11/18, 08:26:40:790] info: Returning local copy: /home/ryan/.config/Slack/dictionaries/en-CA.bdic
[01/11/18, 08:26:40:804] info: Unloading spellchecker
[01/11/18, 08:26:40:823] info: Restoring spellchecker
[01/11/18, 08:26:40:823] info: Loading dictionary for language en-CA
[01/11/18, 08:26:40:824] info: Returning local copy: /home/ryan/.config/Slack/dictionaries/en-CA.bdic
[01/11/18, 08:26:40:874] info: Setting current spellchecker to en-CA, requested language was en-CA
[01/11/18, 08:26:40:874] info: Creating node-spellchecker instance
[01/11/18, 08:26:40:875] info: Setting current spellchecker to en-CA, requested language was en-CA
[01/11/18, 08:26:41:748] info: Store: SAVE_WINDOW_SETTINGS
{
  "isMaximized": false,
  "position": [
    1,
    18
  ],
  "size": [
    1918,
    1042
  ]
}
[01/11/18, 08:26:46:500] info: Store: OPEN_CONTEXT_MENU
{
  "id": 3,
  "params": "[REDACTED]"
}
[01/11/18, 08:26:48:609] info: Unloading spellchecker
[01/11/18, 08:34:25:872] info: Restoring spellchecker
[01/11/18, 08:34:25:873] info: Loading dictionary for language en-CA
[01/11/18, 08:34:25:873] info: Returning local copy: /home/ryan/.config/Slack/dictionaries/en-CA.bdic
[01/11/18, 08:34:25:886] info: Unloading spellchecker
[01/11/18, 08:34:25:896] info: Restoring spellchecker
[01/11/18, 08:34:25:896] info: Loading dictionary for language en-CA
[01/11/18, 08:34:25:896] info: Returning local copy: /home/ryan/.config/Slack/dictionaries/en-CA.bdic
[01/11/18, 08:34:25:931] info: Setting current spellchecker to en-CA, requested language was en-CA
[01/11/18, 08:34:25:931] info: Creating node-spellchecker instance
[01/11/18, 08:34:25:932] info: Setting current spellchecker to en-CA, requested language was en-CA
[01/11/18, 08:34:26:848] info: Store: SAVE_WINDOW_SETTINGS
{
  "isMaximized": false,
  "position": [
    1,
    18
  ],
  "size": [
    1918,
    1042
  ]
}
[01/11/18, 08:34:38:313] info: Store: OPEN_CONTEXT_MENU
{
  "id": 3,
  "params": "[REDACTED]"
}
[01/11/18, 08:34:40:188] info: Unloading spellchecker
[01/11/18, 08:34:48:113] info: Restoring spellchecker
[01/11/18, 08:34:48:114] info: Loading dictionary for language en-CA
[01/11/18, 08:34:48:114] info: Returning local copy: /home/ryan/.config/Slack/dictionaries/en-CA.bdic
[01/11/18, 08:34:48:125] info: Unloading spellchecker
[01/11/18, 08:34:48:136] info: Restoring spellchecker
[01/11/18, 08:34:48:137] info: Loading dictionary for language en-CA
[01/11/18, 08:34:48:138] info: Returning local copy: /home/ryan/.config/Slack/dictionaries/en-CA.bdic
[01/11/18, 08:34:48:158] info: Setting current spellchecker to en-CA, requested language was en-CA
[01/11/18, 08:34:48:159] info: Creating node-spellchecker instance
[01/11/18, 08:34:48:160] info: Setting current spellchecker to en-CA, requested language was en-CA
[01/11/18, 08:34:49:101] info: Store: SAVE_WINDOW_SETTINGS
{
  "isMaximized": false,
  "position": [
    1,
    18
  ],
  "size": [
    1918,
    1042
  ]
}
[01/11/18, 08:34:51:598] info: Store: OPEN_CONTEXT_MENU
{
  "id": 3,
  "params": "[REDACTED]"
}
[01/11/18, 08:34:53:196] info: Unloading spellchecker
[01/11/18, 09:34:17:710] info: Restoring spellchecker
[01/11/18, 09:34:17:710] info: Loading dictionary for language en-CA
[01/11/18, 09:34:17:711] info: Returning local copy: /home/ryan/.config/Slack/dictionaries/en-CA.bdic
[01/11/18, 09:34:17:722] info: Unloading spellchecker
[01/11/18, 09:34:17:737] info: Restoring spellchecker
[01/11/18, 09:34:17:738] info: Loading dictionary for language en-CA
[01/11/18, 09:34:17:739] info: Returning local copy: /home/ryan/.config/Slack/dictionaries/en-CA.bdic
[01/11/18, 09:34:17:792] info: Setting current spellchecker to en-CA, requested language was en-CA
[01/11/18, 09:34:17:792] info: Creating node-spellchecker instance
[01/11/18, 09:34:17:794] info: Setting current spellchecker to en-CA, requested language was en-CA
[01/11/18, 09:34:18:691] info: Store: SAVE_WINDOW_SETTINGS
{
  "isMaximized": false,
  "position": [
    1,
    18
  ],
  "size": [
    1918,
    1042
  ]
}
[01/11/18, 09:34:22:073] info: Unloading spellchecker
[01/11/18, 09:38:03:974] info: Restoring spellchecker
[01/11/18, 09:38:03:975] info: Loading dictionary for language en-CA
[01/11/18, 09:38:03:976] info: Returning local copy: /home/ryan/.config/Slack/dictionaries/en-CA.bdic
[01/11/18, 09:38:04:002] info: Setting current spellchecker to en-CA, requested language was en-CA
[01/11/18, 09:38:04:002] info: Creating node-spellchecker instance
[01/11/18, 09:38:04:438] info: Unloading spellchecker
[01/11/18, 11:47:58:268] info: Restoring spellchecker
[01/11/18, 11:47:58:269] info: Loading dictionary for language en-CA
[01/11/18, 11:47:58:269] info: Returning local copy: /home/ryan/.config/Slack/dictionaries/en-CA.bdic
[01/11/18, 11:47:58:278] info: Unloading spellchecker
[01/11/18, 11:47:58:298] info: Restoring spellchecker
[01/11/18, 11:47:58:299] info: Loading dictionary for language en-CA
[01/11/18, 11:47:58:299] info: Returning local copy: /home/ryan/.config/Slack/dictionaries/en-CA.bdic
[01/11/18, 11:47:58:328] info: Setting current spellchecker to en-CA, requested language was en-CA
[01/11/18, 11:47:58:328] info: Creating node-spellchecker instance
[01/11/18, 11:47:58:329] info: Setting current spellchecker to en-CA, requested language was en-CA
[01/11/18, 11:47:59:254] info: Store: SAVE_WINDOW_SETTINGS
{
  "isMaximized": false,
  "position": [
    1,
    18
  ],
  "size": [
    1918,
    1042
  ]
}
[01/11/18, 11:48:02:151] info: Unloading spellchecker
[01/11/18, 11:59:58:474] info: Restoring spellchecker
[01/11/18, 11:59:58:475] info: Loading dictionary for language en-CA
[01/11/18, 11:59:58:475] info: Returning local copy: /home/ryan/.config/Slack/dictionaries/en-CA.bdic
[01/11/18, 11:59:58:481] info: Unloading spellchecker
[01/11/18, 11:59:58:499] info: Restoring spellchecker
[01/11/18, 11:59:58:499] info: Loading dictionary for language en-CA
[01/11/18, 11:59:58:500] info: Returning local copy: /home/ryan/.config/Slack/dictionaries/en-CA.bdic
[01/11/18, 11:59:58:524] info: Setting current spellchecker to en-CA, requested language was en-CA
[01/11/18, 11:59:58:524] info: Creating node-spellchecker instance
[01/11/18, 11:59:58:526] info: Setting current spellchecker to en-CA, requested language was en-CA
[01/11/18, 11:59:59:465] info: Store: SAVE_WINDOW_SETTINGS
{
  "isMaximized": false,
  "position": [
    1,
    18
  ],
  "size": [
    1918,
    1042
  ]
}
[01/11/18, 12:00:03:496] info: Store: OPEN_CONTEXT_MENU
{
  "id": 3,
  "params": "[REDACTED]"
}
[01/11/18, 12:00:06:331] info: Unloading spellchecker
[01/11/18, 13:24:45:444] info: Restoring spellchecker
[01/11/18, 13:24:45:444] info: Loading dictionary for language en-CA
[01/11/18, 13:24:45:445] info: Returning local copy: /home/ryan/.config/Slack/dictionaries/en-CA.bdic
[01/11/18, 13:24:45:451] info: Unloading spellchecker
[01/11/18, 13:24:45:464] info: Restoring spellchecker
[01/11/18, 13:24:45:465] info: Loading dictionary for language en-CA
[01/11/18, 13:24:45:465] info: Returning local copy: /home/ryan/.config/Slack/dictionaries/en-CA.bdic
[01/11/18, 13:24:45:499] info: Setting current spellchecker to en-CA, requested language was en-CA
[01/11/18, 13:24:45:499] info: Creating node-spellchecker instance
[01/11/18, 13:24:45:500] info: Setting current spellchecker to en-CA, requested language was en-CA
[01/11/18, 13:24:46:431] info: Store: SAVE_WINDOW_SETTINGS
{
  "isMaximized": false,
  "position": [
    1,
    18
  ],
  "size": [
    1918,
    1042
  ]
}
[01/11/18, 13:24:47:409] info: Unloading spellchecker
[01/11/18, 13:58:40:162] info: Restoring spellchecker
[01/11/18, 13:58:40:163] info: Loading dictionary for language en-CA
[01/11/18, 13:58:40:163] info: Returning local copy: /home/ryan/.config/Slack/dictionaries/en-CA.bdic
[01/11/18, 13:58:40:170] info: Unloading spellchecker
[01/11/18, 13:58:40:180] info: Restoring spellchecker
[01/11/18, 13:58:40:180] info: Loading dictionary for language en-CA
[01/11/18, 13:58:40:180] info: Returning local copy: /home/ryan/.config/Slack/dictionaries/en-CA.bdic
[01/11/18, 13:58:40:203] info: Setting current spellchecker to en-CA, requested language was en-CA
[01/11/18, 13:58:40:203] info: Creating node-spellchecker instance
[01/11/18, 13:58:40:204] info: Setting current spellchecker to en-CA, requested language was en-CA
[01/11/18, 13:58:41:137] info: Store: SAVE_WINDOW_SETTINGS
{
  "isMaximized": false,
  "position": [
    1,
    18
  ],
  "size": [
    1918,
    1042
  ]
}
[01/11/18, 13:58:43:908] info: Unloading spellchecker
[01/11/18, 13:58:50:150] info: Restoring spellchecker
[01/11/18, 13:58:50:151] info: Loading dictionary for language en-CA
[01/11/18, 13:58:50:151] info: Returning local copy: /home/ryan/.config/Slack/dictionaries/en-CA.bdic
[01/11/18, 13:58:50:156] info: Unloading spellchecker
[01/11/18, 13:58:50:171] info: Restoring spellchecker
[01/11/18, 13:58:50:171] info: Loading dictionary for language en-CA
[01/11/18, 13:58:50:172] info: Returning local copy: /home/ryan/.config/Slack/dictionaries/en-CA.bdic
[01/11/18, 13:58:50:198] info: Setting current spellchecker to en-CA, requested language was en-CA
[01/11/18, 13:58:50:198] info: Creating node-spellchecker instance
[01/11/18, 13:58:50:199] info: Setting current spellchecker to en-CA, requested language was en-CA
[01/11/18, 13:58:51:146] info: Store: SAVE_WINDOW_SETTINGS
{
  "isMaximized": false,
  "position": [
    1,
    18
  ],
  "size": [
    1918,
    1042
  ]
}
[01/11/18, 13:58:55:986] info: Store: SELECT_CHANNEL C2B5LM1KN
[01/11/18, 13:58:56:300] info: Loading dictionary for language en-CA
[01/11/18, 13:58:56:300] info: Returning local copy: /home/ryan/.config/Slack/dictionaries/en-CA.bdic
[01/11/18, 13:58:56:301] info: Setting current spellchecker to en-CA, requested language was en-CA
[01/11/18, 13:59:50:336] info: Store: OPEN_CONTEXT_MENU
{
  "id": 3,
  "params": "[REDACTED]"
}
[01/11/18, 13:59:52:291] info: Unloading spellchecker
[01/11/18, 14:00:08:308] info: Restoring spellchecker
[01/11/18, 14:00:08:309] info: Loading dictionary for language en-CA
[01/11/18, 14:00:08:309] info: Returning local copy: /home/ryan/.config/Slack/dictionaries/en-CA.bdic
[01/11/18, 14:00:08:318] info: Unloading spellchecker
[01/11/18, 14:00:08:332] info: Restoring spellchecker
[01/11/18, 14:00:08:333] info: Loading dictionary for language en-CA
[01/11/18, 14:00:08:333] info: Returning local copy: /home/ryan/.config/Slack/dictionaries/en-CA.bdic
[01/11/18, 14:00:08:364] info: Setting current spellchecker to en-CA, requested language was en-CA
[01/11/18, 14:00:08:365] info: Creating node-spellchecker instance
[01/11/18, 14:00:08:366] info: Setting current spellchecker to en-CA, requested language was en-CA
[01/11/18, 14:00:09:295] info: Store: SAVE_WINDOW_SETTINGS
{
  "isMaximized": false,
  "position": [
    1,
    18
  ],
  "size": [
    1918,
    1042
  ]
}
[01/11/18, 14:01:46:618] info: Unloading spellchecker
[01/11/18, 14:02:20:896] info: Restoring spellchecker
[01/11/18, 14:02:20:897] info: Loading dictionary for language en-CA
[01/11/18, 14:02:20:898] info: Returning local copy: /home/ryan/.config/Slack/dictionaries/en-CA.bdic
[01/11/18, 14:02:20:933] info: Setting current spellchecker to en-CA, requested language was en-CA
[01/11/18, 14:02:20:933] info: Creating node-spellchecker instance
[01/11/18, 14:02:21:293] info: Unloading spellchecker
[01/11/18, 14:04:14:797] info: Restoring spellchecker
[01/11/18, 14:04:14:798] info: Loading dictionary for language en-CA
[01/11/18, 14:04:14:799] info: Returning local copy: /home/ryan/.config/Slack/dictionaries/en-CA.bdic
[01/11/18, 14:04:14:809] info: Unloading spellchecker
[01/11/18, 14:04:14:828] info: Restoring spellchecker
[01/11/18, 14:04:14:830] info: Loading dictionary for language en-CA
[01/11/18, 14:04:14:830] info: Returning local copy: /home/ryan/.config/Slack/dictionaries/en-CA.bdic
[01/11/18, 14:04:14:875] info: Setting current spellchecker to en-CA, requested language was en-CA
[01/11/18, 14:04:14:875] info: Creating node-spellchecker instance
[01/11/18, 14:04:14:876] info: Setting current spellchecker to en-CA, requested language was en-CA
[01/11/18, 14:04:15:791] info: Store: SAVE_WINDOW_SETTINGS
{
  "isMaximized": false,
  "position": [
    1,
    18
  ],
  "size": [
    1918,
    1042
  ]
}
[01/11/18, 14:04:27:654] info: Unloading spellchecker
[01/11/18, 14:06:53:697] info: Restoring spellchecker
[01/11/18, 14:06:53:698] info: Loading dictionary for language en-CA
[01/11/18, 14:06:53:699] info: Returning local copy: /home/ryan/.config/Slack/dictionaries/en-CA.bdic
[01/11/18, 14:06:53:705] info: Unloading spellchecker
[01/11/18, 14:06:53:720] info: Restoring spellchecker
[01/11/18, 14:06:53:720] info: Loading dictionary for language en-CA
[01/11/18, 14:06:53:720] info: Returning local copy: /home/ryan/.config/Slack/dictionaries/en-CA.bdic
[01/11/18, 14:06:53:776] info: Setting current spellchecker to en-CA, requested language was en-CA
[01/11/18, 14:06:53:776] info: Creating node-spellchecker instance
[01/11/18, 14:06:53:777] info: Setting current spellchecker to en-CA, requested language was en-CA
[01/11/18, 14:06:54:680] info: Store: SAVE_WINDOW_SETTINGS
{
  "isMaximized": false,
  "position": [
    1,
    18
  ],
  "size": [
    1918,
    1042
  ]
}
[01/11/18, 14:07:01:420] info: Unloading spellchecker
[01/11/18, 14:07:10:457] info: Restoring spellchecker
[01/11/18, 14:07:10:460] info: Loading dictionary for language en-CA
[01/11/18, 14:07:10:460] info: Returning local copy: /home/ryan/.config/Slack/dictionaries/en-CA.bdic
[01/11/18, 14:07:10:465] info: Unloading spellchecker
[01/11/18, 14:07:10:479] info: Restoring spellchecker
[01/11/18, 14:07:10:480] info: Loading dictionary for language en-CA
[01/11/18, 14:07:10:480] info: Returning local copy: /home/ryan/.config/Slack/dictionaries/en-CA.bdic
[01/11/18, 14:07:10:496] info: Setting current spellchecker to en-CA, requested language was en-CA
[01/11/18, 14:07:10:497] info: Creating node-spellchecker instance
[01/11/18, 14:07:10:497] info: Setting current spellchecker to en-CA, requested language was en-CA
[01/11/18, 14:07:11:450] info: Store: SAVE_WINDOW_SETTINGS
{
  "isMaximized": false,
  "position": [
    1,
    18
  ],
  "size": [
    1918,
    1042
  ]
}
[01/11/18, 14:07:18:051] info: Store: SELECT_CHANNEL D8QBTJ0A2
[01/11/18, 14:07:18:342] info: Loading dictionary for language en-CA
[01/11/18, 14:07:18:342] info: Returning local copy: /home/ryan/.config/Slack/dictionaries/en-CA.bdic
[01/11/18, 14:07:18:342] info: Setting current spellchecker to en-CA, requested language was en-CA
[01/11/18, 14:07:23:960] info: Unloading spellchecker
[01/11/18, 14:07:28:602] info: Restoring spellchecker
[01/11/18, 14:07:28:604] info: Loading dictionary for language en-CA
[01/11/18, 14:07:28:605] info: Returning local copy: /home/ryan/.config/Slack/dictionaries/en-CA.bdic
[01/11/18, 14:07:28:621] info: Unloading spellchecker
[01/11/18, 14:07:28:629] info: Restoring spellchecker
[01/11/18, 14:07:28:630] info: Loading dictionary for language en-CA
[01/11/18, 14:07:28:630] info: Returning local copy: /home/ryan/.config/Slack/dictionaries/en-CA.bdic
[01/11/18, 14:07:28:654] info: Setting current spellchecker to en-CA, requested language was en-CA
[01/11/18, 14:07:28:654] info: Creating node-spellchecker instance
[01/11/18, 14:07:28:655] info: Setting current spellchecker to en-CA, requested language was en-CA
[01/11/18, 14:07:29:605] info: Store: SAVE_WINDOW_SETTINGS
{
  "isMaximized": false,
  "position": [
    1,
    18
  ],
  "size": [
    1918,
    1042
  ]
}
[01/11/18, 14:07:50:567] info: Unloading spellchecker
[01/11/18, 14:07:53:231] info: Restoring spellchecker
[01/11/18, 14:07:53:233] info: Loading dictionary for language en-CA
[01/11/18, 14:07:53:235] info: Returning local copy: /home/ryan/.config/Slack/dictionaries/en-CA.bdic
[01/11/18, 14:07:53:243] info: Unloading spellchecker
[01/11/18, 14:07:53:251] info: Restoring spellchecker
[01/11/18, 14:07:53:251] info: Loading dictionary for language en-CA
[01/11/18, 14:07:53:252] info: Returning local copy: /home/ryan/.config/Slack/dictionaries/en-CA.bdic
[01/11/18, 14:07:53:273] info: Setting current spellchecker to en-CA, requested language was en-CA
[01/11/18, 14:07:53:273] info: Creating node-spellchecker instance
[01/11/18, 14:07:53:275] info: Setting current spellchecker to en-CA, requested language was en-CA
[01/11/18, 14:07:54:250] info: Store: SAVE_WINDOW_SETTINGS
{
  "isMaximized": false,
  "position": [
    1,
    18
  ],
  "size": [
    1918,
    1042
  ]
}
[01/11/18, 14:08:22:073] info: Unloading spellchecker
[01/11/18, 14:09:25:037] info: Restoring spellchecker
[01/11/18, 14:09:25:037] info: Loading dictionary for language en-CA
[01/11/18, 14:09:25:038] info: Returning local copy: /home/ryan/.config/Slack/dictionaries/en-CA.bdic
[01/11/18, 14:09:25:043] info: Unloading spellchecker
[01/11/18, 14:09:25:052] info: Restoring spellchecker
[01/11/18, 14:09:25:054] info: Loading dictionary for language en-CA
[01/11/18, 14:09:25:055] info: Returning local copy: /home/ryan/.config/Slack/dictionaries/en-CA.bdic
[01/11/18, 14:09:25:083] info: Setting current spellchecker to en-CA, requested language was en-CA
[01/11/18, 14:09:25:083] info: Creating node-spellchecker instance
[01/11/18, 14:09:25:085] info: Setting current spellchecker to en-CA, requested language was en-CA
[01/11/18, 14:09:26:024] info: Store: SAVE_WINDOW_SETTINGS
{
  "isMaximized": false,
  "position": [
    1,
    18
  ],
  "size": [
    1918,
    1042
  ]
}
[01/11/18, 14:09:29:842] info: Store: SELECT_CHANNEL C2B5LM1KN
[01/11/18, 14:09:30:154] info: Loading dictionary for language en-CA
[01/11/18, 14:09:30:154] info: Returning local copy: /home/ryan/.config/Slack/dictionaries/en-CA.bdic
[01/11/18, 14:09:30:155] info: Setting current spellchecker to en-CA, requested language was en-CA
[01/11/18, 14:09:53:059] info: Unloading spellchecker
[01/11/18, 14:10:42:117] info: Restoring spellchecker
[01/11/18, 14:10:42:118] info: Loading dictionary for language en-CA
[01/11/18, 14:10:42:119] info: Returning local copy: /home/ryan/.config/Slack/dictionaries/en-CA.bdic
[01/11/18, 14:10:42:131] info: Unloading spellchecker
[01/11/18, 14:10:42:140] info: Restoring spellchecker
[01/11/18, 14:10:42:141] info: Loading dictionary for language en-CA
[01/11/18, 14:10:42:141] info: Returning local copy: /home/ryan/.config/Slack/dictionaries/en-CA.bdic
[01/11/18, 14:10:42:200] info: Setting current spellchecker to en-CA, requested language was en-CA
[01/11/18, 14:10:42:200] info: Creating node-spellchecker instance
[01/11/18, 14:10:42:201] info: Setting current spellchecker to en-CA, requested language was en-CA
[01/11/18, 14:10:43:099] info: Store: SAVE_WINDOW_SETTINGS
{
  "isMaximized": false,
  "position": [
    1,
    18
  ],
  "size": [
    1918,
    1042
  ]
}
[01/11/18, 14:10:45:205] info: Unloading spellchecker
[01/11/18, 14:10:46:622] info: Restoring spellchecker
[01/11/18, 14:10:46:623] info: Loading dictionary for language en-CA
[01/11/18, 14:10:46:624] info: Returning local copy: /home/ryan/.config/Slack/dictionaries/en-CA.bdic
[01/11/18, 14:10:46:628] info: Unloading spellchecker
[01/11/18, 14:10:46:637] info: Restoring spellchecker
[01/11/18, 14:10:46:638] info: Loading dictionary for language en-CA
[01/11/18, 14:10:46:638] info: Returning local copy: /home/ryan/.config/Slack/dictionaries/en-CA.bdic
[01/11/18, 14:10:46:660] info: Setting current spellchecker to en-CA, requested language was en-CA
[01/11/18, 14:10:46:660] info: Creating node-spellchecker instance
[01/11/18, 14:10:46:662] info: Setting current spellchecker to en-CA, requested language was en-CA
[01/11/18, 14:10:47:431] info: Unloading spellchecker
[01/11/18, 14:10:47:616] info: Store: SAVE_WINDOW_SETTINGS
{
  "isMaximized": false,
  "position": [
    1,
    18
  ],
  "size": [
    1918,
    1042
  ]
}
[01/11/18, 14:11:47:271] info: Restoring spellchecker
[01/11/18, 14:11:47:271] info: Loading dictionary for language en-CA
[01/11/18, 14:11:47:272] info: Returning local copy: /home/ryan/.config/Slack/dictionaries/en-CA.bdic
[01/11/18, 14:11:47:276] info: Unloading spellchecker
[01/11/18, 14:11:47:284] info: Restoring spellchecker
[01/11/18, 14:11:47:285] info: Loading dictionary for language en-CA
[01/11/18, 14:11:47:285] info: Returning local copy: /home/ryan/.config/Slack/dictionaries/en-CA.bdic
[01/11/18, 14:11:47:311] info: Setting current spellchecker to en-CA, requested language was en-CA
[01/11/18, 14:11:47:312] info: Creating node-spellchecker instance
[01/11/18, 14:11:47:313] info: Setting current spellchecker to en-CA, requested language was en-CA
[01/11/18, 14:11:48:265] info: Store: SAVE_WINDOW_SETTINGS
{
  "isMaximized": false,
  "position": [
    1,
    18
  ],
  "size": [
    1918,
    1042
  ]
}
[01/11/18, 14:11:56:855] info: Unloading spellchecker
[01/11/18, 14:16:00:816] info: Restoring spellchecker
[01/11/18, 14:16:00:817] info: Loading dictionary for language en-CA
[01/11/18, 14:16:00:817] info: Returning local copy: /home/ryan/.config/Slack/dictionaries/en-CA.bdic
[01/11/18, 14:16:00:824] info: Unloading spellchecker
[01/11/18, 14:16:00:840] info: Restoring spellchecker
[01/11/18, 14:16:00:841] info: Loading dictionary for language en-CA
[01/11/18, 14:16:00:841] info: Returning local copy: /home/ryan/.config/Slack/dictionaries/en-CA.bdic
[01/11/18, 14:16:00:858] info: Setting current spellchecker to en-CA, requested language was en-CA
[01/11/18, 14:16:00:858] info: Creating node-spellchecker instance
[01/11/18, 14:16:00:859] info: Setting current spellchecker to en-CA, requested language was en-CA
[01/11/18, 14:16:01:804] info: Store: SAVE_WINDOW_SETTINGS
{
  "isMaximized": false,
  "position": [
    1,
    18
  ],
  "size": [
    1918,
    1042
  ]
}
[01/11/18, 14:16:03:162] info: Unloading spellchecker
[01/11/18, 14:36:25:160] info: Restoring spellchecker
[01/11/18, 14:36:25:161] info: Loading dictionary for language en-CA
[01/11/18, 14:36:25:164] info: Returning local copy: /home/ryan/.config/Slack/dictionaries/en-CA.bdic
[01/11/18, 14:36:25:171] info: Unloading spellchecker
[01/11/18, 14:36:25:181] info: Restoring spellchecker
[01/11/18, 14:36:25:181] info: Loading dictionary for language en-CA
[01/11/18, 14:36:25:182] info: Returning local copy: /home/ryan/.config/Slack/dictionaries/en-CA.bdic
[01/11/18, 14:36:25:211] info: Setting current spellchecker to en-CA, requested language was en-CA
[01/11/18, 14:36:25:211] info: Creating node-spellchecker instance
[01/11/18, 14:36:25:213] info: Setting current spellchecker to en-CA, requested language was en-CA
[01/11/18, 14:36:26:143] info: Store: SAVE_WINDOW_SETTINGS
{
  "isMaximized": false,
  "position": [
    1,
    18
  ],
  "size": [
    1918,
    1042
  ]
}
[01/11/18, 14:36:27:054] info: Unloading spellchecker
[01/11/18, 14:36:54:276] info: Restoring spellchecker
[01/11/18, 14:36:54:277] info: Loading dictionary for language en-CA
[01/11/18, 14:36:54:278] info: Returning local copy: /home/ryan/.config/Slack/dictionaries/en-CA.bdic
[01/11/18, 14:36:54:284] info: Unloading spellchecker
[01/11/18, 14:36:54:299] info: Restoring spellchecker
[01/11/18, 14:36:54:299] info: Loading dictionary for language en-CA
[01/11/18, 14:36:54:300] info: Returning local copy: /home/ryan/.config/Slack/dictionaries/en-CA.bdic
[01/11/18, 14:36:54:320] info: Setting current spellchecker to en-CA, requested language was en-CA
[01/11/18, 14:36:54:321] info: Creating node-spellchecker instance
[01/11/18, 14:36:54:321] info: Setting current spellchecker to en-CA, requested language was en-CA
[01/11/18, 14:36:55:262] info: Store: SAVE_WINDOW_SETTINGS
{
  "isMaximized": false,
  "position": [
    1,
    18
  ],
  "size": [
    1918,
    1042
  ]
}
[01/11/18, 14:37:07:197] info: Unloading spellchecker
[01/11/18, 15:23:04:770] info: Restoring spellchecker
[01/11/18, 15:23:04:771] info: Loading dictionary for language en-CA
[01/11/18, 15:23:04:777] info: Returning local copy: /home/ryan/.config/Slack/dictionaries/en-CA.bdic
[01/11/18, 15:23:04:782] info: Unloading spellchecker
[01/11/18, 15:23:04:792] info: Restoring spellchecker
[01/11/18, 15:23:04:793] info: Loading dictionary for language en-CA
[01/11/18, 15:23:04:793] info: Returning local copy: /home/ryan/.config/Slack/dictionaries/en-CA.bdic
[01/11/18, 15:23:04:818] info: Setting current spellchecker to en-CA, requested language was en-CA
[01/11/18, 15:23:04:818] info: Creating node-spellchecker instance
[01/11/18, 15:23:04:819] info: Setting current spellchecker to en-CA, requested language was en-CA
[01/11/18, 15:23:05:759] info: Store: SAVE_WINDOW_SETTINGS
{
  "isMaximized": false,
  "position": [
    1,
    18
  ],
  "size": [
    1918,
    1042
  ]
}
[01/11/18, 15:23:54:405] info: Unloading spellchecker
[01/11/18, 15:31:35:929] info: Store: FOREGROUND_APP
[01/11/18, 15:31:35:984] info: Restoring spellchecker
[01/11/18, 15:31:35:985] info: Loading dictionary for language en-CA
[01/11/18, 15:31:35:985] info: Returning local copy: /home/ryan/.config/Slack/dictionaries/en-CA.bdic
[01/11/18, 15:31:35:989] info: Setting current spellchecker to en-CA, requested language was en-CA
[01/11/18, 15:31:35:989] info: Creating node-spellchecker instance
[01/11/18, 15:31:38:795] info: Store: SELECT_CHANNEL D8QBTJ0A2
[01/11/18, 15:31:39:099] info: Loading dictionary for language en-CA
[01/11/18, 15:31:39:099] info: Returning local copy: /home/ryan/.config/Slack/dictionaries/en-CA.bdic
[01/11/18, 15:31:39:100] info: Setting current spellchecker to en-CA, requested language was en-CA
[01/11/18, 15:31:43:482] info: Store: OPEN_CONTEXT_MENU
{
  "id": 3,
  "params": "[REDACTED]"
}
[01/11/18, 15:31:45:382] info: Unloading spellchecker
[01/11/18, 15:32:38:031] info: Restoring spellchecker
[01/11/18, 15:32:38:032] info: Loading dictionary for language en-CA
[01/11/18, 15:32:38:032] info: Returning local copy: /home/ryan/.config/Slack/dictionaries/en-CA.bdic
[01/11/18, 15:32:38:038] info: Unloading spellchecker
[01/11/18, 15:32:38:054] info: Restoring spellchecker
[01/11/18, 15:32:38:054] info: Loading dictionary for language en-CA
[01/11/18, 15:32:38:055] info: Returning local copy: /home/ryan/.config/Slack/dictionaries/en-CA.bdic
[01/11/18, 15:32:38:075] info: Setting current spellchecker to en-CA, requested language was en-CA
[01/11/18, 15:32:38:075] info: Creating node-spellchecker instance
[01/11/18, 15:32:38:076] info: Setting current spellchecker to en-CA, requested language was en-CA
[01/11/18, 15:32:39:032] info: Store: SAVE_WINDOW_SETTINGS
{
  "isMaximized": false,
  "position": [
    1,
    18
  ],
  "size": [
    1918,
    1042
  ]
}
[01/11/18, 15:32:40:720] info: Unloading spellchecker
[01/11/18, 15:32:41:655] info: Restoring spellchecker
[01/11/18, 15:32:41:657] info: Loading dictionary for language en-CA
[01/11/18, 15:32:41:658] info: Returning local copy: /home/ryan/.config/Slack/dictionaries/en-CA.bdic
[01/11/18, 15:32:41:688] info: Setting current spellchecker to en-CA, requested language was en-CA
[01/11/18, 15:32:41:688] info: Creating node-spellchecker instance
[01/11/18, 15:32:41:978] info: Unloading spellchecker
[01/11/18, 15:44:46:372] info: Restoring spellchecker
[01/11/18, 15:44:46:373] info: Loading dictionary for language en-CA
[01/11/18, 15:44:46:373] info: Returning local copy: /home/ryan/.config/Slack/dictionaries/en-CA.bdic
[01/11/18, 15:44:46:378] info: Unloading spellchecker
[01/11/18, 15:44:46:389] info: Restoring spellchecker
[01/11/18, 15:44:46:389] info: Loading dictionary for language en-CA
[01/11/18, 15:44:46:390] info: Returning local copy: /home/ryan/.config/Slack/dictionaries/en-CA.bdic
[01/11/18, 15:44:46:433] info: Setting current spellchecker to en-CA, requested language was en-CA
[01/11/18, 15:44:46:434] info: Creating node-spellchecker instance
[01/11/18, 15:44:46:435] info: Setting current spellchecker to en-CA, requested language was en-CA
[01/11/18, 15:44:47:368] info: Store: SAVE_WINDOW_SETTINGS
{
  "isMaximized": false,
  "position": [
    1,
    18
  ],
  "size": [
    1918,
    1042
  ]
}
[01/11/18, 15:48:07:171] info: Unloading spellchecker
[01/11/18, 15:49:08:646] info: Restoring spellchecker
[01/11/18, 15:49:08:647] info: Loading dictionary for language en-CA
[01/11/18, 15:49:08:647] info: Returning local copy: /home/ryan/.config/Slack/dictionaries/en-CA.bdic
[01/11/18, 15:49:08:650] info: Unloading spellchecker
[01/11/18, 15:49:08:658] info: Restoring spellchecker
[01/11/18, 15:49:08:658] info: Loading dictionary for language en-CA
[01/11/18, 15:49:08:658] info: Returning local copy: /home/ryan/.config/Slack/dictionaries/en-CA.bdic
[01/11/18, 15:49:08:678] info: Setting current spellchecker to en-CA, requested language was en-CA
[01/11/18, 15:49:08:678] info: Creating node-spellchecker instance
[01/11/18, 15:49:08:679] info: Setting current spellchecker to en-CA, requested language was en-CA
[01/11/18, 15:49:09:626] info: Store: SAVE_WINDOW_SETTINGS
{
  "isMaximized": false,
  "position": [
    1,
    18
  ],
  "size": [
    1918,
    1042
  ]
}
[01/11/18, 15:49:11:552] info: Unloading spellchecker
[01/11/18, 15:50:37:685] warn: Unable to read quiet hours setting: windows-quiet-hours works only on Windows
[01/11/18, 15:50:37:685] warn: Unable to read quiet hours setting: windows-quiet-hours works only on Windows
[01/11/18, 15:50:37:695] info: Store: NEW_NOTIFICATION
{
  "avatarImage": "https://ca.slack-edge.com/T2616ES0G-U28QA1SMB-40771dea8ca9-512",
  "channel": "D8QBTJ0A2",
  "content": "[REDACTED]",
  "id": "3j8xumhDk0x1n3A",
  "imageUri": null,
  "launchUri": "slack://channel?id=D8QBTJ0A2&message=1515703837.000286&team=T2616ES0G",
  "msg": "1515703837.000286",
  "silent": true,
  "subtitle": "",
  "teamId": "T2616ES0G",
  "title": "[REDACTED]"
}
[01/11/18, 15:50:40:945] info: Restoring spellchecker
[01/11/18, 15:50:40:948] info: Loading dictionary for language en-CA
[01/11/18, 15:50:40:949] info: Returning local copy: /home/ryan/.config/Slack/dictionaries/en-CA.bdic
[01/11/18, 15:50:40:971] info: Unloading spellchecker
[01/11/18, 15:50:40:995] info: Restoring spellchecker
[01/11/18, 15:50:40:996] info: Loading dictionary for language en-CA
[01/11/18, 15:50:40:996] info: Returning local copy: /home/ryan/.config/Slack/dictionaries/en-CA.bdic
[01/11/18, 15:50:41:049] info: Setting current spellchecker to en-CA, requested language was en-CA
[01/11/18, 15:50:41:050] info: Creating node-spellchecker instance
[01/11/18, 15:50:41:051] info: Setting current spellchecker to en-CA, requested language was en-CA
[01/11/18, 15:50:41:911] info: Store: SAVE_WINDOW_SETTINGS
{
  "isMaximized": false,
  "position": [
    1,
    18
  ],
  "size": [
    1918,
    1042
  ]
}
[01/11/18, 15:50:51:210] info: Unloading spellchecker
[01/11/18, 15:50:51:816] warn: Unable to read quiet hours setting: windows-quiet-hours works only on Windows
[01/11/18, 15:50:51:816] warn: Unable to read quiet hours setting: windows-quiet-hours works only on Windows
[01/11/18, 15:50:51:819] info: Store: NEW_NOTIFICATION
{
  "avatarImage": "https://ca.slack-edge.com/T2616ES0G-U28QA1SMB-40771dea8ca9-512",
  "channel": "D8QBTJ0A2",
  "content": "[REDACTED]",
  "id": "YQL9fDiV5pJ7qZ0",
  "imageUri": null,
  "launchUri": "slack://channel?id=D8QBTJ0A2&message=1515703851.000363&team=T2616ES0G",
  "msg": "1515703851.000363",
  "silent": true,
  "subtitle": "",
  "teamId": "T2616ES0G",
  "title": "[REDACTED]"
}
[01/11/18, 15:50:54:233] info: Restoring spellchecker
[01/11/18, 15:50:54:234] info: Loading dictionary for language en-CA
[01/11/18, 15:50:54:234] info: Returning local copy: /home/ryan/.config/Slack/dictionaries/en-CA.bdic
[01/11/18, 15:50:54:239] info: Unloading spellchecker
[01/11/18, 15:50:54:253] info: Restoring spellchecker
[01/11/18, 15:50:54:253] info: Loading dictionary for language en-CA
[01/11/18, 15:50:54:253] info: Returning local copy: /home/ryan/.config/Slack/dictionaries/en-CA.bdic
[01/11/18, 15:50:54:314] info: Setting current spellchecker to en-CA, requested language was en-CA
[01/11/18, 15:50:54:314] info: Creating node-spellchecker instance
[01/11/18, 15:50:54:315] info: Setting current spellchecker to en-CA, requested language was en-CA
[01/11/18, 15:50:55:218] info: Store: SAVE_WINDOW_SETTINGS
{
  "isMaximized": false,
  "position": [
    1,
    18
  ],
  "size": [
    1918,
    1042
  ]
}
[01/11/18, 15:50:56:826] info: Unloading spellchecker
[01/11/18, 15:51:07:078] warn: Unable to read quiet hours setting: windows-quiet-hours works only on Windows
[01/11/18, 15:51:07:078] warn: Unable to read quiet hours setting: windows-quiet-hours works only on Windows
[01/11/18, 15:51:07:082] info: Store: NEW_NOTIFICATION
{
  "avatarImage": "https://ca.slack-edge.com/T2616ES0G-U28QA1SMB-40771dea8ca9-512",
  "channel": "D8QBTJ0A2",
  "content": "[REDACTED]",
  "id": "6m1AuVs57YyW8Wr",
  "imageUri": null,
  "launchUri": "slack://channel?id=D8QBTJ0A2&message=1515703866.000414&team=T2616ES0G",
  "msg": "1515703866.000414",
  "silent": true,
  "subtitle": "",
  "teamId": "T2616ES0G",
  "title": "[REDACTED]"
}
[01/11/18, 15:51:11:569] info: Restoring spellchecker
[01/11/18, 15:51:11:571] info: Loading dictionary for language en-CA
[01/11/18, 15:51:11:572] info: Returning local copy: /home/ryan/.config/Slack/dictionaries/en-CA.bdic
[01/11/18, 15:51:11:621] info: Setting current spellchecker to en-CA, requested language was en-CA
[01/11/18, 15:51:11:621] info: Creating node-spellchecker instance
[01/11/18, 15:51:16:163] info: Unloading spellchecker
[01/11/18, 15:51:20:119] info: Restoring spellchecker
[01/11/18, 15:51:20:120] info: Loading dictionary for language en-CA
[01/11/18, 15:51:20:121] info: Returning local copy: /home/ryan/.config/Slack/dictionaries/en-CA.bdic
[01/11/18, 15:51:20:133] info: Unloading spellchecker
[01/11/18, 15:51:20:142] info: Restoring spellchecker
[01/11/18, 15:51:20:143] info: Loading dictionary for language en-CA
[01/11/18, 15:51:20:143] info: Returning local copy: /home/ryan/.config/Slack/dictionaries/en-CA.bdic
[01/11/18, 15:51:20:166] info: Setting current spellchecker to en-CA, requested language was en-CA
[01/11/18, 15:51:20:166] info: Creating node-spellchecker instance
[01/11/18, 15:51:20:167] info: Setting current spellchecker to en-CA, requested language was en-CA
[01/11/18, 15:51:21:125] info: Store: SAVE_WINDOW_SETTINGS
{
  "isMaximized": false,
  "position": [
    1,
    18
  ],
  "size": [
    1918,
    1042
  ]
}
[01/11/18, 15:51:27:999] info: Unloading spellchecker
[01/11/18, 15:51:45:499] warn: Unable to read quiet hours setting: windows-quiet-hours works only on Windows
[01/11/18, 15:51:45:500] warn: Unable to read quiet hours setting: windows-quiet-hours works only on Windows
[01/11/18, 15:51:45:502] info: Store: NEW_NOTIFICATION
{
  "avatarImage": "https://ca.slack-edge.com/T2616ES0G-U28QA1SMB-40771dea8ca9-512",
  "channel": "D8QBTJ0A2",
  "content": "[REDACTED]",
  "id": "KYqVFrtA096M79A",
  "imageUri": null,
  "launchUri": "slack://channel?id=D8QBTJ0A2&message=1515703905.000165&team=T2616ES0G",
  "msg": "1515703905.000165",
  "silent": true,
  "subtitle": "",
  "teamId": "T2616ES0G",
  "title": "[REDACTED]"
}
[01/11/18, 15:51:47:078] info: Restoring spellchecker
[01/11/18, 15:51:47:079] info: Loading dictionary for language en-CA
[01/11/18, 15:51:47:079] info: Returning local copy: /home/ryan/.config/Slack/dictionaries/en-CA.bdic
[01/11/18, 15:51:47:092] info: Unloading spellchecker
[01/11/18, 15:51:47:103] info: Restoring spellchecker
[01/11/18, 15:51:47:103] info: Loading dictionary for language en-CA
[01/11/18, 15:51:47:104] info: Returning local copy: /home/ryan/.config/Slack/dictionaries/en-CA.bdic
[01/11/18, 15:51:47:162] info: Setting current spellchecker to en-CA, requested language was en-CA
[01/11/18, 15:51:47:162] info: Creating node-spellchecker instance
[01/11/18, 15:51:47:163] info: Setting current spellchecker to en-CA, requested language was en-CA
[01/11/18, 15:51:48:065] info: Store: SAVE_WINDOW_SETTINGS
{
  "isMaximized": false,
  "position": [
    1,
    18
  ],
  "size": [
    1918,
    1042
  ]
}
[01/11/18, 15:52:05:048] info: Unloading spellchecker
[01/11/18, 15:53:03:258] info: Restoring spellchecker
[01/11/18, 15:53:03:258] info: Loading dictionary for language en-CA
[01/11/18, 15:53:03:259] info: Returning local copy: /home/ryan/.config/Slack/dictionaries/en-CA.bdic
[01/11/18, 15:53:03:266] info: Unloading spellchecker
[01/11/18, 15:53:03:293] info: Restoring spellchecker
[01/11/18, 15:53:03:293] info: Loading dictionary for language en-CA
[01/11/18, 15:53:03:293] info: Returning local copy: /home/ryan/.config/Slack/dictionaries/en-CA.bdic
[01/11/18, 15:53:03:315] info: Setting current spellchecker to en-CA, requested language was en-CA
[01/11/18, 15:53:03:316] info: Creating node-spellchecker instance
[01/11/18, 15:53:03:317] info: Setting current spellchecker to en-CA, requested language was en-CA
[01/11/18, 15:53:04:252] info: Store: SAVE_WINDOW_SETTINGS
{
  "isMaximized": false,
  "position": [
    1,
    18
  ],
  "size": [
    1918,
    1042
  ]
}
[01/11/18, 15:53:12:125] info: Unloading spellchecker
[01/11/18, 15:55:55:026] warn: Unable to read quiet hours setting: windows-quiet-hours works only on Windows
[01/11/18, 15:55:55:026] warn: Unable to read quiet hours setting: windows-quiet-hours works only on Windows
[01/11/18, 15:55:55:028] info: Store: NEW_NOTIFICATION
{
  "avatarImage": "https://ca.slack-edge.com/T2616ES0G-U28QA1SMB-40771dea8ca9-512",
  "channel": "D8QBTJ0A2",
  "content": "[REDACTED]",
  "id": "9pZEF2uO95mOxm1",
  "imageUri": null,
  "launchUri": "slack://channel?id=D8QBTJ0A2&message=1515704154.000510&team=T2616ES0G",
  "msg": "1515704154.000510",
  "silent": true,
  "subtitle": "",
  "teamId": "T2616ES0G",
  "title": "[REDACTED]"
}
[01/11/18, 15:55:57:793] info: Restoring spellchecker
[01/11/18, 15:55:57:794] info: Loading dictionary for language en-CA
[01/11/18, 15:55:57:794] info: Returning local copy: /home/ryan/.config/Slack/dictionaries/en-CA.bdic
[01/11/18, 15:55:57:803] info: Unloading spellchecker
[01/11/18, 15:55:57:819] info: Restoring spellchecker
[01/11/18, 15:55:57:820] info: Loading dictionary for language en-CA
[01/11/18, 15:55:57:820] info: Returning local copy: /home/ryan/.config/Slack/dictionaries/en-CA.bdic
[01/11/18, 15:55:57:881] info: Setting current spellchecker to en-CA, requested language was en-CA
[01/11/18, 15:55:57:883] info: Creating node-spellchecker instance
[01/11/18, 15:55:57:884] info: Setting current spellchecker to en-CA, requested language was en-CA
[01/11/18, 15:55:58:784] info: Store: SAVE_WINDOW_SETTINGS
{
  "isMaximized": false,
  "position": [
    1,
    18
  ],
  "size": [
    1918,
    1042
  ]
}
[01/11/18, 15:56:08:545] info: Unloading spellchecker
[01/11/18, 15:56:41:599] warn: Unable to read quiet hours setting: windows-quiet-hours works only on Windows
[01/11/18, 15:56:41:599] warn: Unable to read quiet hours setting: windows-quiet-hours works only on Windows
[01/11/18, 15:56:41:602] info: Store: NEW_NOTIFICATION
{
  "avatarImage": "https://ca.slack-edge.com/T2616ES0G-U28QA1SMB-40771dea8ca9-512",
  "channel": "D8QBTJ0A2",
  "content": "[REDACTED]",
  "id": "DYjVFJCZYVKZVGQ",
  "imageUri": null,
  "launchUri": "slack://channel?id=D8QBTJ0A2&message=1515704201.000101&team=T2616ES0G",
  "msg": "1515704201.000101",
  "silent": true,
  "subtitle": "",
  "teamId": "T2616ES0G",
  "title": "[REDACTED]"
}
[01/11/18, 15:59:57:087] info: Restoring spellchecker
[01/11/18, 15:59:57:088] info: Loading dictionary for language en-CA
[01/11/18, 15:59:57:089] info: Returning local copy: /home/ryan/.config/Slack/dictionaries/en-CA.bdic
[01/11/18, 15:59:57:102] info: Unloading spellchecker
[01/11/18, 15:59:57:118] info: Restoring spellchecker
[01/11/18, 15:59:57:118] info: Loading dictionary for language en-CA
[01/11/18, 15:59:57:118] info: Returning local copy: /home/ryan/.config/Slack/dictionaries/en-CA.bdic
[01/11/18, 15:59:57:181] info: Setting current spellchecker to en-CA, requested language was en-CA
[01/11/18, 15:59:57:181] info: Creating node-spellchecker instance
[01/11/18, 15:59:57:183] info: Setting current spellchecker to en-CA, requested language was en-CA
[01/11/18, 15:59:58:073] info: Store: SAVE_WINDOW_SETTINGS
{
  "isMaximized": false,
  "position": [
    1,
    18
  ],
  "size": [
    1918,
    1042
  ]
}
[01/11/18, 16:00:00:027] info: Unloading spellchecker
[01/11/18, 16:01:31:375] info: Restoring spellchecker
[01/11/18, 16:01:31:376] info: Loading dictionary for language en-CA
[01/11/18, 16:01:31:376] info: Returning local copy: /home/ryan/.config/Slack/dictionaries/en-CA.bdic
[01/11/18, 16:01:31:393] info: Unloading spellchecker
[01/11/18, 16:01:31:404] info: Restoring spellchecker
[01/11/18, 16:01:31:405] info: Loading dictionary for language en-CA
[01/11/18, 16:01:31:405] info: Returning local copy: /home/ryan/.config/Slack/dictionaries/en-CA.bdic
[01/11/18, 16:01:31:424] info: Setting current spellchecker to en-CA, requested language was en-CA
[01/11/18, 16:01:31:424] info: Creating node-spellchecker instance
[01/11/18, 16:01:31:425] info: Setting current spellchecker to en-CA, requested language was en-CA
[01/11/18, 16:01:32:356] info: Store: SAVE_WINDOW_SETTINGS
{
  "isMaximized": false,
  "position": [
    1,
    18
  ],
  "size": [
    1918,
    1042
  ]
}
[01/11/18, 16:01:38:048] info: Unloading spellchecker
[01/11/18, 16:02:58:306] info: Restoring spellchecker
[01/11/18, 16:02:58:308] info: Loading dictionary for language en-CA
[01/11/18, 16:02:58:309] info: Returning local copy: /home/ryan/.config/Slack/dictionaries/en-CA.bdic
[01/11/18, 16:02:58:343] info: Setting current spellchecker to en-CA, requested language was en-CA
[01/11/18, 16:02:58:343] info: Creating node-spellchecker instance
[01/11/18, 16:03:01:719] info: Unloading spellchecker
[01/11/18, 16:16:29:518] info: Restoring spellchecker
[01/11/18, 16:16:29:520] info: Loading dictionary for language en-CA
[01/11/18, 16:16:29:520] info: Returning local copy: /home/ryan/.config/Slack/dictionaries/en-CA.bdic
[01/11/18, 16:16:29:551] info: Setting current spellchecker to en-CA, requested language was en-CA
[01/11/18, 16:16:29:552] info: Creating node-spellchecker instance
[01/11/18, 16:16:30:206] info: Unloading spellchecker
[01/11/18, 16:25:33:356] warn: Unable to read quiet hours setting: windows-quiet-hours works only on Windows
[01/11/18, 16:25:33:356] warn: Unable to read quiet hours setting: windows-quiet-hours works only on Windows
[01/11/18, 16:25:33:360] info: Store: NEW_NOTIFICATION
{
  "avatarImage": "https://ca.slack-edge.com/T2616ES0G-U329SM0JH-0b970ccf5fd1-512",
  "channel": "D8NCVHY8M",
  "content": "[REDACTED]",
  "id": "JYp9F1FLr6ZAk81",
  "imageUri": null,
  "launchUri": "slack://channel?id=D8NCVHY8M&message=1515705932.000825&team=T2616ES0G",
  "msg": "1515705932.000825",
  "silent": true,
  "subtitle": "",
  "teamId": "T2616ES0G",
  "title": "[REDACTED]"
}
[01/11/18, 16:25:41:558] warn: Unable to read quiet hours setting: windows-quiet-hours works only on Windows
[01/11/18, 16:25:41:559] warn: Unable to read quiet hours setting: windows-quiet-hours works only on Windows
[01/11/18, 16:25:41:564] info: Store: NEW_NOTIFICATION
{
  "avatarImage": "https://ca.slack-edge.com/T2616ES0G-U329SM0JH-0b970ccf5fd1-512",
  "channel": "D8NCVHY8M",
  "content": "[REDACTED]",
  "id": "nYy9FxHZxnAG4g0",
  "imageUri": null,
  "launchUri": "slack://channel?id=D8NCVHY8M&message=1515705941.000078&team=T2616ES0G",
  "msg": "1515705941.000078",
  "silent": true,
  "subtitle": "",
  "teamId": "T2616ES0G",
  "title": "[REDACTED]"
}
[01/11/18, 16:47:29:732] warn: Unable to read quiet hours setting: windows-quiet-hours works only on Windows
[01/11/18, 16:47:29:733] warn: Unable to read quiet hours setting: windows-quiet-hours works only on Windows
[01/11/18, 16:47:29:740] info: Store: NEW_NOTIFICATION
{
  "avatarImage": "https://ca.slack-edge.com/T2616ES0G-U329SM0JH-0b970ccf5fd1-512",
  "channel": "D8NCVHY8M",
  "content": "[REDACTED]",
  "id": "WwJ9fNInGDN97rw",
  "imageUri": null,
  "launchUri": "slack://channel?id=D8NCVHY8M&message=1515707249.000383&team=T2616ES0G",
  "msg": "1515707249.000383",
  "silent": true,
  "subtitle": "",
  "teamId": "T2616ES0G",
  "title": "[REDACTED]"
}
[01/11/18, 16:47:33:249] warn: Unable to read quiet hours setting: windows-quiet-hours works only on Windows
[01/11/18, 16:47:33:249] warn: Unable to read quiet hours setting: windows-quiet-hours works only on Windows
[01/11/18, 16:47:33:259] info: Store: NEW_NOTIFICATION
{
  "avatarImage": "https://ca.slack-edge.com/T2616ES0G-U329SM0JH-0b970ccf5fd1-512",
  "channel": "D8NCVHY8M",
  "content": "[REDACTED]",
  "id": "2gZwFWS2kDPAKBx",
  "imageUri": null,
  "launchUri": "slack://channel?id=D8NCVHY8M&message=1515707253.000105&team=T2616ES0G",
  "msg": "1515707253.000105",
  "silent": true,
  "subtitle": "",
  "teamId": "T2616ES0G",
  "title": "[REDACTED]"
}
[01/11/18, 16:47:53:938] info: Restoring spellchecker
[01/11/18, 16:47:53:939] info: Loading dictionary for language en-CA
[01/11/18, 16:47:53:940] info: Returning local copy: /home/ryan/.config/Slack/dictionaries/en-CA.bdic
[01/11/18, 16:47:53:949] info: Unloading spellchecker
[01/11/18, 16:47:53:964] info: Restoring spellchecker
[01/11/18, 16:47:53:964] info: Loading dictionary for language en-CA
[01/11/18, 16:47:53:965] info: Returning local copy: /home/ryan/.config/Slack/dictionaries/en-CA.bdic
[01/11/18, 16:47:53:995] info: Setting current spellchecker to en-CA, requested language was en-CA
[01/11/18, 16:47:53:995] info: Creating node-spellchecker instance
[01/11/18, 16:47:53:996] info: Setting current spellchecker to en-CA, requested language was en-CA
[01/11/18, 16:47:54:919] info: Store: SAVE_WINDOW_SETTINGS
{
  "isMaximized": false,
  "position": [
    1,
    18
  ],
  "size": [
    1918,
    1042
  ]
}
[01/11/18, 16:47:59:123] info: Store: SELECT_CHANNEL D8NCVHY8M
[01/11/18, 16:47:59:432] info: Loading dictionary for language en-CA
[01/11/18, 16:47:59:432] info: Returning local copy: /home/ryan/.config/Slack/dictionaries/en-CA.bdic
[01/11/18, 16:47:59:432] info: Setting current spellchecker to en-CA, requested language was en-CA
[01/11/18, 16:48:31:178] info: Unloading spellchecker
[01/11/18, 16:48:55:059] warn: Unable to read quiet hours setting: windows-quiet-hours works only on Windows
[01/11/18, 16:48:55:060] warn: Unable to read quiet hours setting: windows-quiet-hours works only on Windows
[01/11/18, 16:48:55:063] info: Store: NEW_NOTIFICATION
{
  "avatarImage": "https://ca.slack-edge.com/T2616ES0G-U329SM0JH-0b970ccf5fd1-512",
  "channel": "D8NCVHY8M",
  "content": "[REDACTED]",
  "id": "02ZrsjTWmkQ06j6",
  "imageUri": null,
  "launchUri": "slack://channel?id=D8NCVHY8M&message=1515707334.000362&team=T2616ES0G",
  "msg": "1515707334.000362",
  "silent": true,
  "subtitle": "",
  "teamId": "T2616ES0G",
  "title": "[REDACTED]"
}
[01/11/18, 16:48:57:711] info: Restoring spellchecker
[01/11/18, 16:48:57:712] info: Loading dictionary for language en-CA
[01/11/18, 16:48:57:712] info: Returning local copy: /home/ryan/.config/Slack/dictionaries/en-CA.bdic
[01/11/18, 16:48:57:719] info: Unloading spellchecker
[01/11/18, 16:48:57:726] info: Restoring spellchecker
[01/11/18, 16:48:57:727] info: Loading dictionary for language en-CA
[01/11/18, 16:48:57:727] info: Returning local copy: /home/ryan/.config/Slack/dictionaries/en-CA.bdic
[01/11/18, 16:48:57:780] info: Setting current spellchecker to en-CA, requested language was en-CA
[01/11/18, 16:48:57:781] info: Creating node-spellchecker instance
[01/11/18, 16:48:57:782] info: Setting current spellchecker to en-CA, requested language was en-CA
[01/11/18, 16:48:58:689] info: Store: SAVE_WINDOW_SETTINGS
{
  "isMaximized": false,
  "position": [
    1,
    18
  ],
  "size": [
    1918,
    1042
  ]
}
[01/11/18, 16:49:08:406] info: Unloading spellchecker
[01/11/18, 16:49:11:960] warn: Unable to read quiet hours setting: windows-quiet-hours works only on Windows
[01/11/18, 16:49:11:960] warn: Unable to read quiet hours setting: windows-quiet-hours works only on Windows
[01/11/18, 16:49:11:962] info: Store: NEW_NOTIFICATION
{
  "avatarImage": "https://ca.slack-edge.com/T2616ES0G-U329SM0JH-0b970ccf5fd1-512",
  "channel": "D8NCVHY8M",
  "content": "[REDACTED]",
  "id": "xVMruKUw1jQ5jvQ",
  "imageUri": null,
  "launchUri": "slack://channel?id=D8NCVHY8M&message=1515707351.000438&team=T2616ES0G",
  "msg": "1515707351.000438",
  "silent": true,
  "subtitle": "",
  "teamId": "T2616ES0G",
  "title": "[REDACTED]"
}
[01/11/18, 16:50:29:120] info: Restoring spellchecker
[01/11/18, 16:50:29:122] info: Loading dictionary for language en-CA
[01/11/18, 16:50:29:123] info: Returning local copy: /home/ryan/.config/Slack/dictionaries/en-CA.bdic
[01/11/18, 16:50:29:135] info: Unloading spellchecker
[01/11/18, 16:50:29:144] info: Restoring spellchecker
[01/11/18, 16:50:29:144] info: Loading dictionary for language en-CA
[01/11/18, 16:50:29:144] info: Returning local copy: /home/ryan/.config/Slack/dictionaries/en-CA.bdic
[01/11/18, 16:50:29:196] info: Setting current spellchecker to en-CA, requested language was en-CA
[01/11/18, 16:50:29:196] info: Creating node-spellchecker instance
[01/11/18, 16:50:29:197] info: Setting current spellchecker to en-CA, requested language was en-CA
[01/11/18, 16:50:30:103] info: Store: SAVE_WINDOW_SETTINGS
{
  "isMaximized": false,
  "position": [
    1,
    18
  ],
  "size": [
    1918,
    1042
  ]
}
[01/11/18, 16:50:31:689] info: Unloading spellchecker
[01/11/18, 21:15:52:676] info: Restoring spellchecker
[01/11/18, 21:15:52:678] info: Loading dictionary for language en-CA
[01/11/18, 21:15:52:678] info: Returning local copy: /home/ryan/.config/Slack/dictionaries/en-CA.bdic
[01/11/18, 21:15:52:688] info: Unloading spellchecker
[01/11/18, 21:15:52:702] info: Restoring spellchecker
[01/11/18, 21:15:52:703] info: Loading dictionary for language en-CA
[01/11/18, 21:15:52:703] info: Returning local copy: /home/ryan/.config/Slack/dictionaries/en-CA.bdic
[01/11/18, 21:15:52:720] info: Setting current spellchecker to en-CA, requested language was en-CA
[01/11/18, 21:15:52:720] info: Creating node-spellchecker instance
[01/11/18, 21:15:52:722] info: Setting current spellchecker to en-CA, requested language was en-CA
[01/11/18, 21:15:53:662] info: Store: SAVE_WINDOW_SETTINGS
{
  "isMaximized": false,
  "position": [
    1,
    18
  ],
  "size": [
    1918,
    1042
  ]
}
[01/11/18, 21:15:53:793] info: Unloading spellchecker
[01/11/18, 21:16:56:674] error: Jan-11 21:16:56.674 SOCKET-MANAGER (T2616ES0G) Closing socket due to unknown error
[01/11/18, 21:16:58:902] info: Store: UPDATE_TEAM_ICONS
{
  "icons": {
    "image_102": "https://slack-files2.s3-us-west-2.amazonaws.com/avatars/2017-01-25/132842497927_0dbc3c6e7e03990332f5_102.png",
    "image_132": "https://slack-files2.s3-us-west-2.amazonaws.com/avatars/2017-01-25/132842497927_0dbc3c6e7e03990332f5_132.png",
    "image_230": "https://slack-files2.s3-us-west-2.amazonaws.com/avatars/2017-01-25/132842497927_0dbc3c6e7e03990332f5_230.png",
    "image_34": "https://slack-files2.s3-us-west-2.amazonaws.com/avatars/2017-01-25/132842497927_0dbc3c6e7e03990332f5_34.png",
    "image_44": "https://slack-files2.s3-us-west-2.amazonaws.com/avatars/2017-01-25/132842497927_0dbc3c6e7e03990332f5_44.png",
    "image_68": "https://slack-files2.s3-us-west-2.amazonaws.com/avatars/2017-01-25/132842497927_0dbc3c6e7e03990332f5_68.png",
    "image_88": "https://slack-files2.s3-us-west-2.amazonaws.com/avatars/2017-01-25/132842497927_0dbc3c6e7e03990332f5_88.png",
    "image_original": "https://slack-files2.s3-us-west-2.amazonaws.com/avatars/2017-01-25/132842497927_0dbc3c6e7e03990332f5_original.png"
  },
  "teamId": "T2616ES0G"
}
[01/11/18, 21:16:58:905] info: Store: UPDATE_TEAM_LOCALE
{
  "locale": "en-US",
  "teamId": "T2616ES0G"
}
[01/11/18, 21:19:49:703] info: Restoring spellchecker
[01/11/18, 21:19:49:703] info: Loading dictionary for language en-CA
[01/11/18, 21:19:49:704] info: Returning local copy: /home/ryan/.config/Slack/dictionaries/en-CA.bdic
[01/11/18, 21:19:49:710] info: Unloading spellchecker
[01/11/18, 21:19:49:723] info: Restoring spellchecker
[01/11/18, 21:19:49:723] info: Loading dictionary for language en-CA
[01/11/18, 21:19:49:724] info: Returning local copy: /home/ryan/.config/Slack/dictionaries/en-CA.bdic
[01/11/18, 21:19:49:757] info: Setting current spellchecker to en-CA, requested language was en-CA
[01/11/18, 21:19:49:758] info: Creating node-spellchecker instance
[01/11/18, 21:19:49:758] info: Setting current spellchecker to en-CA, requested language was en-CA
[01/11/18, 21:19:50:689] info: Store: SAVE_WINDOW_SETTINGS
{
  "isMaximized": false,
  "position": [
    1,
    18
  ],
  "size": [
    1918,
    1042
  ]
}
[01/11/18, 21:19:51:752] info: Store: SELECT_CHANNEL D8QBTJ0A2
[01/11/18, 21:19:52:053] info: Loading dictionary for language en-CA
[01/11/18, 21:19:52:053] info: Returning local copy: /home/ryan/.config/Slack/dictionaries/en-CA.bdic
[01/11/18, 21:19:52:054] info: Setting current spellchecker to en-CA, requested language was en-CA
[01/11/18, 21:20:04:420] info: Unloading spellchecker
[01/11/18, 21:20:05:382] info: Restoring spellchecker
[01/11/18, 21:20:05:383] info: Loading dictionary for language en-CA
[01/11/18, 21:20:05:383] info: Returning local copy: /home/ryan/.config/Slack/dictionaries/en-CA.bdic
[01/11/18, 21:20:05:392] info: Unloading spellchecker
[01/11/18, 21:20:05:395] info: Restoring spellchecker
[01/11/18, 21:20:05:395] info: Loading dictionary for language en-CA
[01/11/18, 21:20:05:396] info: Returning local copy: /home/ryan/.config/Slack/dictionaries/en-CA.bdic
[01/11/18, 21:20:05:423] info: Setting current spellchecker to en-CA, requested language was en-CA
[01/11/18, 21:20:05:424] info: Creating node-spellchecker instance
[01/11/18, 21:20:05:425] info: Setting current spellchecker to en-CA, requested language was en-CA
[01/11/18, 21:20:06:091] info: Unloading spellchecker
[01/11/18, 21:20:06:365] info: Store: SAVE_WINDOW_SETTINGS
{
  "isMaximized": false,
  "position": [
    1,
    18
  ],
  "size": [
    1918,
    1042
  ]
}
