[01/09/18, 14:15:27:795] info: ╔═════════════════════════════════════════════════════════════════════════════════╗
[01/09/18, 14:15:27:795] info: ║      Slack 3.0.2, linux 4.10.0-42-generic on x64 at 01/09/18, 14:15:27:792      ║
[01/09/18, 14:15:27:795] info: ╚═════════════════════════════════════════════════════════════════════════════════╝
[01/09/18, 14:15:28:004] info: Initializing local storage instance at path: /home/ryan/.config/Slack/local-settings.json
[01/09/18, 14:15:38:909] info: Store: SET_NETWORK_STATUS online
[01/09/18, 14:15:40:468] info: Store: UPSERT_WEB_CONTENTS
{
  "id": 3,
  "state": "loaded",
  "teamId": "T2616ES0G"
}
[01/09/18, 14:15:40:477] info: Store: MAIN_WINDOW_SHOWN
[01/09/18, 14:15:41:481] info: Store: SAVE_WINDOW_SETTINGS
{
  "isMaximized": false,
  "position": [
    1921,
    18
  ],
  "size": [
    1918,
    1162
  ]
}
[01/09/18, 14:15:42:956] info: Store: SAVE_WINDOW_SETTINGS
{
  "isMaximized": false,
  "position": [
    1921,
    18
  ],
  "size": [
    1918,
    1162
  ]
}
[01/09/18, 14:15:44:848] info: Store: SAVE_WINDOW_SETTINGS
{
  "isMaximized": false,
  "position": [
    1921,
    18
  ],
  "size": [
    1918,
    1162
  ]
}
[01/09/18, 14:15:47:141] info: Store: UPDATE_SESSION_STATUS
{
  "hasValidSession": true,
  "teamId": "T2616ES0G"
}
[01/09/18, 14:15:50:412] info: Store: SAVE_WINDOW_SETTINGS
{
  "isMaximized": false,
  "position": [
    1921,
    18
  ],
  "size": [
    1918,
    1162
  ]
}
[01/09/18, 14:15:51:065] info: Store: RELOAD
{
  "everything": false
}
