[01/14/18, 22:59:29:229] info: ╔═════════════════════════════════════════════════════════════════════════════════╗
[01/14/18, 22:59:29:229] info: ║      Slack 3.0.2, linux 4.13.0-26-generic on x64 at 01/14/18, 22:59:29:226      ║
[01/14/18, 22:59:29:229] info: ╚═════════════════════════════════════════════════════════════════════════════════╝
[01/14/18, 22:59:29:318] info: Initializing local storage instance at path: /home/ryan/.config/Slack/local-settings.json
[01/14/18, 22:59:29:606] info: updateSuspendResume: true
[01/14/18, 22:59:29:606] warn: updateSpellcheckerLanguage: Tried to update language, but spellchecker not initialized
[01/14/18, 22:59:29:613] info: Store: UPSERT_WEB_CONTENTS
{
  "id": 3,
  "state": "loaded",
  "teamId": "T2616ES0G"
}
[01/14/18, 22:59:29:618] info: Store: UPSERT_WEB_CONTENTS
{
  "id": 3,
  "state": "empty-page",
  "teamId": "T2616ES0G"
}
[01/14/18, 22:59:29:621] info: Store: SET_NETWORK_STATUS offline
[01/14/18, 22:59:31:394] info: Store: RELOAD
{
  "everything": false
}
[01/14/18, 22:59:31:396] info: Window is unloading, winssb is no longer accessible
