[01/09/18, 12:33:40:751] info: ╔═════════════════════════════════════════════════════════════════════════════════╗
[01/09/18, 12:33:40:752] info: ║      Slack 3.0.2, linux 4.10.0-42-generic on x64 at 01/09/18, 12:33:40:747      ║
[01/09/18, 12:33:40:752] info: ╚═════════════════════════════════════════════════════════════════════════════════╝
[01/09/18, 12:33:41:146] info: Initializing local storage instance at path: /home/ryan/.config/Slack/local-settings.json
[01/09/18, 12:33:44:485] info: Store: UPSERT_WEB_CONTENTS
{
  "id": 3,
  "state": "loaded",
  "teamId": "T2616ES0G"
}
[01/09/18, 12:33:44:517] info: Store: MAIN_WINDOW_SHOWN
[01/09/18, 12:33:44:669] info: Store: UPDATE_SESSION_STATUS
{
  "hasValidSession": true,
  "teamId": "T2616ES0G"
}
[01/09/18, 12:33:44:948] info: Store: SELECT_CHANNEL C2THZDE65
[01/09/18, 12:33:44:953] info: Store: UPDATE_TEAM_LOCALE
{
  "locale": "en-US"
}
[01/09/18, 12:33:44:956] info: Store: UPDATE_SETTINGS
{
  "locale": "en-US"
}
[01/09/18, 12:33:46:265] info: Store: UPDATE_TEAM_THEME
{
  "teamId": "T2616ES0G",
  "theme": {
    "active_item": "#4C9689",
    "active_item_text": "#FFFFFF",
    "active_presence": "#38978D",
    "badge": "#EB4D5C",
    "column_bg": "#4D394B",
    "hover_item": "#3E313C",
    "menu_bg": "#3E313C",
    "text_color": "#FFFFFF"
  }
}
[01/09/18, 12:33:46:525] info: Store: UPDATE_TEAM_ICONS
{
  "icons": {
    "image_102": "https://slack-files2.s3-us-west-2.amazonaws.com/avatars/2017-01-25/132842497927_0dbc3c6e7e03990332f5_102.png",
    "image_132": "https://slack-files2.s3-us-west-2.amazonaws.com/avatars/2017-01-25/132842497927_0dbc3c6e7e03990332f5_132.png",
    "image_230": "https://slack-files2.s3-us-west-2.amazonaws.com/avatars/2017-01-25/132842497927_0dbc3c6e7e03990332f5_230.png",
    "image_34": "https://slack-files2.s3-us-west-2.amazonaws.com/avatars/2017-01-25/132842497927_0dbc3c6e7e03990332f5_34.png",
    "image_44": "https://slack-files2.s3-us-west-2.amazonaws.com/avatars/2017-01-25/132842497927_0dbc3c6e7e03990332f5_44.png",
    "image_68": "https://slack-files2.s3-us-west-2.amazonaws.com/avatars/2017-01-25/132842497927_0dbc3c6e7e03990332f5_68.png",
    "image_88": "https://slack-files2.s3-us-west-2.amazonaws.com/avatars/2017-01-25/132842497927_0dbc3c6e7e03990332f5_88.png",
    "image_original": "https://slack-files2.s3-us-west-2.amazonaws.com/avatars/2017-01-25/132842497927_0dbc3c6e7e03990332f5_original.png"
  },
  "teamId": "T2616ES0G"
}
[01/09/18, 12:33:46:927] info: Store: UPDATE_TEAM_LOCALE
{
  "locale": "en-US",
  "teamId": "T2616ES0G"
}
[01/09/18, 12:33:46:935] info: Store: UPSERT_WEB_CONTENTS
{
  "id": 3,
  "state": "webapp-loaded",
  "teamId": "T2616ES0G"
}
[01/09/18, 12:39:19:853] info: Store: SAVE_WINDOW_SETTINGS
{
  "isMaximized": false,
  "position": [
    1,
    18
  ],
  "size": [
    1918,
    1042
  ]
}
[01/09/18, 12:51:26:368] info: Store: SELECT_CHANNEL C5BB1LT4J
[01/09/18, 12:51:31:343] info: Store: SELECT_CHANNEL C6PGP4A1H
[01/09/18, 12:54:42:226] info: Store: SAVE_WINDOW_SETTINGS
{
  "isMaximized": false,
  "position": [
    1,
    18
  ],
  "size": [
    1918,
    1042
  ]
}
[01/09/18, 13:14:54:056] info: Store: SAVE_WINDOW_SETTINGS
{
  "isMaximized": false,
  "position": [
    1,
    18
  ],
  "size": [
    1918,
    1042
  ]
}
[01/09/18, 13:14:55:926] info: Store: SELECT_CHANNEL C5BB1LT4J
[01/09/18, 13:18:36:569] info: Store: SELECT_CHANNEL C2THZDE65
[01/09/18, 13:22:06:184] info: Store: SAVE_WINDOW_SETTINGS
{
  "isMaximized": false,
  "position": [
    1,
    18
  ],
  "size": [
    1918,
    1042
  ]
}
[01/09/18, 13:24:34:076] info: Store: SAVE_WINDOW_SETTINGS
{
  "isMaximized": false,
  "position": [
    1,
    18
  ],
  "size": [
    1918,
    1042
  ]
}
[01/09/18, 14:14:47:695] info: Store: SAVE_WINDOW_SETTINGS
{
  "isMaximized": false,
  "position": [
    1,
    18
  ],
  "size": [
    1918,
    1042
  ]
}
[01/09/18, 14:14:59:129] info: Store: SELECT_CHANNEL C5BB1LT4J
