[01/09/18, 14:35:45:074] info: ╔═════════════════════════════════════════════════════════════════════════════════╗
[01/09/18, 14:35:45:075] info: ║      Slack 3.0.2, linux 4.10.0-42-generic on x64 at 01/09/18, 14:35:45:072      ║
[01/09/18, 14:35:45:075] info: ╚═════════════════════════════════════════════════════════════════════════════════╝
[01/09/18, 14:35:45:189] info: Initializing local storage instance at path: /home/ryan/.config/Slack/local-settings.json
[01/09/18, 14:35:45:522] info: updateSuspendResume: true
[01/09/18, 14:35:45:523] warn: updateSpellcheckerLanguage: Tried to update language, but spellchecker not initialized
[01/09/18, 14:35:48:728] info: Store: UPSERT_WEB_CONTENTS
{
  "id": 3,
  "state": "loaded",
  "teamId": "T2616ES0G"
}
[01/09/18, 14:35:50:974] info: Store: SELECT_CHANNEL C5BB1LT4J
[01/09/18, 14:35:50:975] info: Store: UPDATE_TEAM_LOCALE
{
  "locale": "en-US",
  "teamId": "T2616ES0G"
}
[01/09/18, 14:35:50:976] info: Store: UPDATE_SETTINGS
{
  "locale": "en-US"
}
[01/09/18, 14:35:50:977] info: Store: UPDATE_TEAM_THEME
{
  "teamId": "T2616ES0G",
  "theme": {
    "active_item": "#4C9689",
    "active_item_text": "#FFFFFF",
    "active_presence": "#38978D",
    "badge": "#EB4D5C",
    "column_bg": "#4D394B",
    "hover_item": "#3E313C",
    "menu_bg": "#3E313C",
    "text_color": "#FFFFFF"
  }
}
[01/09/18, 14:35:50:994] error: 2018/1/9 14:35:50.993 logging error: {"subtype":"api_call_error","message":"{\"ok\":false,\"error\":\"not_allowed\"}","stack":"Error\n    at Object.n [as logError] (https://a.slack-edge.com/bv1-1/rollup-core_required_ts.22e5671b1c98e7ade866.min.js:1:62349)\n    at e (https://a.slack-edge.com/bv1-1/rollup-secondary_a_required.c571fd839141e2fd7137.min.js:1:135599)\n    at e (https://a.slack-edge.com/bv1-1/rollup-secondary_a_required.c571fd839141e2fd7137.min.js:1:130798)\n    at e (https://a.slack-edge.com/bv1-1/rollup-secondary_a_required.c571fd839141e2fd7137.min.js:1:132393)\n    at XMLHttpRequest.m.onreadystatechange (https://a.slack-edge.com/bv1-1/rollup-secondary_a_required.c571fd839141e2fd7137.min.js:1:134091)"}
[01/09/18, 14:35:51:781] info: Store: UPDATE_SESSION_STATUS
{
  "hasValidSession": true,
  "teamId": "T2616ES0G"
}
[01/09/18, 14:35:53:626] error: Jan-9 14:35:53.626 SOCKET-MANAGER (T2616ES0G) Closing socket due to unknown error
[01/09/18, 14:36:00:097] error: Jan-9 14:36:00.970 SOCKET-MANAGER (T2616ES0G) Closing socket due to unknown error
[01/09/18, 14:36:00:962] error: Jan-9 14:36:00.962 SOCKET-MANAGER (T2616ES0G) Closing socket due to unknown error
[01/09/18, 14:36:06:337] error: Jan-9 14:36:06.337 SOCKET-MANAGER (T2616ES0G) Closing socket due to unknown error
[01/09/18, 14:36:58:729] error: Jan-9 14:36:58.729 SOCKET-MANAGER (T2616ES0G) Closing socket due to unknown error
[01/09/18, 14:37:27:728] error: Jan-9 14:37:27.728 SOCKET-MANAGER (T2616ES0G) Closing socket due to unknown error
[01/09/18, 14:38:27:728] error: Jan-9 14:38:27.728 SOCKET-MANAGER (T2616ES0G) Closing socket due to unknown error
[01/09/18, 14:39:15:404] error: Jan-9 14:39:15.404 SOCKET-MANAGER (T2616ES0G) Closing socket due to unknown error
[01/09/18, 14:40:15:568] error: Jan-9 14:40:15.568 SOCKET-MANAGER (T2616ES0G) Closing socket due to unknown error
[01/09/18, 14:41:13:265] error: Jan-9 14:41:13.265 SOCKET-MANAGER (T2616ES0G) Closing socket due to unknown error
[01/09/18, 14:42:23:818] error: Jan-9 14:42:23.818 SOCKET-MANAGER (T2616ES0G) Closing socket due to unknown error
[01/09/18, 14:43:27:728] error: Jan-9 14:43:27.728 SOCKET-MANAGER (T2616ES0G) Closing socket due to unknown error
[01/09/18, 14:44:16:970] error: Jan-9 14:44:16.970 SOCKET-MANAGER (T2616ES0G) Closing socket due to unknown error
[01/09/18, 14:45:19:840] error: Jan-9 14:45:19.840 SOCKET-MANAGER (T2616ES0G) Closing socket due to unknown error
[01/09/18, 14:46:10:338] error: Jan-9 14:46:10.338 SOCKET-MANAGER (T2616ES0G) Closing socket due to unknown error
[01/09/18, 14:47:27:728] error: Jan-9 14:47:27.728 SOCKET-MANAGER (T2616ES0G) Closing socket due to unknown error
[01/09/18, 14:48:07:569] error: Jan-9 14:48:07.569 SOCKET-MANAGER (T2616ES0G) Closing socket due to unknown error
[01/09/18, 14:49:17:509] error: Jan-9 14:49:17.509 SOCKET-MANAGER (T2616ES0G) Closing socket due to unknown error
[01/09/18, 14:50:17:211] error: Jan-9 14:50:17.211 SOCKET-MANAGER (T2616ES0G) Closing socket due to unknown error
[01/09/18, 14:50:23:060] info: Store: SAVE_WINDOW_SETTINGS
{
  "isMaximized": false,
  "position": [
    1,
    1
  ],
  "size": [
    958,
    1059
  ]
}
[01/09/18, 14:50:24:285] info: Store: SAVE_WINDOW_SETTINGS
{
  "isMaximized": false,
  "position": [
    1921,
    1
  ],
  "size": [
    958,
    1179
  ]
}
[01/09/18, 14:50:26:165] info: Store: SAVE_WINDOW_SETTINGS
{
  "isMaximized": false,
  "position": [
    1921,
    18
  ],
  "size": [
    1918,
    1162
  ]
}
[01/09/18, 14:50:28:125] info: Store: SAVE_WINDOW_SETTINGS
{
  "isMaximized": false,
  "position": [
    961,
    1
  ],
  "size": [
    958,
    1059
  ]
}
[01/09/18, 14:50:30:031] info: Store: SAVE_WINDOW_SETTINGS
{
  "isMaximized": false,
  "position": [
    1,
    18
  ],
  "size": [
    1918,
    1042
  ]
}
[01/09/18, 14:51:27:728] error: Jan-9 14:51:27.728 SOCKET-MANAGER (T2616ES0G) Closing socket due to unknown error
[01/09/18, 14:52:06:943] error: Jan-9 14:52:06.942 SOCKET-MANAGER (T2616ES0G) Closing socket due to unknown error
[01/09/18, 14:53:06:951] error: Jan-9 14:53:06.951 SOCKET-MANAGER (T2616ES0G) Closing socket due to unknown error
[01/09/18, 14:54:08:839] error: Jan-9 14:54:08.839 SOCKET-MANAGER (T2616ES0G) Closing socket due to unknown error
[01/09/18, 14:55:27:729] error: Jan-9 14:55:27.729 SOCKET-MANAGER (T2616ES0G) Closing socket due to unknown error
[01/09/18, 14:56:12:334] error: Jan-9 14:56:12.334 SOCKET-MANAGER (T2616ES0G) Closing socket due to unknown error
[01/09/18, 14:57:07:218] error: Jan-9 14:57:07.218 SOCKET-MANAGER (T2616ES0G) Closing socket due to unknown error
[01/09/18, 14:58:10:300] error: Jan-9 14:58:10.300 SOCKET-MANAGER (T2616ES0G) Closing socket due to unknown error
[01/09/18, 14:59:13:271] error: Jan-9 14:59:13.271 SOCKET-MANAGER (T2616ES0G) Closing socket due to unknown error
[01/09/18, 15:00:11:440] error: Jan-9 15:00:11.440 SOCKET-MANAGER (T2616ES0G) Closing socket due to unknown error
[01/09/18, 15:01:13:900] error: Jan-9 15:01:13.899 SOCKET-MANAGER (T2616ES0G) Closing socket due to unknown error
[01/09/18, 15:02:07:660] error: Jan-9 15:02:07.660 SOCKET-MANAGER (T2616ES0G) Closing socket due to unknown error
[01/09/18, 15:03:27:729] error: Jan-9 15:03:27.729 SOCKET-MANAGER (T2616ES0G) Closing socket due to unknown error
[01/09/18, 15:04:27:362] error: Jan-9 15:04:27.362 SOCKET-MANAGER (T2616ES0G) Closing socket due to unknown error
[01/09/18, 15:05:18:228] error: Jan-9 15:05:18.228 SOCKET-MANAGER (T2616ES0G) Closing socket due to unknown error
[01/09/18, 15:06:20:258] info: Store: UPDATE_TEAM_ICONS
{
  "icons": {
    "image_102": "https://slack-files2.s3-us-west-2.amazonaws.com/avatars/2017-01-25/132842497927_0dbc3c6e7e03990332f5_102.png",
    "image_132": "https://slack-files2.s3-us-west-2.amazonaws.com/avatars/2017-01-25/132842497927_0dbc3c6e7e03990332f5_132.png",
    "image_230": "https://slack-files2.s3-us-west-2.amazonaws.com/avatars/2017-01-25/132842497927_0dbc3c6e7e03990332f5_230.png",
    "image_34": "https://slack-files2.s3-us-west-2.amazonaws.com/avatars/2017-01-25/132842497927_0dbc3c6e7e03990332f5_34.png",
    "image_44": "https://slack-files2.s3-us-west-2.amazonaws.com/avatars/2017-01-25/132842497927_0dbc3c6e7e03990332f5_44.png",
    "image_68": "https://slack-files2.s3-us-west-2.amazonaws.com/avatars/2017-01-25/132842497927_0dbc3c6e7e03990332f5_68.png",
    "image_88": "https://slack-files2.s3-us-west-2.amazonaws.com/avatars/2017-01-25/132842497927_0dbc3c6e7e03990332f5_88.png",
    "image_original": "https://slack-files2.s3-us-west-2.amazonaws.com/avatars/2017-01-25/132842497927_0dbc3c6e7e03990332f5_original.png"
  },
  "teamId": "T2616ES0G"
}
[01/09/18, 15:06:20:260] info: Store: UPDATE_TEAM_LOCALE
{
  "locale": "en-US",
  "teamId": "T2616ES0G"
}
[01/09/18, 15:06:20:260] info: Store: UPSERT_WEB_CONTENTS
{
  "id": 3,
  "state": "webapp-loaded",
  "teamId": "T2616ES0G"
}
[01/09/18, 15:07:24:598] info: Unloading spellchecker
[01/09/18, 15:07:24:984] info: Raw Locale list: ["C","C.UTF-8","en_AG","en_AG.utf8","en_AU.utf8","en_BW.utf8","en_CA.utf8","en_DK.utf8","en_GB.utf8","en_HK.utf8","en_IE.utf8","en_IN","en_IN.utf8","en_NG","en_NG.utf8","en_NZ.utf8","en_PH.utf8","en_SG.utf8","en_US.utf8","en_ZA.utf8","en_ZM","en_ZM.utf8","en_ZW.utf8","POSIX",""]
[01/09/18, 15:07:24:984] info: Filtered Locale list: ["en_AG","en_AG","en_AU","en_BW","en_CA","en_DK","en_GB","en_HK","en_IE","en_IN","en_IN","en_NG","en_NG","en_NZ","en_PH","en_SG","en_US","en_ZA","en_ZM","en_ZM","en_ZW"]
[01/09/18, 15:07:24:984] info: Counts: {"en":["en_AG","en_AG","en_AU","en_BW","en_CA","en_DK","en_GB","en_HK","en_IE","en_IN","en_IN","en_NG","en_NG","en_NZ","en_PH","en_SG","en_US","en_ZA","en_ZM","en_ZM","en_ZW"]}
[01/09/18, 15:07:24:985] info: Result: {"en":"en-CA"}
[01/09/18, 15:07:24:987] info: Requesting to load en-CA, alternatives are ["en-CA","en-CA","en-US"]
[01/09/18, 15:07:24:988] info: Loading dictionary for language en-CA
[01/09/18, 15:07:24:988] info: Returning local copy: /home/ryan/.config/Slack/dictionaries/en-CA.bdic
[01/09/18, 15:07:24:990] info: Setting current spellchecker to en-CA, requested language was en-CA
[01/09/18, 15:07:24:990] info: Creating node-spellchecker instance
[01/09/18, 15:07:24:991] info: Actually installing spell check provider to Electron
[01/09/18, 15:07:25:459] info: Store: SAVE_WINDOW_SETTINGS
{
  "isMaximized": false,
  "position": [
    1,
    18
  ],
  "size": [
    1918,
    1042
  ]
}
[01/09/18, 15:09:19:074] info: Unloading spellchecker
[01/09/18, 15:24:52:386] info: Restoring spellchecker
[01/09/18, 15:24:52:387] info: Loading dictionary for language en-CA
[01/09/18, 15:24:52:387] info: Returning local copy: /home/ryan/.config/Slack/dictionaries/en-CA.bdic
[01/09/18, 15:24:52:391] info: Unloading spellchecker
[01/09/18, 15:24:52:399] info: Restoring spellchecker
[01/09/18, 15:24:52:400] info: Loading dictionary for language en-CA
[01/09/18, 15:24:52:400] info: Returning local copy: /home/ryan/.config/Slack/dictionaries/en-CA.bdic
[01/09/18, 15:24:52:426] info: Setting current spellchecker to en-CA, requested language was en-CA
[01/09/18, 15:24:52:426] info: Creating node-spellchecker instance
[01/09/18, 15:24:52:427] info: Setting current spellchecker to en-CA, requested language was en-CA
[01/09/18, 15:24:53:380] info: Store: SAVE_WINDOW_SETTINGS
{
  "isMaximized": false,
  "position": [
    1,
    18
  ],
  "size": [
    1918,
    1042
  ]
}
[01/09/18, 15:24:55:846] info: Store: SELECT_CHANNEL C6PGP4A1H
[01/09/18, 15:24:56:139] info: Loading dictionary for language en-CA
[01/09/18, 15:24:56:139] info: Returning local copy: /home/ryan/.config/Slack/dictionaries/en-CA.bdic
[01/09/18, 15:24:56:140] info: Setting current spellchecker to en-CA, requested language was en-CA
[01/09/18, 15:24:58:363] info: Unloading spellchecker
[01/09/18, 15:26:44:298] info: Restoring spellchecker
[01/09/18, 15:26:44:299] info: Loading dictionary for language en-CA
[01/09/18, 15:26:44:299] info: Returning local copy: /home/ryan/.config/Slack/dictionaries/en-CA.bdic
[01/09/18, 15:26:44:316] info: Setting current spellchecker to en-CA, requested language was en-CA
[01/09/18, 15:26:44:316] info: Creating node-spellchecker instance
[01/09/18, 15:26:44:619] info: Unloading spellchecker
[01/09/18, 15:35:17:319] info: Restoring spellchecker
[01/09/18, 15:35:17:320] info: Loading dictionary for language en-CA
[01/09/18, 15:35:17:320] info: Returning local copy: /home/ryan/.config/Slack/dictionaries/en-CA.bdic
[01/09/18, 15:35:17:327] info: Unloading spellchecker
[01/09/18, 15:35:17:343] info: Restoring spellchecker
[01/09/18, 15:35:17:344] info: Loading dictionary for language en-CA
[01/09/18, 15:35:17:344] info: Returning local copy: /home/ryan/.config/Slack/dictionaries/en-CA.bdic
[01/09/18, 15:35:17:387] info: Setting current spellchecker to en-CA, requested language was en-CA
[01/09/18, 15:35:17:387] info: Creating node-spellchecker instance
[01/09/18, 15:35:17:389] info: Setting current spellchecker to en-CA, requested language was en-CA
[01/09/18, 15:35:18:311] info: Store: SAVE_WINDOW_SETTINGS
{
  "isMaximized": false,
  "position": [
    1,
    18
  ],
  "size": [
    1918,
    1042
  ]
}
[01/09/18, 15:35:18:400] info: Unloading spellchecker
[01/09/18, 15:37:22:894] info: Restoring spellchecker
[01/09/18, 15:37:22:894] info: Loading dictionary for language en-CA
[01/09/18, 15:37:22:894] info: Returning local copy: /home/ryan/.config/Slack/dictionaries/en-CA.bdic
[01/09/18, 15:37:22:896] info: Setting current spellchecker to en-CA, requested language was en-CA
[01/09/18, 15:37:22:897] info: Creating node-spellchecker instance
[01/09/18, 15:37:23:635] info: Unloading spellchecker
[01/09/18, 15:40:00:045] warn: Unable to read quiet hours setting: windows-quiet-hours works only on Windows
[01/09/18, 15:40:00:045] warn: Unable to read quiet hours setting: windows-quiet-hours works only on Windows
[01/09/18, 15:40:00:053] info: Store: NEW_NOTIFICATION
{
  "avatarImage": "https://ca.slack-edge.com/T2616ES0G-U82KHJJMP-97511f09fc1c-512",
  "channel": "D8Q7WSTJ7",
  "content": "[REDACTED]",
  "id": "AK6LF9hYWzVWZJ1",
  "imageUri": null,
  "launchUri": "slack://channel?id=D8Q7WSTJ7&message=1515530399.000530&team=T2616ES0G",
  "msg": "1515530399.000530",
  "silent": true,
  "subtitle": "",
  "teamId": "T2616ES0G",
  "title": "[REDACTED]"
}
[01/09/18, 15:42:18:115] info: Restoring spellchecker
[01/09/18, 15:42:18:115] info: Loading dictionary for language en-CA
[01/09/18, 15:42:18:116] info: Returning local copy: /home/ryan/.config/Slack/dictionaries/en-CA.bdic
[01/09/18, 15:42:18:121] info: Unloading spellchecker
[01/09/18, 15:42:18:134] info: Restoring spellchecker
[01/09/18, 15:42:18:134] info: Loading dictionary for language en-CA
[01/09/18, 15:42:18:134] info: Returning local copy: /home/ryan/.config/Slack/dictionaries/en-CA.bdic
[01/09/18, 15:42:18:164] info: Setting current spellchecker to en-CA, requested language was en-CA
[01/09/18, 15:42:18:164] info: Creating node-spellchecker instance
[01/09/18, 15:42:18:164] info: Setting current spellchecker to en-CA, requested language was en-CA
[01/09/18, 15:42:19:110] info: Store: SAVE_WINDOW_SETTINGS
{
  "isMaximized": false,
  "position": [
    1,
    18
  ],
  "size": [
    1918,
    1042
  ]
}
[01/09/18, 15:42:21:871] info: Store: SELECT_CHANNEL D8Q7WSTJ7
[01/09/18, 15:42:22:168] info: Loading dictionary for language en-CA
[01/09/18, 15:42:22:168] info: Returning local copy: /home/ryan/.config/Slack/dictionaries/en-CA.bdic
[01/09/18, 15:42:22:169] info: Setting current spellchecker to en-CA, requested language was en-CA
[01/09/18, 15:42:25:485] info: Unloading spellchecker
[01/09/18, 15:42:33:996] info: Restoring spellchecker
[01/09/18, 15:42:33:997] info: Loading dictionary for language en-CA
[01/09/18, 15:42:33:997] info: Returning local copy: /home/ryan/.config/Slack/dictionaries/en-CA.bdic
[01/09/18, 15:42:34:008] info: Setting current spellchecker to en-CA, requested language was en-CA
[01/09/18, 15:42:34:008] info: Creating node-spellchecker instance
[01/09/18, 15:42:35:144] info: Unloading spellchecker
[01/09/18, 15:42:35:640] info: Restoring spellchecker
[01/09/18, 15:42:35:641] info: Loading dictionary for language en-CA
[01/09/18, 15:42:35:641] info: Returning local copy: /home/ryan/.config/Slack/dictionaries/en-CA.bdic
[01/09/18, 15:42:35:643] info: Unloading spellchecker
[01/09/18, 15:42:35:644] info: Restoring spellchecker
[01/09/18, 15:42:35:644] info: Loading dictionary for language en-CA
[01/09/18, 15:42:35:644] info: Returning local copy: /home/ryan/.config/Slack/dictionaries/en-CA.bdic
[01/09/18, 15:42:35:668] info: Setting current spellchecker to en-CA, requested language was en-CA
[01/09/18, 15:42:35:668] info: Creating node-spellchecker instance
[01/09/18, 15:42:35:669] info: Setting current spellchecker to en-CA, requested language was en-CA
[01/09/18, 15:42:36:292] info: Unloading spellchecker
[01/09/18, 15:42:36:587] info: Store: SAVE_WINDOW_SETTINGS
{
  "isMaximized": false,
  "position": [
    1,
    532
  ],
  "size": [
    1918,
    528
  ]
}
[01/09/18, 15:42:36:860] info: Restoring spellchecker
[01/09/18, 15:42:36:861] info: Loading dictionary for language en-CA
[01/09/18, 15:42:36:861] info: Returning local copy: /home/ryan/.config/Slack/dictionaries/en-CA.bdic
[01/09/18, 15:42:36:876] info: Setting current spellchecker to en-CA, requested language was en-CA
[01/09/18, 15:42:36:876] info: Creating node-spellchecker instance
[01/09/18, 15:42:37:396] info: Unloading spellchecker
[01/09/18, 15:42:57:812] info: Restoring spellchecker
[01/09/18, 15:42:57:813] info: Loading dictionary for language en-CA
[01/09/18, 15:42:57:813] info: Returning local copy: /home/ryan/.config/Slack/dictionaries/en-CA.bdic
[01/09/18, 15:42:57:823] info: Setting current spellchecker to en-CA, requested language was en-CA
[01/09/18, 15:42:57:823] info: Creating node-spellchecker instance
[01/09/18, 15:42:58:628] info: Unloading spellchecker
[01/09/18, 15:44:13:476] info: Restoring spellchecker
[01/09/18, 15:44:13:476] info: Loading dictionary for language en-CA
[01/09/18, 15:44:13:476] info: Returning local copy: /home/ryan/.config/Slack/dictionaries/en-CA.bdic
[01/09/18, 15:44:13:488] info: Setting current spellchecker to en-CA, requested language was en-CA
[01/09/18, 15:44:13:488] info: Creating node-spellchecker instance
[01/09/18, 15:44:15:326] info: Unloading spellchecker
[01/09/18, 15:44:15:709] info: Store: SAVE_WINDOW_SETTINGS
{
  "isMaximized": false,
  "position": [
    1,
    18
  ],
  "size": [
    1918,
    1042
  ]
}
[01/09/18, 15:44:55:485] info: Restoring spellchecker
[01/09/18, 15:44:55:486] info: Loading dictionary for language en-CA
[01/09/18, 15:44:55:486] info: Returning local copy: /home/ryan/.config/Slack/dictionaries/en-CA.bdic
[01/09/18, 15:44:55:490] info: Unloading spellchecker
[01/09/18, 15:44:55:495] info: Restoring spellchecker
[01/09/18, 15:44:55:496] info: Loading dictionary for language en-CA
[01/09/18, 15:44:55:496] info: Returning local copy: /home/ryan/.config/Slack/dictionaries/en-CA.bdic
[01/09/18, 15:44:55:531] info: Setting current spellchecker to en-CA, requested language was en-CA
[01/09/18, 15:44:55:532] info: Creating node-spellchecker instance
[01/09/18, 15:44:55:532] info: Setting current spellchecker to en-CA, requested language was en-CA
[01/09/18, 15:44:56:287] info: Unloading spellchecker
[01/09/18, 15:44:56:478] info: Store: SAVE_WINDOW_SETTINGS
{
  "isMaximized": false,
  "position": [
    1,
    18
  ],
  "size": [
    1918,
    1042
  ]
}
[01/09/18, 15:45:57:212] info: Restoring spellchecker
[01/09/18, 15:45:57:212] info: Loading dictionary for language en-CA
[01/09/18, 15:45:57:212] info: Returning local copy: /home/ryan/.config/Slack/dictionaries/en-CA.bdic
[01/09/18, 15:45:57:226] info: Setting current spellchecker to en-CA, requested language was en-CA
[01/09/18, 15:45:57:226] info: Creating node-spellchecker instance
[01/09/18, 15:45:58:215] info: Unloading spellchecker
[01/09/18, 15:46:13:840] info: Restoring spellchecker
[01/09/18, 15:46:13:841] info: Loading dictionary for language en-CA
[01/09/18, 15:46:13:841] info: Returning local copy: /home/ryan/.config/Slack/dictionaries/en-CA.bdic
[01/09/18, 15:46:13:846] info: Unloading spellchecker
[01/09/18, 15:46:13:852] info: Restoring spellchecker
[01/09/18, 15:46:13:853] info: Loading dictionary for language en-CA
[01/09/18, 15:46:13:853] info: Returning local copy: /home/ryan/.config/Slack/dictionaries/en-CA.bdic
[01/09/18, 15:46:13:869] info: Setting current spellchecker to en-CA, requested language was en-CA
[01/09/18, 15:46:13:869] info: Creating node-spellchecker instance
[01/09/18, 15:46:13:870] info: Setting current spellchecker to en-CA, requested language was en-CA
[01/09/18, 15:46:14:838] info: Store: SAVE_WINDOW_SETTINGS
{
  "isMaximized": false,
  "position": [
    1,
    18
  ],
  "size": [
    1918,
    1042
  ]
}
[01/09/18, 15:46:17:414] info: Unloading spellchecker
[01/09/18, 15:47:26:601] info: Restoring spellchecker
[01/09/18, 15:47:26:602] info: Loading dictionary for language en-CA
[01/09/18, 15:47:26:602] info: Returning local copy: /home/ryan/.config/Slack/dictionaries/en-CA.bdic
[01/09/18, 15:47:26:609] info: Unloading spellchecker
[01/09/18, 15:47:26:614] info: Restoring spellchecker
[01/09/18, 15:47:26:615] info: Loading dictionary for language en-CA
[01/09/18, 15:47:26:615] info: Returning local copy: /home/ryan/.config/Slack/dictionaries/en-CA.bdic
[01/09/18, 15:47:26:632] info: Setting current spellchecker to en-CA, requested language was en-CA
[01/09/18, 15:47:26:632] info: Creating node-spellchecker instance
[01/09/18, 15:47:26:633] info: Setting current spellchecker to en-CA, requested language was en-CA
[01/09/18, 15:47:27:599] info: Store: SAVE_WINDOW_SETTINGS
{
  "isMaximized": false,
  "position": [
    1,
    18
  ],
  "size": [
    1918,
    1042
  ]
}
[01/09/18, 15:47:29:900] info: Unloading spellchecker
[01/09/18, 15:47:30:598] info: Restoring spellchecker
[01/09/18, 15:47:30:598] info: Loading dictionary for language en-CA
[01/09/18, 15:47:30:599] info: Returning local copy: /home/ryan/.config/Slack/dictionaries/en-CA.bdic
[01/09/18, 15:47:30:602] info: Unloading spellchecker
[01/09/18, 15:47:30:607] info: Restoring spellchecker
[01/09/18, 15:47:30:607] info: Loading dictionary for language en-CA
[01/09/18, 15:47:30:608] info: Returning local copy: /home/ryan/.config/Slack/dictionaries/en-CA.bdic
[01/09/18, 15:47:30:623] info: Setting current spellchecker to en-CA, requested language was en-CA
[01/09/18, 15:47:30:623] info: Creating node-spellchecker instance
[01/09/18, 15:47:30:625] info: Setting current spellchecker to en-CA, requested language was en-CA
[01/09/18, 15:47:30:949] info: Unloading spellchecker
[01/09/18, 15:47:31:598] info: Store: SAVE_WINDOW_SETTINGS
{
  "isMaximized": false,
  "position": [
    1,
    18
  ],
  "size": [
    1918,
    1042
  ]
}
[01/09/18, 15:47:43:975] info: Restoring spellchecker
[01/09/18, 15:47:43:976] info: Loading dictionary for language en-CA
[01/09/18, 15:47:43:976] info: Returning local copy: /home/ryan/.config/Slack/dictionaries/en-CA.bdic
[01/09/18, 15:47:43:979] info: Unloading spellchecker
[01/09/18, 15:47:43:985] info: Restoring spellchecker
[01/09/18, 15:47:43:986] info: Loading dictionary for language en-CA
[01/09/18, 15:47:43:986] info: Returning local copy: /home/ryan/.config/Slack/dictionaries/en-CA.bdic
[01/09/18, 15:47:44:006] info: Setting current spellchecker to en-CA, requested language was en-CA
[01/09/18, 15:47:44:006] info: Creating node-spellchecker instance
[01/09/18, 15:47:44:007] info: Setting current spellchecker to en-CA, requested language was en-CA
[01/09/18, 15:47:44:973] info: Store: SAVE_WINDOW_SETTINGS
{
  "isMaximized": false,
  "position": [
    1,
    18
  ],
  "size": [
    1918,
    1042
  ]
}
[01/09/18, 15:47:45:301] info: Unloading spellchecker
[01/09/18, 15:48:12:209] info: Restoring spellchecker
[01/09/18, 15:48:12:210] info: Loading dictionary for language en-CA
[01/09/18, 15:48:12:210] info: Returning local copy: /home/ryan/.config/Slack/dictionaries/en-CA.bdic
[01/09/18, 15:48:12:215] info: Unloading spellchecker
[01/09/18, 15:48:12:220] info: Restoring spellchecker
[01/09/18, 15:48:12:221] info: Loading dictionary for language en-CA
[01/09/18, 15:48:12:221] info: Returning local copy: /home/ryan/.config/Slack/dictionaries/en-CA.bdic
[01/09/18, 15:48:12:239] info: Setting current spellchecker to en-CA, requested language was en-CA
[01/09/18, 15:48:12:239] info: Creating node-spellchecker instance
[01/09/18, 15:48:12:240] info: Setting current spellchecker to en-CA, requested language was en-CA
[01/09/18, 15:48:13:206] info: Store: SAVE_WINDOW_SETTINGS
{
  "isMaximized": false,
  "position": [
    1,
    18
  ],
  "size": [
    1918,
    1042
  ]
}
[01/09/18, 15:48:13:488] info: Unloading spellchecker
[01/09/18, 15:48:29:294] info: Restoring spellchecker
[01/09/18, 15:48:29:295] info: Loading dictionary for language en-CA
[01/09/18, 15:48:29:295] info: Returning local copy: /home/ryan/.config/Slack/dictionaries/en-CA.bdic
[01/09/18, 15:48:29:298] info: Unloading spellchecker
[01/09/18, 15:48:29:302] info: Restoring spellchecker
[01/09/18, 15:48:29:303] info: Loading dictionary for language en-CA
[01/09/18, 15:48:29:303] info: Returning local copy: /home/ryan/.config/Slack/dictionaries/en-CA.bdic
[01/09/18, 15:48:29:330] info: Setting current spellchecker to en-CA, requested language was en-CA
[01/09/18, 15:48:29:330] info: Creating node-spellchecker instance
[01/09/18, 15:48:29:331] info: Setting current spellchecker to en-CA, requested language was en-CA
[01/09/18, 15:48:29:784] info: Unloading spellchecker
[01/09/18, 15:48:30:293] info: Store: SAVE_WINDOW_SETTINGS
{
  "isMaximized": false,
  "position": [
    1,
    18
  ],
  "size": [
    1918,
    1042
  ]
}
[01/09/18, 15:49:24:314] info: Restoring spellchecker
[01/09/18, 15:49:24:315] info: Loading dictionary for language en-CA
[01/09/18, 15:49:24:315] info: Returning local copy: /home/ryan/.config/Slack/dictionaries/en-CA.bdic
[01/09/18, 15:49:24:326] info: Setting current spellchecker to en-CA, requested language was en-CA
[01/09/18, 15:49:24:326] info: Creating node-spellchecker instance
[01/09/18, 15:49:25:078] info: Unloading spellchecker
[01/09/18, 15:56:26:944] info: Restoring spellchecker
[01/09/18, 15:56:26:944] info: Loading dictionary for language en-CA
[01/09/18, 15:56:26:945] info: Returning local copy: /home/ryan/.config/Slack/dictionaries/en-CA.bdic
[01/09/18, 15:56:26:949] info: Unloading spellchecker
[01/09/18, 15:56:26:955] info: Restoring spellchecker
[01/09/18, 15:56:26:955] info: Loading dictionary for language en-CA
[01/09/18, 15:56:26:956] info: Returning local copy: /home/ryan/.config/Slack/dictionaries/en-CA.bdic
[01/09/18, 15:56:26:984] info: Setting current spellchecker to en-CA, requested language was en-CA
[01/09/18, 15:56:26:984] info: Creating node-spellchecker instance
[01/09/18, 15:56:26:985] info: Setting current spellchecker to en-CA, requested language was en-CA
[01/09/18, 15:56:27:941] info: Store: SAVE_WINDOW_SETTINGS
{
  "isMaximized": false,
  "position": [
    1,
    18
  ],
  "size": [
    1918,
    1042
  ]
}
[01/09/18, 15:56:28:436] info: Unloading spellchecker
[01/09/18, 15:58:27:121] info: Restoring spellchecker
[01/09/18, 15:58:27:122] info: Loading dictionary for language en-CA
[01/09/18, 15:58:27:122] info: Returning local copy: /home/ryan/.config/Slack/dictionaries/en-CA.bdic
[01/09/18, 15:58:27:133] info: Setting current spellchecker to en-CA, requested language was en-CA
[01/09/18, 15:58:27:133] info: Creating node-spellchecker instance
[01/09/18, 15:58:28:867] info: Unloading spellchecker
[01/09/18, 15:58:59:818] info: Restoring spellchecker
[01/09/18, 15:58:59:819] info: Loading dictionary for language en-CA
[01/09/18, 15:58:59:819] info: Returning local copy: /home/ryan/.config/Slack/dictionaries/en-CA.bdic
[01/09/18, 15:58:59:828] info: Setting current spellchecker to en-CA, requested language was en-CA
[01/09/18, 15:58:59:828] info: Creating node-spellchecker instance
[01/09/18, 15:59:00:530] info: Unloading spellchecker
