[01/12/18, 08:22:51:939] info: ╔═════════════════════════════════════════════════════════════════════════════════╗
[01/12/18, 08:22:51:940] info: ║      Slack 3.0.2, linux 4.13.0-26-generic on x64 at 01/12/18, 08:22:51:936      ║
[01/12/18, 08:22:51:940] info: ╚═════════════════════════════════════════════════════════════════════════════════╝
[01/12/18, 08:22:52:157] info: Initializing local storage instance at path: /home/ryan/.config/Slack/local-settings.json
[01/12/18, 08:22:55:307] info: Store: UPSERT_WEB_CONTENTS
{
  "id": 3,
  "state": "loaded",
  "teamId": "T2616ES0G"
}
[01/12/18, 08:22:55:326] info: Store: MAIN_WINDOW_SHOWN
[01/12/18, 08:22:55:480] info: Store: UPDATE_SESSION_STATUS
{
  "hasValidSession": true,
  "teamId": "T2616ES0G"
}
[01/12/18, 08:22:55:788] info: Store: SELECT_CHANNEL D8QBTJ0A2
[01/12/18, 08:22:55:793] info: Store: UPDATE_TEAM_LOCALE
{
  "locale": "en-US"
}
[01/12/18, 08:22:55:796] info: Store: UPDATE_SETTINGS
{
  "locale": "en-US"
}
[01/12/18, 08:22:56:822] info: Store: UPDATE_TEAM_THEME
{
  "teamId": "T2616ES0G",
  "theme": {
    "active_item": "#4C9689",
    "active_item_text": "#FFFFFF",
    "active_presence": "#38978D",
    "badge": "#EB4D5C",
    "column_bg": "#4D394B",
    "hover_item": "#3E313C",
    "menu_bg": "#3E313C",
    "text_color": "#FFFFFF"
  }
}
[01/12/18, 08:22:57:199] info: Store: UPDATE_TEAM_ICONS
{
  "icons": {
    "image_102": "https://slack-files2.s3-us-west-2.amazonaws.com/avatars/2017-01-25/132842497927_0dbc3c6e7e03990332f5_102.png",
    "image_132": "https://slack-files2.s3-us-west-2.amazonaws.com/avatars/2017-01-25/132842497927_0dbc3c6e7e03990332f5_132.png",
    "image_230": "https://slack-files2.s3-us-west-2.amazonaws.com/avatars/2017-01-25/132842497927_0dbc3c6e7e03990332f5_230.png",
    "image_34": "https://slack-files2.s3-us-west-2.amazonaws.com/avatars/2017-01-25/132842497927_0dbc3c6e7e03990332f5_34.png",
    "image_44": "https://slack-files2.s3-us-west-2.amazonaws.com/avatars/2017-01-25/132842497927_0dbc3c6e7e03990332f5_44.png",
    "image_68": "https://slack-files2.s3-us-west-2.amazonaws.com/avatars/2017-01-25/132842497927_0dbc3c6e7e03990332f5_68.png",
    "image_88": "https://slack-files2.s3-us-west-2.amazonaws.com/avatars/2017-01-25/132842497927_0dbc3c6e7e03990332f5_88.png",
    "image_original": "https://slack-files2.s3-us-west-2.amazonaws.com/avatars/2017-01-25/132842497927_0dbc3c6e7e03990332f5_original.png"
  },
  "teamId": "T2616ES0G"
}
[01/12/18, 08:22:57:320] info: Store: SAVE_WINDOW_SETTINGS
{
  "isMaximized": false,
  "position": [
    1,
    18
  ],
  "size": [
    1918,
    1042
  ]
}
[01/12/18, 08:22:57:461] info: Store: UPDATE_TEAM_LOCALE
{
  "locale": "en-US",
  "teamId": "T2616ES0G"
}
[01/12/18, 08:22:57:468] info: Store: UPSERT_WEB_CONTENTS
{
  "id": 3,
  "state": "webapp-loaded",
  "teamId": "T2616ES0G"
}
[01/12/18, 08:28:23:484] info: Store: SAVE_WINDOW_SETTINGS
{
  "isMaximized": false,
  "position": [
    1,
    18
  ],
  "size": [
    1918,
    1042
  ]
}
[01/12/18, 08:28:27:672] info: Store: SELECT_CHANNEL C2THZDE65
[01/12/18, 08:28:33:949] info: Store: SELECT_CHANNEL C5BB1LT4J
[01/12/18, 08:28:35:732] info: Store: SELECT_CHANNEL C72NXARUL
[01/12/18, 08:28:37:764] info: Store: SELECT_CHANNEL C262NGW94
[01/12/18, 08:28:41:559] info: Store: SELECT_CHANNEL C72NXARUL
[01/12/18, 08:28:45:075] info: Store: SELECT_CHANNEL G3AMQF8US
[01/12/18, 08:28:48:959] info: Store: SELECT_CHANNEL C44EZRM7C
[01/12/18, 08:28:51:763] info: Store: SELECT_CHANNEL C5K0V0MS5
[01/12/18, 08:29:03:936] info: Store: SELECT_CHANNEL C6PGP4A1H
[01/12/18, 08:29:07:489] info: Store: SELECT_CHANNEL C5BB1LT4J
[01/12/18, 08:29:16:314] info: Store: SELECT_CHANNEL C261DLCDB
[01/12/18, 08:40:35:132] info: Store: SAVE_WINDOW_SETTINGS
{
  "isMaximized": false,
  "position": [
    1,
    18
  ],
  "size": [
    1918,
    1042
  ]
}
[01/12/18, 10:43:19:555] info: Store: SAVE_WINDOW_SETTINGS
{
  "isMaximized": false,
  "position": [
    1,
    18
  ],
  "size": [
    1918,
    1042
  ]
}
[01/12/18, 11:00:42:599] info: Store: NEW_NOTIFICATION
{
  "avatarImage": "https://ca.slack-edge.com/T2616ES0G-U26D458G4-g953702da2b6-512",
  "channel": "C44EZRM7C",
  "content": "[REDACTED]",
  "id": "AnR5C9hYWE2RjrJ",
  "imageUri": null,
  "launchUri": "slack://channel?id=C44EZRM7C&message=1515772842.000203&team=T2616ES0G",
  "msg": "1515772842.000203",
  "silent": true,
  "subtitle": "",
  "teamId": "T2616ES0G",
  "title": "[REDACTED]"
}
[01/12/18, 11:00:47:630] info: Store: SAVE_WINDOW_SETTINGS
{
  "isMaximized": false,
  "position": [
    1,
    18
  ],
  "size": [
    1918,
    1042
  ]
}
[01/12/18, 11:00:51:152] info: Store: SELECT_CHANNEL G3AMQF8US
[01/12/18, 11:00:56:520] info: Store: SELECT_CHANNEL C44EZRM7C
[01/12/18, 11:01:01:346] info: Store: SELECT_CHANNEL C6PGP4A1H
