[01/09/18, 14:35:43:992] info: ╔═════════════════════════════════════════════════════════════════════════════════╗
[01/09/18, 14:35:43:993] info: ║      Slack 3.0.2, linux 4.10.0-42-generic on x64 at 01/09/18, 14:35:43:988      ║
[01/09/18, 14:35:43:993] info: ╚═════════════════════════════════════════════════════════════════════════════════╝
[01/09/18, 14:35:44:223] info: Initializing local storage instance at path: /home/ryan/.config/Slack/local-settings.json
[01/09/18, 14:35:48:725] info: Store: UPSERT_WEB_CONTENTS
{
  "id": 3,
  "state": "loaded",
  "teamId": "T2616ES0G"
}
[01/09/18, 14:35:49:922] info: Store: SELECT_CHANNEL C5BB1LT4J
[01/09/18, 14:35:49:927] info: Store: UPDATE_TEAM_LOCALE
{
  "locale": "en-US",
  "teamId": "T2616ES0G"
}
[01/09/18, 14:35:49:936] info: Store: UPDATE_SETTINGS
{
  "locale": "en-US"
}
[01/09/18, 14:35:49:938] info: Store: UPDATE_TEAM_THEME
{
  "teamId": "T2616ES0G",
  "theme": {
    "active_item": "#4C9689",
    "active_item_text": "#FFFFFF",
    "active_presence": "#38978D",
    "badge": "#EB4D5C",
    "column_bg": "#4D394B",
    "hover_item": "#3E313C",
    "menu_bg": "#3E313C",
    "text_color": "#FFFFFF"
  }
}
[01/09/18, 14:35:51:782] info: Store: UPDATE_SESSION_STATUS
{
  "hasValidSession": true,
  "teamId": "T2616ES0G"
}
[01/09/18, 14:50:23:060] info: Store: SAVE_WINDOW_SETTINGS
{
  "isMaximized": false,
  "position": [
    1,
    1
  ],
  "size": [
    958,
    1059
  ]
}
[01/09/18, 14:50:24:281] info: Store: SAVE_WINDOW_SETTINGS
{
  "isMaximized": false,
  "position": [
    1921,
    1
  ],
  "size": [
    958,
    1179
  ]
}
[01/09/18, 14:50:26:165] info: Store: SAVE_WINDOW_SETTINGS
{
  "isMaximized": false,
  "position": [
    1921,
    18
  ],
  "size": [
    1918,
    1162
  ]
}
[01/09/18, 14:50:28:125] info: Store: SAVE_WINDOW_SETTINGS
{
  "isMaximized": false,
  "position": [
    961,
    1
  ],
  "size": [
    958,
    1059
  ]
}
[01/09/18, 14:50:30:031] info: Store: SAVE_WINDOW_SETTINGS
{
  "isMaximized": false,
  "position": [
    1,
    18
  ],
  "size": [
    1918,
    1042
  ]
}
[01/09/18, 15:06:19:828] info: Store: UPDATE_TEAM_ICONS
{
  "icons": {
    "image_102": "https://slack-files2.s3-us-west-2.amazonaws.com/avatars/2017-01-25/132842497927_0dbc3c6e7e03990332f5_102.png",
    "image_132": "https://slack-files2.s3-us-west-2.amazonaws.com/avatars/2017-01-25/132842497927_0dbc3c6e7e03990332f5_132.png",
    "image_230": "https://slack-files2.s3-us-west-2.amazonaws.com/avatars/2017-01-25/132842497927_0dbc3c6e7e03990332f5_230.png",
    "image_34": "https://slack-files2.s3-us-west-2.amazonaws.com/avatars/2017-01-25/132842497927_0dbc3c6e7e03990332f5_34.png",
    "image_44": "https://slack-files2.s3-us-west-2.amazonaws.com/avatars/2017-01-25/132842497927_0dbc3c6e7e03990332f5_44.png",
    "image_68": "https://slack-files2.s3-us-west-2.amazonaws.com/avatars/2017-01-25/132842497927_0dbc3c6e7e03990332f5_68.png",
    "image_88": "https://slack-files2.s3-us-west-2.amazonaws.com/avatars/2017-01-25/132842497927_0dbc3c6e7e03990332f5_88.png",
    "image_original": "https://slack-files2.s3-us-west-2.amazonaws.com/avatars/2017-01-25/132842497927_0dbc3c6e7e03990332f5_original.png"
  },
  "teamId": "T2616ES0G"
}
[01/09/18, 15:06:20:196] info: Store: UPDATE_TEAM_LOCALE
{
  "locale": "en-US",
  "teamId": "T2616ES0G"
}
[01/09/18, 15:06:20:202] info: Store: UPSERT_WEB_CONTENTS
{
  "id": 3,
  "state": "webapp-loaded",
  "teamId": "T2616ES0G"
}
[01/09/18, 15:07:25:458] info: Store: SAVE_WINDOW_SETTINGS
{
  "isMaximized": false,
  "position": [
    1,
    18
  ],
  "size": [
    1918,
    1042
  ]
}
[01/09/18, 15:24:53:379] info: Store: SAVE_WINDOW_SETTINGS
{
  "isMaximized": false,
  "position": [
    1,
    18
  ],
  "size": [
    1918,
    1042
  ]
}
[01/09/18, 15:24:55:575] info: Store: SELECT_CHANNEL C6PGP4A1H
[01/09/18, 15:35:18:311] info: Store: SAVE_WINDOW_SETTINGS
{
  "isMaximized": false,
  "position": [
    1,
    18
  ],
  "size": [
    1918,
    1042
  ]
}
[01/09/18, 15:40:00:050] info: Store: NEW_NOTIFICATION
{
  "avatarImage": "https://ca.slack-edge.com/T2616ES0G-U82KHJJMP-97511f09fc1c-512",
  "channel": "D8Q7WSTJ7",
  "content": "[REDACTED]",
  "id": "AK6LF9hYWzVWZJ1",
  "imageUri": null,
  "launchUri": "slack://channel?id=D8Q7WSTJ7&message=1515530399.000530&team=T2616ES0G",
  "msg": "1515530399.000530",
  "silent": true,
  "subtitle": "",
  "teamId": "T2616ES0G",
  "title": "[REDACTED]"
}
[01/09/18, 15:42:19:110] info: Store: SAVE_WINDOW_SETTINGS
{
  "isMaximized": false,
  "position": [
    1,
    18
  ],
  "size": [
    1918,
    1042
  ]
}
[01/09/18, 15:42:21:728] info: Store: SELECT_CHANNEL D8Q7WSTJ7
[01/09/18, 15:42:36:587] info: Store: SAVE_WINDOW_SETTINGS
{
  "isMaximized": false,
  "position": [
    1,
    532
  ],
  "size": [
    1918,
    528
  ]
}
[01/09/18, 15:44:15:709] info: Store: SAVE_WINDOW_SETTINGS
{
  "isMaximized": false,
  "position": [
    1,
    18
  ],
  "size": [
    1918,
    1042
  ]
}
[01/09/18, 15:44:56:478] info: Store: SAVE_WINDOW_SETTINGS
{
  "isMaximized": false,
  "position": [
    1,
    18
  ],
  "size": [
    1918,
    1042
  ]
}
[01/09/18, 15:46:14:838] info: Store: SAVE_WINDOW_SETTINGS
{
  "isMaximized": false,
  "position": [
    1,
    18
  ],
  "size": [
    1918,
    1042
  ]
}
[01/09/18, 15:47:27:599] info: Store: SAVE_WINDOW_SETTINGS
{
  "isMaximized": false,
  "position": [
    1,
    18
  ],
  "size": [
    1918,
    1042
  ]
}
[01/09/18, 15:47:31:598] info: Store: SAVE_WINDOW_SETTINGS
{
  "isMaximized": false,
  "position": [
    1,
    18
  ],
  "size": [
    1918,
    1042
  ]
}
[01/09/18, 15:47:44:973] info: Store: SAVE_WINDOW_SETTINGS
{
  "isMaximized": false,
  "position": [
    1,
    18
  ],
  "size": [
    1918,
    1042
  ]
}
[01/09/18, 15:48:13:206] info: Store: SAVE_WINDOW_SETTINGS
{
  "isMaximized": false,
  "position": [
    1,
    18
  ],
  "size": [
    1918,
    1042
  ]
}
[01/09/18, 15:48:30:293] info: Store: SAVE_WINDOW_SETTINGS
{
  "isMaximized": false,
  "position": [
    1,
    18
  ],
  "size": [
    1918,
    1042
  ]
}
[01/09/18, 15:56:27:941] info: Store: SAVE_WINDOW_SETTINGS
{
  "isMaximized": false,
  "position": [
    1,
    18
  ],
  "size": [
    1918,
    1042
  ]
}
