[01/09/18, 12:33:41:161] info: ╔═════════════════════════════════════════════════════════════════════════════════╗
[01/09/18, 12:33:41:162] info: ║      Slack 3.0.2, linux 4.10.0-42-generic on x64 at 01/09/18, 12:33:41:157      ║
[01/09/18, 12:33:41:162] info: ╚═════════════════════════════════════════════════════════════════════════════════╝
[01/09/18, 12:33:41:297] info: Initializing local storage instance at path: /home/ryan/.config/Slack/local-settings.json
[01/09/18, 12:33:41:706] info: updateSuspendResume: true
[01/09/18, 12:33:41:707] warn: updateSpellcheckerLanguage: Tried to update language, but spellchecker not initialized
[01/09/18, 12:33:46:159] info: Store: UPSERT_WEB_CONTENTS
{
  "id": 3,
  "state": "loaded",
  "teamId": "T2616ES0G"
}
[01/09/18, 12:33:46:162] info: Store: MAIN_WINDOW_SHOWN
[01/09/18, 12:33:46:204] info: Store: UPDATE_SESSION_STATUS
{
  "hasValidSession": true,
  "teamId": "T2616ES0G"
}
[01/09/18, 12:33:46:228] error: 2018/1/9 12:33:46.227 logging error: {"subtype":"api_call_error","message":"{\"ok\":false,\"error\":\"not_allowed\"}","stack":"Error\n    at Object.n [as logError] (https://a.slack-edge.com/bv1-1/rollup-core_required_ts.90096f9d6d847f7a5b0e.min.js:1:61876)\n    at e (https://a.slack-edge.com/bv1-1/rollup-secondary_a_required.1014587e8c54a2aec95e.min.js:1:135599)\n    at e (https://a.slack-edge.com/bv1-1/rollup-secondary_a_required.1014587e8c54a2aec95e.min.js:1:130798)\n    at e (https://a.slack-edge.com/bv1-1/rollup-secondary_a_required.1014587e8c54a2aec95e.min.js:1:132393)\n    at XMLHttpRequest.m.onreadystatechange (https://a.slack-edge.com/bv1-1/rollup-secondary_a_required.1014587e8c54a2aec95e.min.js:1:134091)"}
[01/09/18, 12:33:46:232] info: Store: SELECT_CHANNEL C2THZDE65
[01/09/18, 12:33:46:233] info: Store: UPDATE_TEAM_LOCALE
{
  "locale": "en-US"
}
[01/09/18, 12:33:46:233] info: Store: UPDATE_SETTINGS
{
  "locale": "en-US"
}
[01/09/18, 12:33:46:394] info: Store: UPDATE_TEAM_THEME
{
  "teamId": "T2616ES0G",
  "theme": {
    "active_item": "#4C9689",
    "active_item_text": "#FFFFFF",
    "active_presence": "#38978D",
    "badge": "#EB4D5C",
    "column_bg": "#4D394B",
    "hover_item": "#3E313C",
    "menu_bg": "#3E313C",
    "text_color": "#FFFFFF"
  }
}
[01/09/18, 12:33:47:216] info: Store: UPDATE_TEAM_ICONS
{
  "icons": {
    "image_102": "https://slack-files2.s3-us-west-2.amazonaws.com/avatars/2017-01-25/132842497927_0dbc3c6e7e03990332f5_102.png",
    "image_132": "https://slack-files2.s3-us-west-2.amazonaws.com/avatars/2017-01-25/132842497927_0dbc3c6e7e03990332f5_132.png",
    "image_230": "https://slack-files2.s3-us-west-2.amazonaws.com/avatars/2017-01-25/132842497927_0dbc3c6e7e03990332f5_230.png",
    "image_34": "https://slack-files2.s3-us-west-2.amazonaws.com/avatars/2017-01-25/132842497927_0dbc3c6e7e03990332f5_34.png",
    "image_44": "https://slack-files2.s3-us-west-2.amazonaws.com/avatars/2017-01-25/132842497927_0dbc3c6e7e03990332f5_44.png",
    "image_68": "https://slack-files2.s3-us-west-2.amazonaws.com/avatars/2017-01-25/132842497927_0dbc3c6e7e03990332f5_68.png",
    "image_88": "https://slack-files2.s3-us-west-2.amazonaws.com/avatars/2017-01-25/132842497927_0dbc3c6e7e03990332f5_88.png",
    "image_original": "https://slack-files2.s3-us-west-2.amazonaws.com/avatars/2017-01-25/132842497927_0dbc3c6e7e03990332f5_original.png"
  },
  "teamId": "T2616ES0G"
}
[01/09/18, 12:33:47:219] info: Store: UPDATE_TEAM_LOCALE
{
  "locale": "en-US",
  "teamId": "T2616ES0G"
}
[01/09/18, 12:33:47:219] info: Store: UPSERT_WEB_CONTENTS
{
  "id": 3,
  "state": "webapp-loaded",
  "teamId": "T2616ES0G"
}
[01/09/18, 12:33:48:451] info: Raw Locale list: ["C","C.UTF-8","en_AG","en_AG.utf8","en_AU.utf8","en_BW.utf8","en_CA.utf8","en_DK.utf8","en_GB.utf8","en_HK.utf8","en_IE.utf8","en_IN","en_IN.utf8","en_NG","en_NG.utf8","en_NZ.utf8","en_PH.utf8","en_SG.utf8","en_US.utf8","en_ZA.utf8","en_ZM","en_ZM.utf8","en_ZW.utf8","POSIX",""]
[01/09/18, 12:33:48:451] info: Filtered Locale list: ["en_AG","en_AG","en_AU","en_BW","en_CA","en_DK","en_GB","en_HK","en_IE","en_IN","en_IN","en_NG","en_NG","en_NZ","en_PH","en_SG","en_US","en_ZA","en_ZM","en_ZM","en_ZW"]
[01/09/18, 12:33:48:451] info: Counts: {"en":["en_AG","en_AG","en_AU","en_BW","en_CA","en_DK","en_GB","en_HK","en_IE","en_IN","en_IN","en_NG","en_NG","en_NZ","en_PH","en_SG","en_US","en_ZA","en_ZM","en_ZM","en_ZW"]}
[01/09/18, 12:33:48:452] info: Result: {"en":"en-CA"}
[01/09/18, 12:33:48:454] info: Requesting to load en-CA, alternatives are ["en-CA","en-CA","en-US"]
[01/09/18, 12:33:48:455] info: Loading dictionary for language en-CA
[01/09/18, 12:33:48:455] info: Returning local copy: /home/ryan/.config/Slack/dictionaries/en-CA.bdic
[01/09/18, 12:33:48:458] info: Setting current spellchecker to en-CA, requested language was en-CA
[01/09/18, 12:33:48:459] info: Creating node-spellchecker instance
[01/09/18, 12:33:48:460] info: Actually installing spell check provider to Electron
[01/09/18, 12:33:52:151] info: Unloading spellchecker
[01/09/18, 12:33:53:389] info: Restoring spellchecker
[01/09/18, 12:33:53:390] info: Loading dictionary for language en-CA
[01/09/18, 12:33:53:390] info: Returning local copy: /home/ryan/.config/Slack/dictionaries/en-CA.bdic
[01/09/18, 12:33:53:413] info: Setting current spellchecker to en-CA, requested language was en-CA
[01/09/18, 12:33:53:414] info: Creating node-spellchecker instance
[01/09/18, 12:33:53:999] info: Unloading spellchecker
[01/09/18, 12:35:03:532] info: Restoring spellchecker
[01/09/18, 12:35:03:533] info: Loading dictionary for language en-CA
[01/09/18, 12:35:03:533] info: Returning local copy: /home/ryan/.config/Slack/dictionaries/en-CA.bdic
[01/09/18, 12:35:03:546] info: Setting current spellchecker to en-CA, requested language was en-CA
[01/09/18, 12:35:03:546] info: Creating node-spellchecker instance
[01/09/18, 12:36:02:952] info: Unloading spellchecker
[01/09/18, 12:36:25:935] info: Restoring spellchecker
[01/09/18, 12:36:25:935] info: Loading dictionary for language en-CA
[01/09/18, 12:36:25:935] info: Returning local copy: /home/ryan/.config/Slack/dictionaries/en-CA.bdic
[01/09/18, 12:36:25:946] info: Setting current spellchecker to en-CA, requested language was en-CA
[01/09/18, 12:36:25:946] info: Creating node-spellchecker instance
[01/09/18, 12:36:30:139] info: Unloading spellchecker
[01/09/18, 12:36:49:098] info: Restoring spellchecker
[01/09/18, 12:36:49:099] info: Loading dictionary for language en-CA
[01/09/18, 12:36:49:099] info: Returning local copy: /home/ryan/.config/Slack/dictionaries/en-CA.bdic
[01/09/18, 12:36:49:114] info: Setting current spellchecker to en-CA, requested language was en-CA
[01/09/18, 12:36:49:114] info: Creating node-spellchecker instance
[01/09/18, 12:36:50:097] info: Unloading spellchecker
[01/09/18, 12:39:18:857] info: Restoring spellchecker
[01/09/18, 12:39:18:857] info: Loading dictionary for language en-CA
[01/09/18, 12:39:18:857] info: Returning local copy: /home/ryan/.config/Slack/dictionaries/en-CA.bdic
[01/09/18, 12:39:18:860] info: Unloading spellchecker
[01/09/18, 12:39:18:876] info: Restoring spellchecker
[01/09/18, 12:39:18:876] info: Loading dictionary for language en-CA
[01/09/18, 12:39:18:876] info: Returning local copy: /home/ryan/.config/Slack/dictionaries/en-CA.bdic
[01/09/18, 12:39:18:917] info: Setting current spellchecker to en-CA, requested language was en-CA
[01/09/18, 12:39:18:918] info: Creating node-spellchecker instance
[01/09/18, 12:39:18:919] info: Setting current spellchecker to en-CA, requested language was en-CA
[01/09/18, 12:39:19:853] info: Store: SAVE_WINDOW_SETTINGS
{
  "isMaximized": false,
  "position": [
    1,
    18
  ],
  "size": [
    1918,
    1042
  ]
}
[01/09/18, 12:39:41:273] info: Unloading spellchecker
[01/09/18, 12:41:42:027] info: Restoring spellchecker
[01/09/18, 12:41:42:027] info: Loading dictionary for language en-CA
[01/09/18, 12:41:42:027] info: Returning local copy: /home/ryan/.config/Slack/dictionaries/en-CA.bdic
[01/09/18, 12:41:42:041] info: Setting current spellchecker to en-CA, requested language was en-CA
[01/09/18, 12:41:42:041] info: Creating node-spellchecker instance
[01/09/18, 12:41:42:555] info: Unloading spellchecker
[01/09/18, 12:44:08:157] info: Restoring spellchecker
[01/09/18, 12:44:08:158] info: Loading dictionary for language en-CA
[01/09/18, 12:44:08:158] info: Returning local copy: /home/ryan/.config/Slack/dictionaries/en-CA.bdic
[01/09/18, 12:44:08:176] info: Setting current spellchecker to en-CA, requested language was en-CA
[01/09/18, 12:44:08:176] info: Creating node-spellchecker instance
[01/09/18, 12:44:51:636] info: Unloading spellchecker
[01/09/18, 12:51:23:261] info: Restoring spellchecker
[01/09/18, 12:51:23:262] info: Loading dictionary for language en-CA
[01/09/18, 12:51:23:263] info: Returning local copy: /home/ryan/.config/Slack/dictionaries/en-CA.bdic
[01/09/18, 12:51:23:314] info: Setting current spellchecker to en-CA, requested language was en-CA
[01/09/18, 12:51:23:314] info: Creating node-spellchecker instance
[01/09/18, 12:51:26:449] info: Store: SELECT_CHANNEL C5BB1LT4J
[01/09/18, 12:51:28:610] info: Loading dictionary for language en-CA
[01/09/18, 12:51:28:610] info: Returning local copy: /home/ryan/.config/Slack/dictionaries/en-CA.bdic
[01/09/18, 12:51:28:611] info: Setting current spellchecker to en-CA, requested language was en-CA
[01/09/18, 12:51:31:579] info: Store: SELECT_CHANNEL C6PGP4A1H
[01/09/18, 12:51:31:632] info: Loading dictionary for language en-CA
[01/09/18, 12:51:31:632] info: Returning local copy: /home/ryan/.config/Slack/dictionaries/en-CA.bdic
[01/09/18, 12:51:31:656] info: Setting current spellchecker to en-CA, requested language was en-CA
[01/09/18, 12:51:39:631] info: Unloading spellchecker
[01/09/18, 12:52:20:945] info: Restoring spellchecker
[01/09/18, 12:52:20:946] info: Loading dictionary for language en-CA
[01/09/18, 12:52:20:946] info: Returning local copy: /home/ryan/.config/Slack/dictionaries/en-CA.bdic
[01/09/18, 12:52:20:960] info: Setting current spellchecker to en-CA, requested language was en-CA
[01/09/18, 12:52:20:960] info: Creating node-spellchecker instance
[01/09/18, 12:52:21:856] info: Unloading spellchecker
[01/09/18, 12:54:41:229] info: Restoring spellchecker
[01/09/18, 12:54:41:230] info: Loading dictionary for language en-CA
[01/09/18, 12:54:41:230] info: Returning local copy: /home/ryan/.config/Slack/dictionaries/en-CA.bdic
[01/09/18, 12:54:41:233] info: Unloading spellchecker
[01/09/18, 12:54:41:245] info: Restoring spellchecker
[01/09/18, 12:54:41:245] info: Loading dictionary for language en-CA
[01/09/18, 12:54:41:245] info: Returning local copy: /home/ryan/.config/Slack/dictionaries/en-CA.bdic
[01/09/18, 12:54:41:272] info: Setting current spellchecker to en-CA, requested language was en-CA
[01/09/18, 12:54:41:273] info: Creating node-spellchecker instance
[01/09/18, 12:54:41:273] info: Setting current spellchecker to en-CA, requested language was en-CA
[01/09/18, 12:54:42:226] info: Store: SAVE_WINDOW_SETTINGS
{
  "isMaximized": false,
  "position": [
    1,
    18
  ],
  "size": [
    1918,
    1042
  ]
}
[01/09/18, 12:54:42:927] info: Unloading spellchecker
[01/09/18, 12:56:52:536] info: Restoring spellchecker
[01/09/18, 12:56:52:536] info: Loading dictionary for language en-CA
[01/09/18, 12:56:52:536] info: Returning local copy: /home/ryan/.config/Slack/dictionaries/en-CA.bdic
[01/09/18, 12:56:52:549] info: Setting current spellchecker to en-CA, requested language was en-CA
[01/09/18, 12:56:52:549] info: Creating node-spellchecker instance
[01/09/18, 12:56:53:512] info: Unloading spellchecker
[01/09/18, 12:56:57:281] info: Restoring spellchecker
[01/09/18, 12:56:57:282] info: Loading dictionary for language en-CA
[01/09/18, 12:56:57:282] info: Returning local copy: /home/ryan/.config/Slack/dictionaries/en-CA.bdic
[01/09/18, 12:56:57:284] info: Setting current spellchecker to en-CA, requested language was en-CA
[01/09/18, 12:56:57:285] info: Creating node-spellchecker instance
[01/09/18, 12:56:57:587] info: Unloading spellchecker
[01/09/18, 13:06:33:236] info: Restoring spellchecker
[01/09/18, 13:06:33:236] info: Loading dictionary for language en-CA
[01/09/18, 13:06:33:236] info: Returning local copy: /home/ryan/.config/Slack/dictionaries/en-CA.bdic
[01/09/18, 13:06:33:244] info: Setting current spellchecker to en-CA, requested language was en-CA
[01/09/18, 13:06:33:244] info: Creating node-spellchecker instance
[01/09/18, 13:06:35:262] info: Unloading spellchecker
[01/09/18, 13:06:37:140] info: Restoring spellchecker
[01/09/18, 13:06:37:140] info: Loading dictionary for language en-CA
[01/09/18, 13:06:37:140] info: Returning local copy: /home/ryan/.config/Slack/dictionaries/en-CA.bdic
[01/09/18, 13:06:37:143] info: Setting current spellchecker to en-CA, requested language was en-CA
[01/09/18, 13:06:37:155] info: Creating node-spellchecker instance
[01/09/18, 13:06:37:557] info: Unloading spellchecker
[01/09/18, 13:14:53:062] info: Restoring spellchecker
[01/09/18, 13:14:53:062] info: Loading dictionary for language en-CA
[01/09/18, 13:14:53:062] info: Returning local copy: /home/ryan/.config/Slack/dictionaries/en-CA.bdic
[01/09/18, 13:14:53:067] info: Unloading spellchecker
[01/09/18, 13:14:53:080] info: Restoring spellchecker
[01/09/18, 13:14:53:084] info: Loading dictionary for language en-CA
[01/09/18, 13:14:53:085] info: Returning local copy: /home/ryan/.config/Slack/dictionaries/en-CA.bdic
[01/09/18, 13:14:53:110] info: Setting current spellchecker to en-CA, requested language was en-CA
[01/09/18, 13:14:53:110] info: Creating node-spellchecker instance
[01/09/18, 13:14:53:112] info: Setting current spellchecker to en-CA, requested language was en-CA
[01/09/18, 13:14:54:056] info: Store: SAVE_WINDOW_SETTINGS
{
  "isMaximized": false,
  "position": [
    1,
    18
  ],
  "size": [
    1918,
    1042
  ]
}
[01/09/18, 13:14:56:254] info: Store: SELECT_CHANNEL C5BB1LT4J
[01/09/18, 13:14:56:539] info: Loading dictionary for language en-CA
[01/09/18, 13:14:56:539] info: Returning local copy: /home/ryan/.config/Slack/dictionaries/en-CA.bdic
[01/09/18, 13:14:56:540] info: Setting current spellchecker to en-CA, requested language was en-CA
[01/09/18, 13:15:18:910] info: Unloading spellchecker
[01/09/18, 13:18:32:487] info: Restoring spellchecker
[01/09/18, 13:18:32:488] info: Loading dictionary for language en-CA
[01/09/18, 13:18:32:488] info: Returning local copy: /home/ryan/.config/Slack/dictionaries/en-CA.bdic
[01/09/18, 13:18:32:497] info: Setting current spellchecker to en-CA, requested language was en-CA
[01/09/18, 13:18:32:497] info: Creating node-spellchecker instance
[01/09/18, 13:18:36:826] info: Store: SELECT_CHANNEL C2THZDE65
[01/09/18, 13:18:37:176] info: Loading dictionary for language en-CA
[01/09/18, 13:18:37:176] info: Returning local copy: /home/ryan/.config/Slack/dictionaries/en-CA.bdic
[01/09/18, 13:18:37:184] info: Setting current spellchecker to en-CA, requested language was en-CA
[01/09/18, 13:19:01:623] info: Unloading spellchecker
[01/09/18, 13:19:23:565] info: Restoring spellchecker
[01/09/18, 13:19:23:566] info: Loading dictionary for language en-CA
[01/09/18, 13:19:23:566] info: Returning local copy: /home/ryan/.config/Slack/dictionaries/en-CA.bdic
[01/09/18, 13:19:23:577] info: Setting current spellchecker to en-CA, requested language was en-CA
[01/09/18, 13:19:23:577] info: Creating node-spellchecker instance
[01/09/18, 13:19:29:334] info: Unloading spellchecker
[01/09/18, 13:19:32:709] info: Restoring spellchecker
[01/09/18, 13:19:32:709] info: Loading dictionary for language en-CA
[01/09/18, 13:19:32:709] info: Returning local copy: /home/ryan/.config/Slack/dictionaries/en-CA.bdic
[01/09/18, 13:19:32:722] info: Setting current spellchecker to en-CA, requested language was en-CA
[01/09/18, 13:19:32:722] info: Creating node-spellchecker instance
[01/09/18, 13:19:41:191] info: Unloading spellchecker
[01/09/18, 13:20:36:801] info: Restoring spellchecker
[01/09/18, 13:20:36:801] info: Loading dictionary for language en-CA
[01/09/18, 13:20:36:801] info: Returning local copy: /home/ryan/.config/Slack/dictionaries/en-CA.bdic
[01/09/18, 13:20:36:818] info: Setting current spellchecker to en-CA, requested language was en-CA
[01/09/18, 13:20:36:818] info: Creating node-spellchecker instance
[01/09/18, 13:20:38:106] info: Unloading spellchecker
[01/09/18, 13:22:05:192] info: Restoring spellchecker
[01/09/18, 13:22:05:192] info: Loading dictionary for language en-CA
[01/09/18, 13:22:05:192] info: Returning local copy: /home/ryan/.config/Slack/dictionaries/en-CA.bdic
[01/09/18, 13:22:05:205] info: Unloading spellchecker
[01/09/18, 13:22:05:224] info: Restoring spellchecker
[01/09/18, 13:22:05:224] info: Loading dictionary for language en-CA
[01/09/18, 13:22:05:224] info: Returning local copy: /home/ryan/.config/Slack/dictionaries/en-CA.bdic
[01/09/18, 13:22:05:247] info: Setting current spellchecker to en-CA, requested language was en-CA
[01/09/18, 13:22:05:248] info: Creating node-spellchecker instance
[01/09/18, 13:22:05:249] info: Setting current spellchecker to en-CA, requested language was en-CA
[01/09/18, 13:22:06:184] info: Store: SAVE_WINDOW_SETTINGS
{
  "isMaximized": false,
  "position": [
    1,
    18
  ],
  "size": [
    1918,
    1042
  ]
}
[01/09/18, 13:22:25:736] info: Unloading spellchecker
[01/09/18, 13:22:26:255] info: Restoring spellchecker
[01/09/18, 13:22:26:255] info: Loading dictionary for language en-CA
[01/09/18, 13:22:26:256] info: Returning local copy: /home/ryan/.config/Slack/dictionaries/en-CA.bdic
[01/09/18, 13:22:26:270] info: Setting current spellchecker to en-CA, requested language was en-CA
[01/09/18, 13:22:26:270] info: Creating node-spellchecker instance
[01/09/18, 13:22:26:445] info: Unloading spellchecker
[01/09/18, 13:24:33:089] info: Restoring spellchecker
[01/09/18, 13:24:33:090] info: Loading dictionary for language en-CA
[01/09/18, 13:24:33:090] info: Returning local copy: /home/ryan/.config/Slack/dictionaries/en-CA.bdic
[01/09/18, 13:24:33:094] info: Unloading spellchecker
[01/09/18, 13:24:33:115] info: Restoring spellchecker
[01/09/18, 13:24:33:115] info: Loading dictionary for language en-CA
[01/09/18, 13:24:33:116] info: Returning local copy: /home/ryan/.config/Slack/dictionaries/en-CA.bdic
[01/09/18, 13:24:33:150] info: Setting current spellchecker to en-CA, requested language was en-CA
[01/09/18, 13:24:33:150] info: Creating node-spellchecker instance
[01/09/18, 13:24:33:151] info: Setting current spellchecker to en-CA, requested language was en-CA
[01/09/18, 13:24:34:076] info: Store: SAVE_WINDOW_SETTINGS
{
  "isMaximized": false,
  "position": [
    1,
    18
  ],
  "size": [
    1918,
    1042
  ]
}
[01/09/18, 13:25:12:259] info: Unloading spellchecker
[01/09/18, 13:30:18:571] info: Restoring spellchecker
[01/09/18, 13:30:18:572] info: Loading dictionary for language en-CA
[01/09/18, 13:30:18:572] info: Returning local copy: /home/ryan/.config/Slack/dictionaries/en-CA.bdic
[01/09/18, 13:30:18:584] info: Setting current spellchecker to en-CA, requested language was en-CA
[01/09/18, 13:30:18:584] info: Creating node-spellchecker instance
[01/09/18, 13:30:18:933] info: Unloading spellchecker
[01/09/18, 14:14:26:990] error: Jan-9 14:14:26.990 SOCKET-MANAGER (T2616ES0G) Closing socket due to unknown error
[01/09/18, 14:14:46:700] info: Restoring spellchecker
[01/09/18, 14:14:46:701] info: Loading dictionary for language en-CA
[01/09/18, 14:14:46:701] info: Returning local copy: /home/ryan/.config/Slack/dictionaries/en-CA.bdic
[01/09/18, 14:14:46:705] info: Unloading spellchecker
[01/09/18, 14:14:46:731] info: Restoring spellchecker
[01/09/18, 14:14:46:731] info: Loading dictionary for language en-CA
[01/09/18, 14:14:46:731] info: Returning local copy: /home/ryan/.config/Slack/dictionaries/en-CA.bdic
[01/09/18, 14:14:46:790] info: Setting current spellchecker to en-CA, requested language was en-CA
[01/09/18, 14:14:46:790] info: Creating node-spellchecker instance
[01/09/18, 14:14:46:791] info: Setting current spellchecker to en-CA, requested language was en-CA
[01/09/18, 14:14:47:695] info: Store: SAVE_WINDOW_SETTINGS
{
  "isMaximized": false,
  "position": [
    1,
    18
  ],
  "size": [
    1918,
    1042
  ]
}
[01/09/18, 14:14:53:604] info: Unloading spellchecker
[01/09/18, 14:14:56:347] info: Restoring spellchecker
[01/09/18, 14:14:56:348] info: Loading dictionary for language en-CA
[01/09/18, 14:14:56:348] info: Returning local copy: /home/ryan/.config/Slack/dictionaries/en-CA.bdic
[01/09/18, 14:14:56:366] info: Setting current spellchecker to en-CA, requested language was en-CA
[01/09/18, 14:14:56:366] info: Creating node-spellchecker instance
[01/09/18, 14:14:59:545] info: Store: SELECT_CHANNEL C5BB1LT4J
[01/09/18, 14:14:59:838] info: Loading dictionary for language en-CA
[01/09/18, 14:14:59:839] info: Returning local copy: /home/ryan/.config/Slack/dictionaries/en-CA.bdic
[01/09/18, 14:14:59:840] info: Setting current spellchecker to en-CA, requested language was en-CA
[01/09/18, 14:15:00:197] error: 2018/1/9 14:15:00.197 logging error: {"subtype":"api_call_error","message":"{\"ok\":false,\"error\":\"_http_error\",\"status\":503,\"retry_after\":null}","stack":"Error\n    at Object.n [as logError] (https://a.slack-edge.com/bv1-1/rollup-core_required_ts.90096f9d6d847f7a5b0e.min.js:1:61876)\n    at e (https://a.slack-edge.com/bv1-1/rollup-secondary_a_required.1014587e8c54a2aec95e.min.js:1:135599)\n    at e (https://a.slack-edge.com/bv1-1/rollup-secondary_a_required.1014587e8c54a2aec95e.min.js:1:130798)\n    at e (https://a.slack-edge.com/bv1-1/rollup-secondary_a_required.1014587e8c54a2aec95e.min.js:1:132725)\n    at XMLHttpRequest.m.onreadystatechange (https://a.slack-edge.com/bv1-1/rollup-secondary_a_required.1014587e8c54a2aec95e.min.js:1:134100)"}
[01/09/18, 14:15:00:333] error: Jan-9 14:15:00.333 SOCKET-MANAGER (T2616ES0G) Closing socket due to unknown error
[01/09/18, 14:15:02:789] info: Unloading spellchecker
[01/09/18, 14:15:09:880] info: Restoring spellchecker
[01/09/18, 14:15:09:881] info: Loading dictionary for language en-CA
[01/09/18, 14:15:09:881] info: Returning local copy: /home/ryan/.config/Slack/dictionaries/en-CA.bdic
[01/09/18, 14:15:09:896] info: Setting current spellchecker to en-CA, requested language was en-CA
[01/09/18, 14:15:09:896] info: Creating node-spellchecker instance
[01/09/18, 14:15:12:412] info: Unloading spellchecker
