[01/09/18, 14:18:13:309] info: ╔═════════════════════════════════════════════════════════════════════════════════╗
[01/09/18, 14:18:13:310] info: ║      Slack 3.0.2, linux 4.10.0-42-generic on x64 at 01/09/18, 14:18:13:305      ║
[01/09/18, 14:18:13:310] info: ╚═════════════════════════════════════════════════════════════════════════════════╝
[01/09/18, 14:18:13:511] info: Initializing local storage instance at path: /home/ryan/.config/Slack/local-settings.json
[01/09/18, 14:18:24:268] info: Store: UPSERT_WEB_CONTENTS
{
  "id": 3,
  "state": "loaded",
  "teamId": "T2616ES0G"
}
[01/09/18, 14:18:32:777] warn: Tried to determine signed in status, but errored.
{
  "error": {
    "message": "Unexpected token < in JSON at position 0",
    "stack": "SyntaxError: Unexpected token < in JSON at position 0"
  }
}
[01/09/18, 14:18:32:779] info: Store: UPDATE_SESSION_STATUS
{
  "hasValidSession": null,
  "teamId": "T2616ES0G"
}
[01/09/18, 14:19:13:943] info: Store: SAVE_WINDOW_SETTINGS
{
  "isMaximized": false,
  "position": [
    1921,
    18
  ],
  "size": [
    1918,
    1162
  ]
}
[01/09/18, 14:19:15:745] info: Store: SAVE_WINDOW_SETTINGS
{
  "isMaximized": false,
  "position": [
    1,
    18
  ],
  "size": [
    1918,
    1042
  ]
}
[01/09/18, 14:35:43:497] info: Store: SAVE_WINDOW_SETTINGS
{
  "isMaximized": false,
  "position": [
    1,
    18
  ],
  "size": [
    1918,
    1042
  ]
}
[01/09/18, 14:35:43:550] info: Store: RELOAD
{
  "everything": false
}
