[01/14/18, 22:59:32:008] info: ╔═════════════════════════════════════════════════════════════════════════════════╗
[01/14/18, 22:59:32:009] info: ║      Slack 3.0.2, linux 4.13.0-26-generic on x64 at 01/14/18, 22:59:32:004      ║
[01/14/18, 22:59:32:009] info: ╚═════════════════════════════════════════════════════════════════════════════════╝
[01/14/18, 22:59:32:124] info: Initializing local storage instance at path: /home/ryan/.config/Slack/local-settings.json
[01/14/18, 22:59:32:412] info: updateSuspendResume: true
[01/14/18, 22:59:32:413] warn: updateSpellcheckerLanguage: Tried to update language, but spellchecker not initialized
[01/14/18, 22:59:36:246] info: Store: UPSERT_WEB_CONTENTS
{
  "id": 3,
  "state": "loaded",
  "teamId": "T2616ES0G"
}
[01/14/18, 22:59:36:273] info: Store: UPDATE_SESSION_STATUS
{
  "hasValidSession": true,
  "teamId": "T2616ES0G"
}
[01/14/18, 22:59:36:279] error: 2018/1/14 22:59:36.278 logging error: {"subtype":"api_call_error","message":"{\"ok\":false,\"error\":\"not_allowed\"}","stack":"Error\n    at Object.n [as logError] (https://a.slack-edge.com/bv1-1/rollup-core_required_ts.aebd03f1d3094a6c7afd.min.js:1:62496)\n    at e (https://a.slack-edge.com/bv1-1/rollup-secondary_a_required.9549f10472383a21a111.min.js:1:135653)\n    at e (https://a.slack-edge.com/bv1-1/rollup-secondary_a_required.9549f10472383a21a111.min.js:1:130852)\n    at e (https://a.slack-edge.com/bv1-1/rollup-secondary_a_required.9549f10472383a21a111.min.js:1:132447)\n    at XMLHttpRequest.m.onreadystatechange (https://a.slack-edge.com/bv1-1/rollup-secondary_a_required.9549f10472383a21a111.min.js:1:134145)"}
[01/14/18, 22:59:36:281] info: Store: SELECT_CHANNEL D8QBTJ0A2
[01/14/18, 22:59:36:281] info: Store: UPDATE_TEAM_LOCALE
{
  "locale": "en-US"
}
[01/14/18, 22:59:36:307] info: Store: SET_NETWORK_STATUS online
[01/14/18, 22:59:36:404] info: Store: UPDATE_TEAM_THEME
{
  "teamId": "T2616ES0G",
  "theme": {
    "active_item": "#4C9689",
    "active_item_text": "#FFFFFF",
    "active_presence": "#38978D",
    "badge": "#EB4D5C",
    "column_bg": "#4D394B",
    "hover_item": "#3E313C",
    "menu_bg": "#3E313C",
    "text_color": "#FFFFFF"
  }
}
[01/14/18, 22:59:36:405] info: Store: UPSERT_WEB_CONTENTS
{
  "id": 3,
  "state": "page-will-navigate",
  "teamId": "T2616ES0G"
}
[01/14/18, 22:59:36:411] error: 2018/1/14 22:59:36.411 logging error: {"subtype":"api_call_error","message":"{\"ok\":false,\"error\":\"_http_error\",\"status\":0,\"retry_after\":null}","stack":"Error\n    at Object.n [as logError] (https://a.slack-edge.com/bv1-1/rollup-core_required_ts.aebd03f1d3094a6c7afd.min.js:1:62496)\n    at e (https://a.slack-edge.com/bv1-1/rollup-secondary_a_required.9549f10472383a21a111.min.js:1:135653)\n    at e (https://a.slack-edge.com/bv1-1/rollup-secondary_a_required.9549f10472383a21a111.min.js:1:130852)\n    at e (https://a.slack-edge.com/bv1-1/rollup-secondary_a_required.9549f10472383a21a111.min.js:1:132779)\n    at XMLHttpRequest.m.onreadystatechange (https://a.slack-edge.com/bv1-1/rollup-secondary_a_required.9549f10472383a21a111.min.js:1:134154)"}
[01/14/18, 22:59:36:414] info: Window is unloading, winssb is no longer accessible
[01/14/18, 22:59:36:459] info: Store: SET_NETWORK_STATUS online
[01/14/18, 22:59:36:463] info: Store: UPSERT_WEB_CONTENTS
{
  "id": 3,
  "state": "page-will-navigate",
  "teamId": "T2616ES0G"
}
[01/14/18, 22:59:36:467] info: Window is unloading, winssb is no longer accessible
[01/14/18, 22:59:36:472] info: Store: UPDATE_SESSION_STATUS
{
  "hasValidSession": true,
  "teamId": "T2616ES0G"
}
[01/14/18, 22:59:37:164] info: Store: UPDATE_SESSION_STATUS
{
  "hasValidSession": true,
  "teamId": "T2616ES0G"
}
