[01/14/18, 22:59:32:093] info: ╔═════════════════════════════════════════════════════════════════════════════════╗
[01/14/18, 22:59:32:094] info: ║      Slack 3.0.2, linux 4.13.0-26-generic on x64 at 01/14/18, 22:59:32:089      ║
[01/14/18, 22:59:32:094] info: ╚═════════════════════════════════════════════════════════════════════════════════╝
[01/14/18, 22:59:32:300] info: Initializing local storage instance at path: /home/ryan/.config/Slack/local-settings.json
[01/14/18, 22:59:34:901] info: Store: UPSERT_WEB_CONTENTS
{
  "id": 3,
  "state": "loaded",
  "teamId": "T2616ES0G"
}
[01/14/18, 22:59:35:196] info: Store: UPDATE_SESSION_STATUS
{
  "hasValidSession": true,
  "teamId": "T2616ES0G"
}
[01/14/18, 22:59:35:347] info: Store: SELECT_CHANNEL D8QBTJ0A2
[01/14/18, 22:59:35:352] info: Store: UPDATE_TEAM_LOCALE
{
  "locale": "en-US"
}
[01/14/18, 22:59:36:246] info: Store: SET_NETWORK_STATUS online
[01/14/18, 22:59:36:249] warn: Base Component: Attempting to update LoadingScreen when unmounted.
[01/14/18, 22:59:36:306] info: Store: UPDATE_TEAM_THEME
{
  "teamId": "T2616ES0G",
  "theme": {
    "active_item": "#4C9689",
    "active_item_text": "#FFFFFF",
    "active_presence": "#38978D",
    "badge": "#EB4D5C",
    "column_bg": "#4D394B",
    "hover_item": "#3E313C",
    "menu_bg": "#3E313C",
    "text_color": "#FFFFFF"
  }
}
[01/14/18, 22:59:36:308] info: Store: UPSERT_WEB_CONTENTS
{
  "id": 3,
  "state": "page-will-navigate",
  "teamId": "T2616ES0G"
}
[01/14/18, 22:59:36:455] info: Store: SET_NETWORK_STATUS online
[01/14/18, 22:59:36:459] info: Store: UPSERT_WEB_CONTENTS
{
  "id": 3,
  "state": "page-will-navigate",
  "teamId": "T2616ES0G"
}
[01/14/18, 22:59:36:468] info: Store: UPDATE_SESSION_STATUS
{
  "hasValidSession": true,
  "teamId": "T2616ES0G"
}
[01/14/18, 22:59:36:608] info: Store: UPDATE_SESSION_STATUS
{
  "hasValidSession": true,
  "teamId": "T2616ES0G"
}
[01/14/18, 22:59:39:725] info: Store: UPSERT_WEB_CONTENTS
{
  "id": 3,
  "state": "loaded",
  "teamId": "T2616ES0G"
}
[01/14/18, 22:59:39:883] info: Store: UPDATE_SESSION_STATUS
{
  "hasValidSession": true,
  "teamId": "T2616ES0G"
}
[01/14/18, 22:59:40:205] info: Store: SELECT_CHANNEL D8QBTJ0A2
[01/14/18, 22:59:40:208] info: Store: UPDATE_TEAM_LOCALE
{
  "locale": "en-US"
}
[01/14/18, 22:59:41:115] info: Store: UPDATE_TEAM_THEME
{
  "teamId": "T2616ES0G",
  "theme": {
    "active_item": "#4C9689",
    "active_item_text": "#FFFFFF",
    "active_presence": "#38978D",
    "badge": "#EB4D5C",
    "column_bg": "#4D394B",
    "hover_item": "#3E313C",
    "menu_bg": "#3E313C",
    "text_color": "#FFFFFF"
  }
}
[01/14/18, 22:59:41:379] info: Store: UPDATE_TEAM_ICONS
{
  "icons": {
    "image_102": "https://slack-files2.s3-us-west-2.amazonaws.com/avatars/2017-01-25/132842497927_0dbc3c6e7e03990332f5_102.png",
    "image_132": "https://slack-files2.s3-us-west-2.amazonaws.com/avatars/2017-01-25/132842497927_0dbc3c6e7e03990332f5_132.png",
    "image_230": "https://slack-files2.s3-us-west-2.amazonaws.com/avatars/2017-01-25/132842497927_0dbc3c6e7e03990332f5_230.png",
    "image_34": "https://slack-files2.s3-us-west-2.amazonaws.com/avatars/2017-01-25/132842497927_0dbc3c6e7e03990332f5_34.png",
    "image_44": "https://slack-files2.s3-us-west-2.amazonaws.com/avatars/2017-01-25/132842497927_0dbc3c6e7e03990332f5_44.png",
    "image_68": "https://slack-files2.s3-us-west-2.amazonaws.com/avatars/2017-01-25/132842497927_0dbc3c6e7e03990332f5_68.png",
    "image_88": "https://slack-files2.s3-us-west-2.amazonaws.com/avatars/2017-01-25/132842497927_0dbc3c6e7e03990332f5_88.png",
    "image_original": "https://slack-files2.s3-us-west-2.amazonaws.com/avatars/2017-01-25/132842497927_0dbc3c6e7e03990332f5_original.png"
  },
  "teamId": "T2616ES0G"
}
[01/14/18, 22:59:41:654] info: Store: UPDATE_TEAM_LOCALE
{
  "locale": "en-US",
  "teamId": "T2616ES0G"
}
[01/14/18, 22:59:41:660] info: Store: UPSERT_WEB_CONTENTS
{
  "id": 3,
  "state": "webapp-loaded",
  "teamId": "T2616ES0G"
}
[01/15/18, 05:50:19:781] info: Store: SELECT_CHANNEL C72NXARUL
[01/15/18, 05:50:20:976] info: Store: UPDATE_TEAM_ICONS
{
  "icons": {
    "image_102": "https://slack-files2.s3-us-west-2.amazonaws.com/avatars/2017-01-25/132842497927_0dbc3c6e7e03990332f5_102.png",
    "image_132": "https://slack-files2.s3-us-west-2.amazonaws.com/avatars/2017-01-25/132842497927_0dbc3c6e7e03990332f5_132.png",
    "image_230": "https://slack-files2.s3-us-west-2.amazonaws.com/avatars/2017-01-25/132842497927_0dbc3c6e7e03990332f5_230.png",
    "image_34": "https://slack-files2.s3-us-west-2.amazonaws.com/avatars/2017-01-25/132842497927_0dbc3c6e7e03990332f5_34.png",
    "image_44": "https://slack-files2.s3-us-west-2.amazonaws.com/avatars/2017-01-25/132842497927_0dbc3c6e7e03990332f5_44.png",
    "image_68": "https://slack-files2.s3-us-west-2.amazonaws.com/avatars/2017-01-25/132842497927_0dbc3c6e7e03990332f5_68.png",
    "image_88": "https://slack-files2.s3-us-west-2.amazonaws.com/avatars/2017-01-25/132842497927_0dbc3c6e7e03990332f5_88.png",
    "image_original": "https://slack-files2.s3-us-west-2.amazonaws.com/avatars/2017-01-25/132842497927_0dbc3c6e7e03990332f5_original.png"
  },
  "teamId": "T2616ES0G"
}
[01/15/18, 05:50:21:045] info: Store: UPDATE_TEAM_LOCALE
{
  "locale": "en-US",
  "teamId": "T2616ES0G"
}
[01/15/18, 08:54:35:661] info: Store: UPDATE_TEAM_ICONS
{
  "icons": {
    "image_102": "https://slack-files2.s3-us-west-2.amazonaws.com/avatars/2017-01-25/132842497927_0dbc3c6e7e03990332f5_102.png",
    "image_132": "https://slack-files2.s3-us-west-2.amazonaws.com/avatars/2017-01-25/132842497927_0dbc3c6e7e03990332f5_132.png",
    "image_230": "https://slack-files2.s3-us-west-2.amazonaws.com/avatars/2017-01-25/132842497927_0dbc3c6e7e03990332f5_230.png",
    "image_34": "https://slack-files2.s3-us-west-2.amazonaws.com/avatars/2017-01-25/132842497927_0dbc3c6e7e03990332f5_34.png",
    "image_44": "https://slack-files2.s3-us-west-2.amazonaws.com/avatars/2017-01-25/132842497927_0dbc3c6e7e03990332f5_44.png",
    "image_68": "https://slack-files2.s3-us-west-2.amazonaws.com/avatars/2017-01-25/132842497927_0dbc3c6e7e03990332f5_68.png",
    "image_88": "https://slack-files2.s3-us-west-2.amazonaws.com/avatars/2017-01-25/132842497927_0dbc3c6e7e03990332f5_88.png",
    "image_original": "https://slack-files2.s3-us-west-2.amazonaws.com/avatars/2017-01-25/132842497927_0dbc3c6e7e03990332f5_original.png"
  },
  "teamId": "T2616ES0G"
}
[01/15/18, 08:54:35:926] info: Store: UPDATE_TEAM_LOCALE
{
  "locale": "en-US",
  "teamId": "T2616ES0G"
}
[01/15/18, 08:54:36:574] info: Store: SAVE_WINDOW_SETTINGS
{
  "isMaximized": false,
  "position": [
    1,
    18
  ],
  "size": [
    1918,
    1042
  ]
}
[01/15/18, 08:54:44:239] info: Store: SAVE_WINDOW_SETTINGS
{
  "isMaximized": false,
  "position": [
    1,
    18
  ],
  "size": [
    1918,
    1042
  ]
}
[01/15/18, 08:54:46:420] info: Store: SELECT_CHANNEL C2THZDE65
[01/15/18, 08:54:50:744] info: Store: SELECT_CHANNEL C2B5LM1KN
[01/15/18, 08:55:03:005] info: Store: SELECT_CHANNEL C72NXARUL
[01/15/18, 08:55:04:964] info: Store: SELECT_CHANNEL C5BB1LT4J
[01/15/18, 08:56:20:918] info: Store: SAVE_WINDOW_SETTINGS
{
  "isMaximized": false,
  "position": [
    1,
    18
  ],
  "size": [
    1918,
    1042
  ]
}
[01/15/18, 09:29:05:759] info: Store: SAVE_WINDOW_SETTINGS
{
  "isMaximized": false,
  "position": [
    1,
    18
  ],
  "size": [
    1918,
    1042
  ]
}
[01/15/18, 09:29:08:011] info: Store: SELECT_CHANNEL C2THZDE65
[01/15/18, 09:29:13:023] info: Store: SELECT_CHANNEL C262NGW94
[01/15/18, 09:29:14:233] info: Store: SELECT_CHANNEL C5BB1LT4J
[01/15/18, 09:29:16:172] info: Store: SELECT_CHANNEL C5K0V0MS5
[01/15/18, 09:29:19:588] info: Store: OPEN_CONTEXT_MENU
{
  "id": 3,
  "params": "[REDACTED]"
}
[01/15/18, 09:29:31:723] info: Store: SELECT_CHANNEL C6PGP4A1H
[01/15/18, 09:29:38:103] info: Store: SELECT_CHANNEL C5BB1LT4J
[01/15/18, 09:29:44:781] info: Store: SELECT_CHANNEL C261DLCDB
[01/15/18, 09:29:50:857] info: Store: SAVE_WINDOW_SETTINGS
{
  "isMaximized": false,
  "position": [
    1,
    18
  ],
  "size": [
    1918,
    1042
  ]
}
[01/15/18, 09:30:10:600] info: Store: SAVE_WINDOW_SETTINGS
{
  "isMaximized": false,
  "position": [
    1,
    18
  ],
  "size": [
    1918,
    1042
  ]
}
[01/15/18, 09:30:19:302] info: Store: SAVE_WINDOW_SETTINGS
{
  "isMaximized": false,
  "position": [
    1,
    18
  ],
  "size": [
    1918,
    1042
  ]
}
[01/15/18, 09:30:20:970] info: Store: SELECT_CHANNEL C2B5LM1KN
[01/15/18, 09:30:22:351] info: Store: SELECT_CHANNEL C261DLC2H
[01/15/18, 09:31:10:058] info: Store: SAVE_WINDOW_SETTINGS
{
  "isMaximized": false,
  "position": [
    1,
    18
  ],
  "size": [
    1918,
    1042
  ]
}
[01/15/18, 09:31:42:512] info: Store: SAVE_WINDOW_SETTINGS
{
  "isMaximized": false,
  "position": [
    1,
    18
  ],
  "size": [
    1918,
    1042
  ]
}
[01/15/18, 09:31:58:073] info: Store: SAVE_WINDOW_SETTINGS
{
  "isMaximized": false,
  "position": [
    1,
    18
  ],
  "size": [
    1918,
    1042
  ]
}
[01/15/18, 09:32:28:004] info: Store: SAVE_WINDOW_SETTINGS
{
  "isMaximized": false,
  "position": [
    1,
    18
  ],
  "size": [
    1918,
    1042
  ]
}
[01/15/18, 09:32:35:873] info: Store: SAVE_WINDOW_SETTINGS
{
  "isMaximized": false,
  "position": [
    1,
    18
  ],
  "size": [
    1918,
    1042
  ]
}
[01/15/18, 09:32:51:551] info: Store: SAVE_WINDOW_SETTINGS
{
  "isMaximized": false,
  "position": [
    1,
    18
  ],
  "size": [
    1918,
    1042
  ]
}
[01/15/18, 09:33:14:700] info: Store: SAVE_WINDOW_SETTINGS
{
  "isMaximized": false,
  "position": [
    1,
    18
  ],
  "size": [
    1918,
    1042
  ]
}
[01/15/18, 09:33:40:961] info: Store: SAVE_WINDOW_SETTINGS
{
  "isMaximized": false,
  "position": [
    1,
    18
  ],
  "size": [
    1918,
    1042
  ]
}
[01/15/18, 09:33:42:129] info: Store: SAVE_WINDOW_SETTINGS
{
  "isMaximized": false,
  "position": [
    1,
    18
  ],
  "size": [
    1918,
    1042
  ]
}
[01/15/18, 09:33:43:484] info: Store: SELECT_CHANNEL C2THZDE65
[01/15/18, 09:34:18:413] info: Store: SAVE_WINDOW_SETTINGS
{
  "isMaximized": false,
  "position": [
    1,
    18
  ],
  "size": [
    1918,
    1042
  ]
}
[01/15/18, 09:34:20:176] info: Store: SAVE_WINDOW_SETTINGS
{
  "isMaximized": false,
  "position": [
    1,
    18
  ],
  "size": [
    1918,
    1042
  ]
}
[01/15/18, 09:34:23:955] info: Store: SAVE_WINDOW_SETTINGS
{
  "isMaximized": false,
  "position": [
    1,
    18
  ],
  "size": [
    1918,
    1042
  ]
}
[01/15/18, 09:34:40:790] info: Store: SAVE_WINDOW_SETTINGS
{
  "isMaximized": false,
  "position": [
    1,
    18
  ],
  "size": [
    1918,
    1042
  ]
}
[01/15/18, 09:35:00:008] info: Store: SAVE_WINDOW_SETTINGS
{
  "isMaximized": false,
  "position": [
    1,
    18
  ],
  "size": [
    1918,
    1042
  ]
}
[01/15/18, 09:35:53:208] info: Store: SAVE_WINDOW_SETTINGS
{
  "isMaximized": false,
  "position": [
    1,
    18
  ],
  "size": [
    1918,
    1042
  ]
}
[01/15/18, 09:37:06:026] info: Store: SAVE_WINDOW_SETTINGS
{
  "isMaximized": false,
  "position": [
    1,
    18
  ],
  "size": [
    1918,
    1042
  ]
}
[01/15/18, 09:37:16:417] info: Store: SAVE_WINDOW_SETTINGS
{
  "isMaximized": false,
  "position": [
    1,
    18
  ],
  "size": [
    1918,
    1042
  ]
}
[01/15/18, 09:37:29:076] info: Store: SAVE_WINDOW_SETTINGS
{
  "isMaximized": false,
  "position": [
    1,
    18
  ],
  "size": [
    1918,
    1042
  ]
}
[01/15/18, 09:37:32:819] info: Store: SAVE_WINDOW_SETTINGS
{
  "isMaximized": false,
  "position": [
    1,
    18
  ],
  "size": [
    1918,
    1042
  ]
}
[01/15/18, 09:37:56:551] info: Store: SAVE_WINDOW_SETTINGS
{
  "isMaximized": false,
  "position": [
    1,
    18
  ],
  "size": [
    1918,
    1042
  ]
}
[01/15/18, 09:54:41:481] info: Store: SAVE_WINDOW_SETTINGS
{
  "isMaximized": false,
  "position": [
    1,
    18
  ],
  "size": [
    1918,
    1042
  ]
}
[01/15/18, 10:03:41:338] info: Store: SAVE_WINDOW_SETTINGS
{
  "isMaximized": false,
  "position": [
    1,
    18
  ],
  "size": [
    1918,
    1042
  ]
}
[01/15/18, 10:11:36:656] info: Store: SAVE_WINDOW_SETTINGS
{
  "isMaximized": false,
  "position": [
    1,
    18
  ],
  "size": [
    1918,
    1042
  ]
}
[01/15/18, 10:11:38:300] info: Store: SELECT_CHANNEL C262NGW94
[01/15/18, 10:13:02:009] info: Store: SAVE_WINDOW_SETTINGS
{
  "isMaximized": false,
  "position": [
    1,
    18
  ],
  "size": [
    1918,
    1042
  ]
}
[01/15/18, 10:13:03:635] info: Store: SELECT_CHANNEL D8QBTJ0A2
[01/15/18, 10:21:10:036] info: Store: SAVE_WINDOW_SETTINGS
{
  "isMaximized": false,
  "position": [
    1,
    18
  ],
  "size": [
    1918,
    1042
  ]
}
[01/15/18, 10:21:12:061] info: Store: SELECT_CHANNEL C5K0V0MS5
[01/15/18, 10:21:13:120] info: Store: SELECT_CHANNEL C6PGP4A1H
[01/15/18, 10:21:15:993] info: Store: SELECT_CHANNEL C2THZDE65
[01/15/18, 10:21:58:818] info: Store: SAVE_WINDOW_SETTINGS
{
  "isMaximized": false,
  "position": [
    1,
    18
  ],
  "size": [
    1918,
    1042
  ]
}
[01/15/18, 10:22:48:771] info: Store: SAVE_WINDOW_SETTINGS
{
  "isMaximized": false,
  "position": [
    1,
    18
  ],
  "size": [
    1918,
    1042
  ]
}
[01/15/18, 10:25:37:778] info: Store: NEW_NOTIFICATION
{
  "avatarImage": "https://ca.slack-edge.com/T2616ES0G-U26D458G4-g953702da2b6-512",
  "channel": "C44EZRM7C",
  "content": "[REDACTED]",
  "id": "MJ8MF5hWrprV8zM",
  "imageUri": null,
  "launchUri": "slack://channel?id=C44EZRM7C&message=1516029937.000119&team=T2616ES0G",
  "msg": "1516029937.000119",
  "silent": true,
  "subtitle": "",
  "teamId": "T2616ES0G",
  "title": "[REDACTED]"
}
[01/15/18, 10:28:59:925] info: Store: SAVE_WINDOW_SETTINGS
{
  "isMaximized": false,
  "position": [
    1,
    18
  ],
  "size": [
    1918,
    1042
  ]
}
[01/15/18, 10:37:04:733] info: Store: SAVE_WINDOW_SETTINGS
{
  "isMaximized": false,
  "position": [
    1,
    18
  ],
  "size": [
    1918,
    1042
  ]
}
[01/15/18, 10:39:49:588] info: Store: SELECT_CHANNEL C44EZRM7C
[01/15/18, 10:39:54:473] info: Store: SELECT_CHANNEL C6PGP4A1H
[01/15/18, 10:39:56:828] info: Store: SELECT_CHANNEL C2THZDE65
[01/15/18, 10:51:46:181] info: Store: NEW_NOTIFICATION
{
  "avatarImage": "https://ca.slack-edge.com/T2616ES0G-U28QA1SMB-40771dea8ca9-512",
  "channel": "D8QBTJ0A2",
  "content": "[REDACTED]",
  "id": "BPBxuDij5m5g7jz",
  "imageUri": null,
  "launchUri": "slack://channel?id=D8QBTJ0A2&message=1516031505.000612&team=T2616ES0G",
  "msg": "1516031505.000612",
  "silent": true,
  "subtitle": "",
  "teamId": "T2616ES0G",
  "title": "[REDACTED]"
}
[01/15/18, 10:51:47:450] info: Store: NEW_NOTIFICATION
{
  "avatarImage": "https://ca.slack-edge.com/T2616ES0G-U28QA1SMB-40771dea8ca9-512",
  "channel": "D8QBTJ0A2",
  "content": "[REDACTED]",
  "id": "E0RAF1sPWOW2yW7",
  "imageUri": null,
  "launchUri": "slack://channel?id=D8QBTJ0A2&message=1516031507.000111&team=T2616ES0G",
  "msg": "1516031507.000111",
  "silent": true,
  "subtitle": "",
  "teamId": "T2616ES0G",
  "title": "[REDACTED]"
}
[01/15/18, 10:52:50:260] info: Store: SELECT_CHANNEL D8QBTJ0A2
[01/15/18, 10:53:09:438] info: Store: SELECT_CHANNEL C2THZDE65
[01/15/18, 11:02:50:454] info: Store: NEW_NOTIFICATION
{
  "avatarImage": "https://ca.slack-edge.com/T2616ES0G-U28QA1SMB-40771dea8ca9-512",
  "channel": "D8QBTJ0A2",
  "content": "[REDACTED]",
  "id": "MJ8MF6tWrprmVO1",
  "imageUri": null,
  "launchUri": "slack://channel?id=D8QBTJ0A2&message=1516032170.000154&team=T2616ES0G",
  "msg": "1516032170.000154",
  "silent": true,
  "subtitle": "",
  "teamId": "T2616ES0G",
  "title": "[REDACTED]"
}
[01/15/18, 11:05:20:908] info: Store: SELECT_CHANNEL D8QBTJ0A2
[01/15/18, 11:06:47:992] info: Store: NEW_NOTIFICATION
{
  "avatarImage": "https://ca.slack-edge.com/T2616ES0G-U45C228CF-g9c3e23dc467-512",
  "channel": "D8T5AHBHT",
  "content": "[REDACTED]",
  "id": "krRyh5u9LwLW1PA",
  "imageUri": null,
  "launchUri": "slack://channel?id=D8T5AHBHT&message=1516032407.000504&team=T2616ES0G",
  "msg": "1516032407.000504",
  "silent": true,
  "subtitle": "",
  "teamId": "T2616ES0G",
  "title": "[REDACTED]"
}
[01/15/18, 11:06:59:490] info: Store: NEW_NOTIFICATION
{
  "avatarImage": "https://ca.slack-edge.com/T2616ES0G-U45C228CF-g9c3e23dc467-512",
  "channel": "D8T5AHBHT",
  "content": "[REDACTED]",
  "id": "Lv9LswCmpOpvOEP",
  "imageUri": null,
  "launchUri": "slack://channel?id=D8T5AHBHT&message=1516032419.000172&team=T2616ES0G",
  "msg": "1516032419.000172",
  "silent": true,
  "subtitle": "",
  "teamId": "T2616ES0G",
  "title": "[REDACTED]"
}
[01/15/18, 11:08:16:766] info: Store: SELECT_CHANNEL D8T5AHBHT
[01/15/18, 11:10:53:536] info: Store: SELECT_CHANNEL D8QBTJ0A2
[01/15/18, 11:11:06:507] info: Store: NEW_NOTIFICATION
{
  "avatarImage": "https://ca.slack-edge.com/T2616ES0G-U45C228CF-g9c3e23dc467-512",
  "channel": "D8T5AHBHT",
  "content": "[REDACTED]",
  "id": "wKpOcAFKj5jjWg1",
  "imageUri": null,
  "launchUri": "slack://channel?id=D8T5AHBHT&message=1516032666.000087&team=T2616ES0G",
  "msg": "1516032666.000087",
  "silent": true,
  "subtitle": "",
  "teamId": "T2616ES0G",
  "title": "[REDACTED]"
}
[01/15/18, 11:11:45:668] info: Store: SAVE_WINDOW_SETTINGS
{
  "isMaximized": false,
  "position": [
    1,
    18
  ],
  "size": [
    1918,
    1042
  ]
}
[01/15/18, 11:15:36:502] info: Store: SAVE_WINDOW_SETTINGS
{
  "isMaximized": false,
  "position": [
    1,
    18
  ],
  "size": [
    1918,
    1042
  ]
}
[01/15/18, 11:15:37:832] info: Store: SELECT_CHANNEL D8T5AHBHT
[01/15/18, 11:17:07:998] info: Store: SAVE_WINDOW_SETTINGS
{
  "isMaximized": false,
  "position": [
    1,
    18
  ],
  "size": [
    1918,
    1042
  ]
}
[01/15/18, 11:18:24:511] info: Store: SAVE_WINDOW_SETTINGS
{
  "isMaximized": false,
  "position": [
    1,
    18
  ],
  "size": [
    1918,
    1042
  ]
}
[01/15/18, 11:18:42:214] info: Store: SAVE_WINDOW_SETTINGS
{
  "isMaximized": false,
  "position": [
    1,
    18
  ],
  "size": [
    1918,
    1042
  ]
}
[01/15/18, 11:18:53:783] info: Store: SAVE_WINDOW_SETTINGS
{
  "isMaximized": false,
  "position": [
    1,
    18
  ],
  "size": [
    1918,
    1042
  ]
}
[01/15/18, 11:19:12:588] info: Store: SAVE_WINDOW_SETTINGS
{
  "isMaximized": false,
  "position": [
    1,
    18
  ],
  "size": [
    1918,
    1042
  ]
}
[01/15/18, 11:19:14:424] info: Store: SAVE_WINDOW_SETTINGS
{
  "isMaximized": false,
  "position": [
    1,
    18
  ],
  "size": [
    1918,
    1042
  ]
}
[01/15/18, 11:19:57:871] info: Store: SAVE_WINDOW_SETTINGS
{
  "isMaximized": false,
  "position": [
    1,
    18
  ],
  "size": [
    1918,
    1042
  ]
}
[01/15/18, 11:20:16:125] info: Store: SAVE_WINDOW_SETTINGS
{
  "isMaximized": false,
  "position": [
    1,
    18
  ],
  "size": [
    1918,
    1042
  ]
}
[01/15/18, 11:20:35:177] info: Store: SAVE_WINDOW_SETTINGS
{
  "isMaximized": false,
  "position": [
    1,
    18
  ],
  "size": [
    1918,
    1042
  ]
}
[01/15/18, 11:21:05:006] info: Store: SAVE_WINDOW_SETTINGS
{
  "isMaximized": false,
  "position": [
    1,
    18
  ],
  "size": [
    1918,
    1042
  ]
}
[01/15/18, 11:21:28:550] info: Store: SAVE_WINDOW_SETTINGS
{
  "isMaximized": false,
  "position": [
    1,
    18
  ],
  "size": [
    1918,
    1042
  ]
}
[01/15/18, 11:22:11:066] info: Store: SAVE_WINDOW_SETTINGS
{
  "isMaximized": false,
  "position": [
    1,
    18
  ],
  "size": [
    1918,
    1042
  ]
}
[01/15/18, 11:22:17:991] info: Store: SAVE_WINDOW_SETTINGS
{
  "isMaximized": false,
  "position": [
    1,
    18
  ],
  "size": [
    1918,
    512
  ]
}
[01/15/18, 11:22:41:124] info: Store: NEW_NOTIFICATION
{
  "avatarImage": "https://ca.slack-edge.com/T2616ES0G-U45C228CF-g9c3e23dc467-512",
  "channel": "D8T5AHBHT",
  "content": "[REDACTED]",
  "id": "rmkJH6HyAlAlXLZ",
  "imageUri": null,
  "launchUri": "slack://channel?id=D8T5AHBHT&message=1516033360.000428&team=T2616ES0G",
  "msg": "1516033360.000428",
  "silent": true,
  "subtitle": "",
  "teamId": "T2616ES0G",
  "title": "[REDACTED]"
}
[01/15/18, 11:23:14:349] info: Store: SAVE_WINDOW_SETTINGS
{
  "isMaximized": false,
  "position": [
    1,
    18
  ],
  "size": [
    1918,
    512
  ]
}
[01/15/18, 11:23:23:053] info: Store: OPEN_CONTEXT_MENU
{
  "id": 3,
  "params": "[REDACTED]"
}
[01/15/18, 11:23:35:121] info: Store: NEW_NOTIFICATION
{
  "avatarImage": "https://ca.slack-edge.com/T2616ES0G-U45C228CF-g9c3e23dc467-512",
  "channel": "D8T5AHBHT",
  "content": "[REDACTED]",
  "id": "RP6RuyIO5m5BKOm",
  "imageUri": null,
  "launchUri": "slack://channel?id=D8T5AHBHT&message=1516033414.000371&team=T2616ES0G",
  "msg": "1516033414.000371",
  "silent": true,
  "subtitle": "",
  "teamId": "T2616ES0G",
  "title": "[REDACTED]"
}
[01/15/18, 11:23:47:981] info: Store: NEW_NOTIFICATION
{
  "avatarImage": "https://ca.slack-edge.com/T2616ES0G-U45C228CF-g9c3e23dc467-512",
  "channel": "D8T5AHBHT",
  "content": "[REDACTED]",
  "id": "gnJrTKS30M0vLL8",
  "imageUri": null,
  "launchUri": "slack://channel?id=D8T5AHBHT&message=1516033427.000457&team=T2616ES0G",
  "msg": "1516033427.000457",
  "silent": true,
  "subtitle": "",
  "teamId": "T2616ES0G",
  "title": "[REDACTED]"
}
[01/15/18, 11:23:54:078] info: Store: NEW_NOTIFICATION
{
  "avatarImage": "https://ca.slack-edge.com/T2616ES0G-U45C228CF-g9c3e23dc467-512",
  "channel": "D8T5AHBHT",
  "content": "[REDACTED]",
  "id": "MJ8MFjTWrprnv6n",
  "imageUri": null,
  "launchUri": "slack://channel?id=D8T5AHBHT&message=1516033433.000553&team=T2616ES0G",
  "msg": "1516033433.000553",
  "silent": true,
  "subtitle": "",
  "teamId": "T2616ES0G",
  "title": "[REDACTED]"
}
[01/15/18, 11:24:01:491] info: Store: SAVE_WINDOW_SETTINGS
{
  "isMaximized": false,
  "position": [
    1,
    18
  ],
  "size": [
    1918,
    512
  ]
}
[01/15/18, 11:24:25:602] info: Store: SAVE_WINDOW_SETTINGS
{
  "isMaximized": false,
  "position": [
    1,
    18
  ],
  "size": [
    1918,
    512
  ]
}
[01/15/18, 11:26:25:945] info: Store: SELECT_CHANNEL G3AMQF8US
[01/15/18, 11:26:53:594] info: Store: SELECT_CHANNEL D8T5AHBHT
[01/15/18, 11:31:25:768] info: Store: SAVE_WINDOW_SETTINGS
{
  "isMaximized": false,
  "position": [
    1,
    18
  ],
  "size": [
    1918,
    512
  ]
}
[01/15/18, 11:31:45:338] info: Store: SELECT_CHANNEL C2THZDE65
[01/15/18, 11:36:12:390] info: Store: SAVE_WINDOW_SETTINGS
{
  "isMaximized": false,
  "position": [
    1,
    18
  ],
  "size": [
    1918,
    512
  ]
}
[01/15/18, 11:37:55:700] info: Store: SAVE_WINDOW_SETTINGS
{
  "isMaximized": false,
  "position": [
    1,
    18
  ],
  "size": [
    1918,
    512
  ]
}
[01/15/18, 11:40:04:278] info: Store: NEW_NOTIFICATION
{
  "avatarImage": "https://ca.slack-edge.com/T2616ES0G-U45C228CF-g9c3e23dc467-512",
  "channel": "D8T5AHBHT",
  "content": "[REDACTED]",
  "id": "y9P0fEUR812xkZ1",
  "imageUri": null,
  "launchUri": "slack://channel?id=D8T5AHBHT&message=1516034403.000578&team=T2616ES0G",
  "msg": "1516034403.000578",
  "silent": true,
  "subtitle": "",
  "teamId": "T2616ES0G",
  "title": "[REDACTED]"
}
[01/15/18, 11:40:13:485] info: Store: SELECT_CHANNEL D8T5AHBHT
[01/15/18, 11:42:42:407] info: Store: NEW_NOTIFICATION
{
  "avatarImage": "https://ca.slack-edge.com/T2616ES0G-U45C228CF-g9c3e23dc467-512",
  "channel": "D8T5AHBHT",
  "content": "[REDACTED]",
  "id": "V7OYTjcJYDVxypV",
  "imageUri": null,
  "launchUri": "slack://channel?id=D8T5AHBHT&message=1516034562.000113&team=T2616ES0G",
  "msg": "1516034562.000113",
  "silent": true,
  "subtitle": "",
  "teamId": "T2616ES0G",
  "title": "[REDACTED]"
}
[01/15/18, 11:42:50:076] info: Store: NEW_NOTIFICATION
{
  "avatarImage": "https://ca.slack-edge.com/T2616ES0G-U45C228CF-g9c3e23dc467-512",
  "channel": "D8T5AHBHT",
  "content": "[REDACTED]",
  "id": "ng5BtyfZxWAKpVJ",
  "imageUri": null,
  "launchUri": "slack://channel?id=D8T5AHBHT&message=1516034569.000385&team=T2616ES0G",
  "msg": "1516034569.000385",
  "silent": true,
  "subtitle": "",
  "teamId": "T2616ES0G",
  "title": "[REDACTED]"
}
[01/15/18, 11:42:54:028] info: Store: SAVE_WINDOW_SETTINGS
{
  "isMaximized": false,
  "position": [
    1,
    18
  ],
  "size": [
    1918,
    512
  ]
}
[01/15/18, 11:43:01:884] info: Store: NEW_NOTIFICATION
{
  "avatarImage": "https://ca.slack-edge.com/T2616ES0G-U45C228CF-g9c3e23dc467-512",
  "channel": "D8T5AHBHT",
  "content": "[REDACTED]",
  "id": "PzNPTyhj5yqQVYv",
  "imageUri": null,
  "launchUri": "slack://channel?id=D8T5AHBHT&message=1516034581.000256&team=T2616ES0G",
  "msg": "1516034581.000256",
  "silent": true,
  "subtitle": "",
  "teamId": "T2616ES0G",
  "title": "[REDACTED]"
}
[01/15/18, 11:43:15:467] info: Store: SAVE_WINDOW_SETTINGS
{
  "isMaximized": false,
  "position": [
    1,
    18
  ],
  "size": [
    1918,
    512
  ]
}
[01/15/18, 11:43:47:326] info: Store: NEW_NOTIFICATION
{
  "avatarImage": "https://ca.slack-edge.com/T2616ES0G-U45C228CF-g9c3e23dc467-512",
  "channel": "D8T5AHBHT",
  "content": "[REDACTED]",
  "id": "27k3TOi2kAPpjp0",
  "imageUri": null,
  "launchUri": "slack://channel?id=D8T5AHBHT&message=1516034627.000034&team=T2616ES0G",
  "msg": "1516034627.000034",
  "silent": true,
  "subtitle": "",
  "teamId": "T2616ES0G",
  "title": "[REDACTED]"
}
[01/15/18, 11:44:00:369] info: Store: SAVE_WINDOW_SETTINGS
{
  "isMaximized": false,
  "position": [
    1,
    18
  ],
  "size": [
    1918,
    512
  ]
}
[01/15/18, 11:44:41:772] info: Store: SAVE_WINDOW_SETTINGS
{
  "isMaximized": false,
  "position": [
    1,
    18
  ],
  "size": [
    1918,
    512
  ]
}
[01/15/18, 11:48:26:502] info: Store: OPEN_CONTEXT_MENU
{
  "id": 3,
  "params": "[REDACTED]"
}
[01/15/18, 11:48:40:790] info: Store: OPEN_CONTEXT_MENU
{
  "id": 3,
  "params": "[REDACTED]"
}
[01/15/18, 11:48:46:327] info: Store: SAVE_WINDOW_SETTINGS
{
  "isMaximized": false,
  "position": [
    1,
    18
  ],
  "size": [
    1918,
    1042
  ]
}
[01/15/18, 11:48:57:387] info: Store: OPEN_CONTEXT_MENU
{
  "id": 3,
  "params": "[REDACTED]"
}
[01/15/18, 11:49:04:149] info: Store: SAVE_WINDOW_SETTINGS
{
  "isMaximized": false,
  "position": [
    1,
    18
  ],
  "size": [
    1918,
    1042
  ]
}
[01/15/18, 11:49:25:224] info: Store: SAVE_WINDOW_SETTINGS
{
  "isMaximized": false,
  "position": [
    1,
    18
  ],
  "size": [
    1918,
    1042
  ]
}
[01/15/18, 11:49:30:776] info: Store: SAVE_WINDOW_SETTINGS
{
  "isMaximized": false,
  "position": [
    1,
    18
  ],
  "size": [
    1918,
    1042
  ]
}
[01/15/18, 11:49:40:027] info: Store: OPEN_CONTEXT_MENU
{
  "id": 3,
  "params": "[REDACTED]"
}
[01/15/18, 11:49:54:776] info: Store: SAVE_WINDOW_SETTINGS
{
  "isMaximized": false,
  "position": [
    1,
    18
  ],
  "size": [
    1918,
    1042
  ]
}
[01/15/18, 11:50:09:650] info: Store: SAVE_WINDOW_SETTINGS
{
  "isMaximized": false,
  "position": [
    1,
    18
  ],
  "size": [
    1918,
    1042
  ]
}
[01/15/18, 11:50:28:651] info: Store: SAVE_WINDOW_SETTINGS
{
  "isMaximized": false,
  "position": [
    1,
    18
  ],
  "size": [
    1918,
    1042
  ]
}
[01/15/18, 11:50:31:448] info: Store: OPEN_CONTEXT_MENU
{
  "id": 3,
  "params": "[REDACTED]"
}
[01/15/18, 11:50:31:795] info: Store: OPEN_CONTEXT_MENU
{
  "id": 3,
  "params": "[REDACTED]"
}
[01/15/18, 11:50:32:211] info: Store: OPEN_CONTEXT_MENU
{
  "id": 3,
  "params": "[REDACTED]"
}
[01/15/18, 12:00:31:268] info: Store: NEW_NOTIFICATION
{
  "avatarImage": "https://ca.slack-edge.com/T2616ES0G-U45C228CF-g9c3e23dc467-512",
  "channel": "D8T5AHBHT",
  "content": "[REDACTED]",
  "id": "3y14cAsDkAx7m3q",
  "imageUri": null,
  "launchUri": "slack://channel?id=D8T5AHBHT&message=1516035631.000066&team=T2616ES0G",
  "msg": "1516035631.000066",
  "silent": true,
  "subtitle": "",
  "teamId": "T2616ES0G",
  "title": "[REDACTED]"
}
[01/15/18, 12:03:56:788] info: Store: SAVE_WINDOW_SETTINGS
{
  "isMaximized": false,
  "position": [
    1,
    18
  ],
  "size": [
    1918,
    1042
  ]
}
[01/15/18, 12:04:02:453] info: Store: SAVE_WINDOW_SETTINGS
{
  "isMaximized": false,
  "position": [
    1,
    18
  ],
  "size": [
    1918,
    1042
  ]
}
[01/15/18, 12:04:24:939] info: Store: SAVE_WINDOW_SETTINGS
{
  "isMaximized": false,
  "position": [
    1,
    18
  ],
  "size": [
    1918,
    1042
  ]
}
[01/15/18, 12:10:38:518] info: Store: SAVE_WINDOW_SETTINGS
{
  "isMaximized": false,
  "position": [
    1,
    18
  ],
  "size": [
    1918,
    1042
  ]
}
[01/15/18, 12:10:57:231] info: Store: SAVE_WINDOW_SETTINGS
{
  "isMaximized": false,
  "position": [
    1,
    18
  ],
  "size": [
    1918,
    1042
  ]
}
[01/15/18, 12:11:28:231] info: Store: SAVE_WINDOW_SETTINGS
{
  "isMaximized": false,
  "position": [
    1,
    18
  ],
  "size": [
    1918,
    1042
  ]
}
[01/15/18, 12:11:43:640] info: Store: SAVE_WINDOW_SETTINGS
{
  "isMaximized": false,
  "position": [
    1,
    18
  ],
  "size": [
    1918,
    1042
  ]
}
[01/15/18, 12:13:08:314] info: Store: SAVE_WINDOW_SETTINGS
{
  "isMaximized": false,
  "position": [
    1,
    18
  ],
  "size": [
    1918,
    1042
  ]
}
[01/15/18, 12:13:39:312] info: Store: SAVE_WINDOW_SETTINGS
{
  "isMaximized": false,
  "position": [
    1,
    18
  ],
  "size": [
    1918,
    1042
  ]
}
[01/15/18, 12:14:58:601] info: Store: SAVE_WINDOW_SETTINGS
{
  "isMaximized": false,
  "position": [
    1,
    18
  ],
  "size": [
    1918,
    1042
  ]
}
[01/15/18, 12:15:06:504] info: Store: SAVE_WINDOW_SETTINGS
{
  "isMaximized": false,
  "position": [
    1,
    18
  ],
  "size": [
    1918,
    1042
  ]
}
[01/15/18, 12:15:10:939] info: Store: SAVE_WINDOW_SETTINGS
{
  "isMaximized": false,
  "position": [
    1,
    18
  ],
  "size": [
    1918,
    1042
  ]
}
[01/15/18, 12:15:13:779] info: Store: SAVE_WINDOW_SETTINGS
{
  "isMaximized": false,
  "position": [
    1,
    18
  ],
  "size": [
    1918,
    1042
  ]
}
[01/15/18, 12:15:20:616] info: Store: SAVE_WINDOW_SETTINGS
{
  "isMaximized": false,
  "position": [
    1,
    18
  ],
  "size": [
    1918,
    1042
  ]
}
[01/15/18, 12:15:30:152] info: Store: SAVE_WINDOW_SETTINGS
{
  "isMaximized": false,
  "position": [
    1,
    18
  ],
  "size": [
    1918,
    1042
  ]
}
[01/15/18, 12:15:35:827] info: Store: SAVE_WINDOW_SETTINGS
{
  "isMaximized": false,
  "position": [
    1,
    18
  ],
  "size": [
    1918,
    1042
  ]
}
[01/15/18, 12:15:40:816] info: Store: SAVE_WINDOW_SETTINGS
{
  "isMaximized": false,
  "position": [
    1,
    18
  ],
  "size": [
    1918,
    1042
  ]
}
[01/15/18, 12:15:53:080] info: Store: SAVE_WINDOW_SETTINGS
{
  "isMaximized": false,
  "position": [
    1,
    18
  ],
  "size": [
    1918,
    1042
  ]
}
[01/15/18, 12:16:27:292] info: Store: SAVE_WINDOW_SETTINGS
{
  "isMaximized": false,
  "position": [
    1,
    18
  ],
  "size": [
    1918,
    1042
  ]
}
[01/15/18, 12:16:33:371] info: Store: SAVE_WINDOW_SETTINGS
{
  "isMaximized": false,
  "position": [
    1,
    18
  ],
  "size": [
    1918,
    1042
  ]
}
[01/15/18, 12:16:37:958] info: Store: SAVE_WINDOW_SETTINGS
{
  "isMaximized": false,
  "position": [
    1,
    18
  ],
  "size": [
    1918,
    1042
  ]
}
[01/15/18, 12:16:50:204] info: Store: SAVE_WINDOW_SETTINGS
{
  "isMaximized": false,
  "position": [
    1,
    18
  ],
  "size": [
    1918,
    1042
  ]
}
[01/15/18, 12:16:55:310] info: Store: SAVE_WINDOW_SETTINGS
{
  "isMaximized": false,
  "position": [
    1,
    18
  ],
  "size": [
    1918,
    1042
  ]
}
[01/15/18, 12:16:56:935] info: Store: SAVE_WINDOW_SETTINGS
{
  "isMaximized": false,
  "position": [
    1,
    18
  ],
  "size": [
    1918,
    1042
  ]
}
[01/15/18, 12:18:04:661] info: Store: SAVE_WINDOW_SETTINGS
{
  "isMaximized": false,
  "position": [
    1,
    18
  ],
  "size": [
    1918,
    1042
  ]
}
[01/15/18, 12:18:43:197] info: Store: SAVE_WINDOW_SETTINGS
{
  "isMaximized": false,
  "position": [
    1,
    18
  ],
  "size": [
    1918,
    1042
  ]
}
[01/15/18, 12:18:50:715] info: Store: SAVE_WINDOW_SETTINGS
{
  "isMaximized": false,
  "position": [
    1,
    18
  ],
  "size": [
    1918,
    1042
  ]
}
[01/15/18, 12:19:11:644] info: Store: SAVE_WINDOW_SETTINGS
{
  "isMaximized": false,
  "position": [
    1,
    18
  ],
  "size": [
    1918,
    1042
  ]
}
[01/15/18, 12:19:24:771] info: Store: SAVE_WINDOW_SETTINGS
{
  "isMaximized": false,
  "position": [
    1,
    18
  ],
  "size": [
    1918,
    1042
  ]
}
[01/15/18, 12:19:34:557] info: Store: SAVE_WINDOW_SETTINGS
{
  "isMaximized": false,
  "position": [
    1,
    18
  ],
  "size": [
    1918,
    1042
  ]
}
[01/15/18, 12:19:35:973] info: Store: SAVE_WINDOW_SETTINGS
{
  "isMaximized": false,
  "position": [
    1,
    18
  ],
  "size": [
    1918,
    1042
  ]
}
[01/15/18, 12:19:37:884] info: Store: SAVE_WINDOW_SETTINGS
{
  "isMaximized": false,
  "position": [
    961,
    18
  ],
  "size": [
    958,
    1042
  ]
}
[01/15/18, 12:19:39:401] info: Store: SAVE_WINDOW_SETTINGS
{
  "isMaximized": false,
  "position": [
    961,
    18
  ],
  "size": [
    958,
    1042
  ]
}
[01/15/18, 12:20:06:200] info: Store: SAVE_WINDOW_SETTINGS
{
  "isMaximized": false,
  "position": [
    961,
    18
  ],
  "size": [
    958,
    1042
  ]
}
[01/15/18, 12:20:16:147] info: Store: SAVE_WINDOW_SETTINGS
{
  "isMaximized": false,
  "position": [
    1,
    1
  ],
  "size": [
    1918,
    529
  ]
}
[01/15/18, 12:20:20:137] info: Store: SAVE_WINDOW_SETTINGS
{
  "isMaximized": false,
  "position": [
    1,
    18
  ],
  "size": [
    1918,
    1042
  ]
}
[01/15/18, 12:24:15:164] info: Store: SAVE_WINDOW_SETTINGS
{
  "isMaximized": false,
  "position": [
    1,
    18
  ],
  "size": [
    958,
    1042
  ]
}
[01/15/18, 12:24:17:728] info: Store: SAVE_WINDOW_SETTINGS
{
  "isMaximized": false,
  "position": [
    1,
    18
  ],
  "size": [
    958,
    1042
  ]
}
[01/15/18, 12:24:38:259] info: Store: SAVE_WINDOW_SETTINGS
{
  "isMaximized": false,
  "position": [
    1,
    18
  ],
  "size": [
    958,
    1042
  ]
}
[01/15/18, 12:26:13:213] info: Store: SAVE_WINDOW_SETTINGS
{
  "isMaximized": false,
  "position": [
    1,
    18
  ],
  "size": [
    958,
    1042
  ]
}
[01/15/18, 12:26:14:598] info: Store: SAVE_WINDOW_SETTINGS
{
  "isMaximized": false,
  "position": [
    1,
    18
  ],
  "size": [
    1918,
    1042
  ]
}
[01/15/18, 12:26:27:965] info: Store: SAVE_WINDOW_SETTINGS
{
  "isMaximized": false,
  "position": [
    1,
    18
  ],
  "size": [
    1918,
    1042
  ]
}
[01/15/18, 12:26:30:767] info: Store: SAVE_WINDOW_SETTINGS
{
  "isMaximized": false,
  "position": [
    1,
    18
  ],
  "size": [
    958,
    1042
  ]
}
[01/15/18, 12:28:32:493] info: Store: SAVE_WINDOW_SETTINGS
{
  "isMaximized": false,
  "position": [
    1,
    18
  ],
  "size": [
    1918,
    1042
  ]
}
[01/15/18, 12:36:26:113] info: Store: SAVE_WINDOW_SETTINGS
{
  "isMaximized": false,
  "position": [
    1,
    18
  ],
  "size": [
    1918,
    1042
  ]
}
[01/15/18, 12:39:31:731] info: Store: SAVE_WINDOW_SETTINGS
{
  "isMaximized": false,
  "position": [
    1,
    18
  ],
  "size": [
    1918,
    1042
  ]
}
[01/15/18, 13:25:04:495] info: Store: NEW_NOTIFICATION
{
  "avatarImage": "https://ca.slack-edge.com/T2616ES0G-U329SM0JH-0b970ccf5fd1-512",
  "channel": "C72NXARUL",
  "content": "[REDACTED]",
  "id": "krRyhNt9Lw1PNGW",
  "imageUri": null,
  "launchUri": "slack://channel?id=C72NXARUL&message=1516040704.000028&team=T2616ES0G",
  "msg": "1516040704.000028",
  "silent": true,
  "subtitle": "",
  "teamId": "T2616ES0G",
  "title": "[REDACTED]"
}
[01/15/18, 13:45:08:111] info: Store: SAVE_WINDOW_SETTINGS
{
  "isMaximized": false,
  "position": [
    1,
    18
  ],
  "size": [
    1918,
    1042
  ]
}
[01/15/18, 13:45:12:829] info: Store: SELECT_CHANNEL C2B5LM1KN
[01/15/18, 13:45:17:067] info: Store: SELECT_CHANNEL C5BB1LT4J
[01/15/18, 13:45:18:404] info: Store: SELECT_CHANNEL C72NXARUL
[01/15/18, 13:45:22:944] info: Store: SELECT_CHANNEL C262NGW94
[01/15/18, 13:45:25:227] info: Store: SELECT_CHANNEL C6PGP4A1H
[01/15/18, 13:45:26:902] info: Store: SELECT_CHANNEL C5K0V0MS5
