[01/09/18, 14:18:23:901] info: ╔═════════════════════════════════════════════════════════════════════════════════╗
[01/09/18, 14:18:23:902] info: ║      Slack 3.0.2, linux 4.10.0-42-generic on x64 at 01/09/18, 14:18:23:897      ║
[01/09/18, 14:18:23:902] info: ╚═════════════════════════════════════════════════════════════════════════════════╝
[01/09/18, 14:18:23:994] info: Initializing local storage instance at path: /home/ryan/.config/Slack/local-settings.json
[01/09/18, 14:18:24:252] info: updateSuspendResume: true
[01/09/18, 14:18:24:253] warn: updateSpellcheckerLanguage: Tried to update language, but spellchecker not initialized
[01/09/18, 14:18:24:278] info: Store: UPSERT_WEB_CONTENTS
{
  "id": 3,
  "state": "loaded",
  "teamId": "T2616ES0G"
}
[01/09/18, 14:18:32:779] info: Store: UPDATE_SESSION_STATUS
{
  "hasValidSession": null,
  "teamId": "T2616ES0G"
}
[01/09/18, 14:19:13:943] info: Store: SAVE_WINDOW_SETTINGS
{
  "isMaximized": false,
  "position": [
    1921,
    18
  ],
  "size": [
    1918,
    1162
  ]
}
[01/09/18, 14:19:15:745] info: Store: SAVE_WINDOW_SETTINGS
{
  "isMaximized": false,
  "position": [
    1,
    18
  ],
  "size": [
    1918,
    1042
  ]
}
[01/09/18, 14:35:43:496] info: Store: SAVE_WINDOW_SETTINGS
{
  "isMaximized": false,
  "position": [
    1,
    18
  ],
  "size": [
    1918,
    1042
  ]
}
[01/09/18, 14:35:43:550] info: Store: RELOAD
{
  "everything": false
}
[01/09/18, 14:35:43:553] info: Window is unloading, winssb is no longer accessible
